[2025-12-08T10:54:42.533+0000] {local_task_job_runner.py:120} INFO - ::group::Pre task execution logs
[2025-12-08T10:54:42.826+0000] {taskinstance.py:2076} INFO - Dependencies all met for dep_context=non-requeueable deps ti=<TaskInstance: feature_materialization.build_daily_features manual__2025-12-08T10:54:02.283066+00:00 [queued]>
[2025-12-08T10:54:42.901+0000] {taskinstance.py:2076} INFO - Dependencies all met for dep_context=requeueable deps ti=<TaskInstance: feature_materialization.build_daily_features manual__2025-12-08T10:54:02.283066+00:00 [queued]>
[2025-12-08T10:54:42.922+0000] {taskinstance.py:2306} INFO - Starting attempt 1 of 3
[2025-12-08T10:54:43.032+0000] {taskinstance.py:2330} INFO - Executing <Task(_PythonDecoratedOperator): build_daily_features> on 2025-12-08 10:54:02.283066+00:00
[2025-12-08T10:54:43.068+0000] {standard_task_runner.py:63} INFO - Started process 1883 to run task
[2025-12-08T10:54:43.065+0000] {standard_task_runner.py:90} INFO - Running: ['***', 'tasks', 'run', 'feature_materialization', 'build_daily_features', 'manual__2025-12-08T10:54:02.283066+00:00', '--job-id', '207', '--raw', '--subdir', 'DAGS_FOLDER/feature_materialization_dag.py', '--cfg-path', '/tmp/tmp2dechpqr']
[2025-12-08T10:54:43.088+0000] {standard_task_runner.py:91} INFO - Job 207: Subtask build_daily_features
[2025-12-08T10:54:43.461+0000] {task_command.py:426} INFO - Running <TaskInstance: feature_materialization.build_daily_features manual__2025-12-08T10:54:02.283066+00:00 [running]> on host c00e3a560e41
[2025-12-08T10:54:44.301+0000] {taskinstance.py:2648} INFO - Exporting env vars: AIRFLOW_CTX_DAG_OWNER='nuru' AIRFLOW_CTX_DAG_ID='feature_materialization' AIRFLOW_CTX_TASK_ID='build_daily_features' AIRFLOW_CTX_EXECUTION_DATE='2025-12-08T10:54:02.283066+00:00' AIRFLOW_CTX_TRY_NUMBER='1' AIRFLOW_CTX_DAG_RUN_ID='manual__2025-12-08T10:54:02.283066+00:00'
[2025-12-08T10:54:44.306+0000] {taskinstance.py:430} INFO - ::endgroup::
[2025-12-08T10:54:44.973+0000] {taskinstance.py:441} INFO - ::group::Post task execution logs
[2025-12-08T10:54:44.978+0000] {taskinstance.py:2905} ERROR - Task failed with exception
Traceback (most recent call last):
  File "/home/airflow/.local/lib/python3.10/site-packages/airflow/models/taskinstance.py", line 465, in _execute_task
    result = _execute_callable(context=context, **execute_callable_kwargs)
  File "/home/airflow/.local/lib/python3.10/site-packages/airflow/models/taskinstance.py", line 432, in _execute_callable
    return execute_callable(context=context, **execute_callable_kwargs)
  File "/home/airflow/.local/lib/python3.10/site-packages/airflow/models/baseoperator.py", line 401, in wrapper
    return func(self, *args, **kwargs)
  File "/home/airflow/.local/lib/python3.10/site-packages/airflow/decorators/base.py", line 265, in execute
    return_value = super().execute(context)
  File "/home/airflow/.local/lib/python3.10/site-packages/airflow/models/baseoperator.py", line 401, in wrapper
    return func(self, *args, **kwargs)
  File "/home/airflow/.local/lib/python3.10/site-packages/airflow/operators/python.py", line 235, in execute
    return_value = self.execute_callable()
  File "/home/airflow/.local/lib/python3.10/site-packages/airflow/operators/python.py", line 252, in execute_callable
    return self.python_callable(*self.op_args, **self.op_kwargs)
  File "/opt/airflow/dags/feature_materialization_dag.py", line 130, in build_daily_features
    planting_df = _read_parquet_from_s3(BUCKET, _key_from_path(planting_path), storage)
  File "/opt/airflow/dags/feature_materialization_dag.py", line 42, in _read_parquet_from_s3
    resp = storage.s3_client.get_object(Bucket=bucket, Key=key)
  File "/home/airflow/.local/lib/python3.10/site-packages/botocore/client.py", line 565, in _api_call
    return self._make_api_call(operation_name, kwargs)
  File "/home/airflow/.local/lib/python3.10/site-packages/botocore/client.py", line 1021, in _make_api_call
    raise error_class(parsed_response, operation_name)
botocore.errorfactory.NoSuchKey: An error occurred (NoSuchKey) when calling the GetObject operation: The specified key does not exist.
[2025-12-08T10:54:45.054+0000] {taskinstance.py:1206} INFO - Marking task as UP_FOR_RETRY. dag_id=feature_materialization, task_id=build_daily_features, run_id=manual__2025-12-08T10:54:02.283066+00:00, execution_date=20251208T105402, start_date=20251208T105442, end_date=20251208T105445
[2025-12-08T10:54:45.128+0000] {standard_task_runner.py:110} ERROR - Failed to execute job 207 for task build_daily_features (An error occurred (NoSuchKey) when calling the GetObject operation: The specified key does not exist.; 1883)
[2025-12-08T10:54:45.208+0000] {local_task_job_runner.py:240} INFO - Task exited with return code 1
[2025-12-08T10:54:45.316+0000] {taskinstance.py:3503} INFO - 0 downstream tasks scheduled from follow-on schedule check
[2025-12-08T10:54:45.336+0000] {local_task_job_runner.py:222} INFO - ::endgroup::
