[2025-12-08T10:59:48.670+0000] {local_task_job_runner.py:120} INFO - ::group::Pre task execution logs
[2025-12-08T10:59:48.773+0000] {taskinstance.py:2076} INFO - Dependencies all met for dep_context=non-requeueable deps ti=<TaskInstance: feature_materialization.build_daily_features manual__2025-12-08T10:54:02.283066+00:00 [queued]>
[2025-12-08T10:59:48.795+0000] {taskinstance.py:2076} INFO - Dependencies all met for dep_context=requeueable deps ti=<TaskInstance: feature_materialization.build_daily_features manual__2025-12-08T10:54:02.283066+00:00 [queued]>
[2025-12-08T10:59:48.797+0000] {taskinstance.py:2306} INFO - Starting attempt 2 of 3
[2025-12-08T10:59:48.835+0000] {taskinstance.py:2330} INFO - Executing <Task(_PythonDecoratedOperator): build_daily_features> on 2025-12-08 10:54:02.283066+00:00
[2025-12-08T10:59:48.850+0000] {standard_task_runner.py:63} INFO - Started process 2251 to run task
[2025-12-08T10:59:48.858+0000] {standard_task_runner.py:90} INFO - Running: ['***', 'tasks', 'run', 'feature_materialization', 'build_daily_features', 'manual__2025-12-08T10:54:02.283066+00:00', '--job-id', '215', '--raw', '--subdir', 'DAGS_FOLDER/feature_materialization_dag.py', '--cfg-path', '/tmp/tmpg_kpwq8h']
[2025-12-08T10:59:48.866+0000] {standard_task_runner.py:91} INFO - Job 215: Subtask build_daily_features
[2025-12-08T10:59:49.082+0000] {task_command.py:426} INFO - Running <TaskInstance: feature_materialization.build_daily_features manual__2025-12-08T10:54:02.283066+00:00 [running]> on host c00e3a560e41
[2025-12-08T10:59:49.497+0000] {taskinstance.py:2648} INFO - Exporting env vars: AIRFLOW_CTX_DAG_OWNER='nuru' AIRFLOW_CTX_DAG_ID='feature_materialization' AIRFLOW_CTX_TASK_ID='build_daily_features' AIRFLOW_CTX_EXECUTION_DATE='2025-12-08T10:54:02.283066+00:00' AIRFLOW_CTX_TRY_NUMBER='2' AIRFLOW_CTX_DAG_RUN_ID='manual__2025-12-08T10:54:02.283066+00:00'
[2025-12-08T10:59:49.500+0000] {taskinstance.py:430} INFO - ::endgroup::
[2025-12-08T10:59:49.923+0000] {taskinstance.py:441} INFO - ::group::Post task execution logs
[2025-12-08T10:59:49.924+0000] {taskinstance.py:2905} ERROR - Task failed with exception
Traceback (most recent call last):
  File "/home/airflow/.local/lib/python3.10/site-packages/airflow/models/taskinstance.py", line 465, in _execute_task
    result = _execute_callable(context=context, **execute_callable_kwargs)
  File "/home/airflow/.local/lib/python3.10/site-packages/airflow/models/taskinstance.py", line 432, in _execute_callable
    return execute_callable(context=context, **execute_callable_kwargs)
  File "/home/airflow/.local/lib/python3.10/site-packages/airflow/models/baseoperator.py", line 401, in wrapper
    return func(self, *args, **kwargs)
  File "/home/airflow/.local/lib/python3.10/site-packages/airflow/decorators/base.py", line 265, in execute
    return_value = super().execute(context)
  File "/home/airflow/.local/lib/python3.10/site-packages/airflow/models/baseoperator.py", line 401, in wrapper
    return func(self, *args, **kwargs)
  File "/home/airflow/.local/lib/python3.10/site-packages/airflow/operators/python.py", line 235, in execute
    return_value = self.execute_callable()
  File "/home/airflow/.local/lib/python3.10/site-packages/airflow/operators/python.py", line 252, in execute_callable
    return self.python_callable(*self.op_args, **self.op_kwargs)
  File "/opt/airflow/dags/feature_materialization_dag.py", line 132, in build_daily_features
    sat_df = _read_parquet_from_s3(BUCKET, _key_from_path(satellite_path), storage)
  File "/opt/airflow/dags/feature_materialization_dag.py", line 42, in _read_parquet_from_s3
    resp = storage.s3_client.get_object(Bucket=bucket, Key=key)
  File "/home/airflow/.local/lib/python3.10/site-packages/botocore/client.py", line 565, in _api_call
    return self._make_api_call(operation_name, kwargs)
  File "/home/airflow/.local/lib/python3.10/site-packages/botocore/client.py", line 1021, in _make_api_call
    raise error_class(parsed_response, operation_name)
botocore.errorfactory.NoSuchKey: An error occurred (NoSuchKey) when calling the GetObject operation: The specified key does not exist.
[2025-12-08T10:59:49.958+0000] {taskinstance.py:1206} INFO - Marking task as UP_FOR_RETRY. dag_id=feature_materialization, task_id=build_daily_features, run_id=manual__2025-12-08T10:54:02.283066+00:00, execution_date=20251208T105402, start_date=20251208T105948, end_date=20251208T105949
[2025-12-08T10:59:49.982+0000] {standard_task_runner.py:110} ERROR - Failed to execute job 215 for task build_daily_features (An error occurred (NoSuchKey) when calling the GetObject operation: The specified key does not exist.; 2251)
[2025-12-08T10:59:50.009+0000] {local_task_job_runner.py:240} INFO - Task exited with return code 1
[2025-12-08T10:59:50.072+0000] {taskinstance.py:3503} INFO - 0 downstream tasks scheduled from follow-on schedule check
[2025-12-08T10:59:50.077+0000] {local_task_job_runner.py:222} INFO - ::endgroup::
