[2025-12-08T10:27:26.932+0000] {processor.py:161} INFO - Started process (PID=166) to work on /opt/airflow/dags/feature_materialization_dag.py
[2025-12-08T10:27:26.934+0000] {processor.py:830} INFO - Processing file /opt/airflow/dags/feature_materialization_dag.py for tasks to queue
[2025-12-08T10:27:26.948+0000] {logging_mixin.py:188} INFO - [2025-12-08T10:27:26.948+0000] {dagbag.py:545} INFO - Filling up the DagBag from /opt/airflow/dags/feature_materialization_dag.py
[2025-12-08T10:27:33.204+0000] {processor.py:840} INFO - DAG(s) 'feature_materialization' retrieved from /opt/airflow/dags/feature_materialization_dag.py
[2025-12-08T10:27:34.192+0000] {logging_mixin.py:188} INFO - [2025-12-08T10:27:34.185+0000] {override.py:1829} INFO - Created Permission View: can edit on DAG:feature_materialization
[2025-12-08T10:27:34.238+0000] {logging_mixin.py:188} INFO - [2025-12-08T10:27:34.237+0000] {override.py:1829} INFO - Created Permission View: can read on DAG:feature_materialization
[2025-12-08T10:27:34.264+0000] {logging_mixin.py:188} INFO - [2025-12-08T10:27:34.263+0000] {override.py:1829} INFO - Created Permission View: can delete on DAG:feature_materialization
[2025-12-08T10:27:34.266+0000] {logging_mixin.py:188} INFO - [2025-12-08T10:27:34.265+0000] {dag.py:3096} INFO - Sync 1 DAGs
[2025-12-08T10:27:34.314+0000] {logging_mixin.py:188} INFO - [2025-12-08T10:27:34.313+0000] {dag.py:3118} INFO - Creating ORM DAG for feature_materialization
[2025-12-08T10:27:34.316+0000] {logging_mixin.py:188} INFO - [2025-12-08T10:27:34.316+0000] {dag.py:3954} INFO - Setting next_dagrun for feature_materialization to None, run_after=None
[2025-12-08T10:27:34.398+0000] {processor.py:183} INFO - Processing /opt/airflow/dags/feature_materialization_dag.py took 7.516 seconds
[2025-12-08T10:28:04.637+0000] {processor.py:161} INFO - Started process (PID=242) to work on /opt/airflow/dags/feature_materialization_dag.py
[2025-12-08T10:28:04.639+0000] {processor.py:830} INFO - Processing file /opt/airflow/dags/feature_materialization_dag.py for tasks to queue
[2025-12-08T10:28:04.641+0000] {logging_mixin.py:188} INFO - [2025-12-08T10:28:04.641+0000] {dagbag.py:545} INFO - Filling up the DagBag from /opt/airflow/dags/feature_materialization_dag.py
[2025-12-08T10:28:05.953+0000] {processor.py:840} INFO - DAG(s) 'feature_materialization' retrieved from /opt/airflow/dags/feature_materialization_dag.py
[2025-12-08T10:28:06.022+0000] {logging_mixin.py:188} INFO - [2025-12-08T10:28:06.022+0000] {dag.py:3096} INFO - Sync 1 DAGs
[2025-12-08T10:28:06.053+0000] {logging_mixin.py:188} INFO - [2025-12-08T10:28:06.052+0000] {dag.py:3954} INFO - Setting next_dagrun for feature_materialization to None, run_after=None
[2025-12-08T10:28:06.100+0000] {processor.py:183} INFO - Processing /opt/airflow/dags/feature_materialization_dag.py took 1.482 seconds
[2025-12-08T10:28:36.363+0000] {processor.py:161} INFO - Started process (PID=299) to work on /opt/airflow/dags/feature_materialization_dag.py
[2025-12-08T10:28:36.365+0000] {processor.py:830} INFO - Processing file /opt/airflow/dags/feature_materialization_dag.py for tasks to queue
[2025-12-08T10:28:36.369+0000] {logging_mixin.py:188} INFO - [2025-12-08T10:28:36.368+0000] {dagbag.py:545} INFO - Filling up the DagBag from /opt/airflow/dags/feature_materialization_dag.py
[2025-12-08T10:28:37.992+0000] {processor.py:840} INFO - DAG(s) 'feature_materialization' retrieved from /opt/airflow/dags/feature_materialization_dag.py
[2025-12-08T10:28:38.089+0000] {logging_mixin.py:188} INFO - [2025-12-08T10:28:38.089+0000] {dag.py:3096} INFO - Sync 1 DAGs
[2025-12-08T10:28:38.119+0000] {logging_mixin.py:188} INFO - [2025-12-08T10:28:38.119+0000] {dag.py:3954} INFO - Setting next_dagrun for feature_materialization to None, run_after=None
[2025-12-08T10:28:38.173+0000] {processor.py:183} INFO - Processing /opt/airflow/dags/feature_materialization_dag.py took 1.835 seconds
[2025-12-08T10:29:08.301+0000] {processor.py:161} INFO - Started process (PID=353) to work on /opt/airflow/dags/feature_materialization_dag.py
[2025-12-08T10:29:08.303+0000] {processor.py:830} INFO - Processing file /opt/airflow/dags/feature_materialization_dag.py for tasks to queue
[2025-12-08T10:29:08.306+0000] {logging_mixin.py:188} INFO - [2025-12-08T10:29:08.305+0000] {dagbag.py:545} INFO - Filling up the DagBag from /opt/airflow/dags/feature_materialization_dag.py
[2025-12-08T10:29:09.649+0000] {processor.py:840} INFO - DAG(s) 'feature_materialization' retrieved from /opt/airflow/dags/feature_materialization_dag.py
[2025-12-08T10:29:09.738+0000] {logging_mixin.py:188} INFO - [2025-12-08T10:29:09.737+0000] {dag.py:3096} INFO - Sync 1 DAGs
[2025-12-08T10:29:09.785+0000] {logging_mixin.py:188} INFO - [2025-12-08T10:29:09.784+0000] {dag.py:3954} INFO - Setting next_dagrun for feature_materialization to None, run_after=None
[2025-12-08T10:29:09.832+0000] {processor.py:183} INFO - Processing /opt/airflow/dags/feature_materialization_dag.py took 1.551 seconds
[2025-12-08T10:29:40.727+0000] {processor.py:161} INFO - Started process (PID=373) to work on /opt/airflow/dags/feature_materialization_dag.py
[2025-12-08T10:29:40.729+0000] {processor.py:830} INFO - Processing file /opt/airflow/dags/feature_materialization_dag.py for tasks to queue
[2025-12-08T10:29:40.732+0000] {logging_mixin.py:188} INFO - [2025-12-08T10:29:40.731+0000] {dagbag.py:545} INFO - Filling up the DagBag from /opt/airflow/dags/feature_materialization_dag.py
[2025-12-08T10:29:42.140+0000] {processor.py:840} INFO - DAG(s) 'feature_materialization' retrieved from /opt/airflow/dags/feature_materialization_dag.py
[2025-12-08T10:29:42.215+0000] {logging_mixin.py:188} INFO - [2025-12-08T10:29:42.214+0000] {dag.py:3096} INFO - Sync 1 DAGs
[2025-12-08T10:29:42.246+0000] {logging_mixin.py:188} INFO - [2025-12-08T10:29:42.246+0000] {dag.py:3954} INFO - Setting next_dagrun for feature_materialization to None, run_after=None
[2025-12-08T10:29:42.300+0000] {processor.py:183} INFO - Processing /opt/airflow/dags/feature_materialization_dag.py took 1.596 seconds
[2025-12-08T10:30:12.588+0000] {processor.py:161} INFO - Started process (PID=405) to work on /opt/airflow/dags/feature_materialization_dag.py
[2025-12-08T10:30:12.591+0000] {processor.py:830} INFO - Processing file /opt/airflow/dags/feature_materialization_dag.py for tasks to queue
[2025-12-08T10:30:12.594+0000] {logging_mixin.py:188} INFO - [2025-12-08T10:30:12.594+0000] {dagbag.py:545} INFO - Filling up the DagBag from /opt/airflow/dags/feature_materialization_dag.py
[2025-12-08T10:30:13.563+0000] {processor.py:840} INFO - DAG(s) 'feature_materialization' retrieved from /opt/airflow/dags/feature_materialization_dag.py
[2025-12-08T10:30:13.614+0000] {logging_mixin.py:188} INFO - [2025-12-08T10:30:13.614+0000] {dag.py:3096} INFO - Sync 1 DAGs
[2025-12-08T10:30:13.645+0000] {logging_mixin.py:188} INFO - [2025-12-08T10:30:13.645+0000] {dag.py:3954} INFO - Setting next_dagrun for feature_materialization to None, run_after=None
[2025-12-08T10:30:13.690+0000] {processor.py:183} INFO - Processing /opt/airflow/dags/feature_materialization_dag.py took 1.122 seconds
[2025-12-08T10:30:44.507+0000] {processor.py:161} INFO - Started process (PID=437) to work on /opt/airflow/dags/feature_materialization_dag.py
[2025-12-08T10:30:44.509+0000] {processor.py:830} INFO - Processing file /opt/airflow/dags/feature_materialization_dag.py for tasks to queue
[2025-12-08T10:30:44.511+0000] {logging_mixin.py:188} INFO - [2025-12-08T10:30:44.511+0000] {dagbag.py:545} INFO - Filling up the DagBag from /opt/airflow/dags/feature_materialization_dag.py
[2025-12-08T10:30:45.383+0000] {processor.py:840} INFO - DAG(s) 'feature_materialization' retrieved from /opt/airflow/dags/feature_materialization_dag.py
[2025-12-08T10:30:45.423+0000] {logging_mixin.py:188} INFO - [2025-12-08T10:30:45.423+0000] {dag.py:3096} INFO - Sync 1 DAGs
[2025-12-08T10:30:45.441+0000] {logging_mixin.py:188} INFO - [2025-12-08T10:30:45.441+0000] {dag.py:3954} INFO - Setting next_dagrun for feature_materialization to None, run_after=None
[2025-12-08T10:30:45.477+0000] {processor.py:183} INFO - Processing /opt/airflow/dags/feature_materialization_dag.py took 0.985 seconds
[2025-12-08T10:31:16.355+0000] {processor.py:161} INFO - Started process (PID=469) to work on /opt/airflow/dags/feature_materialization_dag.py
[2025-12-08T10:31:16.356+0000] {processor.py:830} INFO - Processing file /opt/airflow/dags/feature_materialization_dag.py for tasks to queue
[2025-12-08T10:31:16.357+0000] {logging_mixin.py:188} INFO - [2025-12-08T10:31:16.357+0000] {dagbag.py:545} INFO - Filling up the DagBag from /opt/airflow/dags/feature_materialization_dag.py
[2025-12-08T10:31:17.341+0000] {processor.py:840} INFO - DAG(s) 'feature_materialization' retrieved from /opt/airflow/dags/feature_materialization_dag.py
[2025-12-08T10:31:17.394+0000] {logging_mixin.py:188} INFO - [2025-12-08T10:31:17.393+0000] {dag.py:3096} INFO - Sync 1 DAGs
[2025-12-08T10:31:17.412+0000] {logging_mixin.py:188} INFO - [2025-12-08T10:31:17.412+0000] {dag.py:3954} INFO - Setting next_dagrun for feature_materialization to None, run_after=None
[2025-12-08T10:31:17.477+0000] {processor.py:183} INFO - Processing /opt/airflow/dags/feature_materialization_dag.py took 1.134 seconds
[2025-12-08T10:31:47.667+0000] {processor.py:161} INFO - Started process (PID=501) to work on /opt/airflow/dags/feature_materialization_dag.py
[2025-12-08T10:31:47.669+0000] {processor.py:830} INFO - Processing file /opt/airflow/dags/feature_materialization_dag.py for tasks to queue
[2025-12-08T10:31:47.672+0000] {logging_mixin.py:188} INFO - [2025-12-08T10:31:47.671+0000] {dagbag.py:545} INFO - Filling up the DagBag from /opt/airflow/dags/feature_materialization_dag.py
[2025-12-08T10:31:48.621+0000] {processor.py:840} INFO - DAG(s) 'feature_materialization' retrieved from /opt/airflow/dags/feature_materialization_dag.py
[2025-12-08T10:31:48.675+0000] {logging_mixin.py:188} INFO - [2025-12-08T10:31:48.674+0000] {dag.py:3096} INFO - Sync 1 DAGs
[2025-12-08T10:31:48.693+0000] {logging_mixin.py:188} INFO - [2025-12-08T10:31:48.692+0000] {dag.py:3954} INFO - Setting next_dagrun for feature_materialization to None, run_after=None
[2025-12-08T10:31:48.729+0000] {processor.py:183} INFO - Processing /opt/airflow/dags/feature_materialization_dag.py took 1.084 seconds
[2025-12-08T10:32:19.381+0000] {processor.py:161} INFO - Started process (PID=533) to work on /opt/airflow/dags/feature_materialization_dag.py
[2025-12-08T10:32:19.382+0000] {processor.py:830} INFO - Processing file /opt/airflow/dags/feature_materialization_dag.py for tasks to queue
[2025-12-08T10:32:19.384+0000] {logging_mixin.py:188} INFO - [2025-12-08T10:32:19.384+0000] {dagbag.py:545} INFO - Filling up the DagBag from /opt/airflow/dags/feature_materialization_dag.py
[2025-12-08T10:32:20.256+0000] {processor.py:840} INFO - DAG(s) 'feature_materialization' retrieved from /opt/airflow/dags/feature_materialization_dag.py
[2025-12-08T10:32:20.304+0000] {logging_mixin.py:188} INFO - [2025-12-08T10:32:20.304+0000] {dag.py:3096} INFO - Sync 1 DAGs
[2025-12-08T10:32:20.333+0000] {logging_mixin.py:188} INFO - [2025-12-08T10:32:20.333+0000] {dag.py:3954} INFO - Setting next_dagrun for feature_materialization to None, run_after=None
[2025-12-08T10:32:20.378+0000] {processor.py:183} INFO - Processing /opt/airflow/dags/feature_materialization_dag.py took 1.013 seconds
[2025-12-08T10:32:51.033+0000] {processor.py:161} INFO - Started process (PID=563) to work on /opt/airflow/dags/feature_materialization_dag.py
[2025-12-08T10:32:51.035+0000] {processor.py:830} INFO - Processing file /opt/airflow/dags/feature_materialization_dag.py for tasks to queue
[2025-12-08T10:32:51.038+0000] {logging_mixin.py:188} INFO - [2025-12-08T10:32:51.037+0000] {dagbag.py:545} INFO - Filling up the DagBag from /opt/airflow/dags/feature_materialization_dag.py
[2025-12-08T10:32:52.847+0000] {processor.py:840} INFO - DAG(s) 'feature_materialization' retrieved from /opt/airflow/dags/feature_materialization_dag.py
[2025-12-08T10:32:52.979+0000] {logging_mixin.py:188} INFO - [2025-12-08T10:32:52.978+0000] {dag.py:3096} INFO - Sync 1 DAGs
[2025-12-08T10:32:53.026+0000] {logging_mixin.py:188} INFO - [2025-12-08T10:32:53.024+0000] {dag.py:3954} INFO - Setting next_dagrun for feature_materialization to None, run_after=None
[2025-12-08T10:32:53.106+0000] {processor.py:183} INFO - Processing /opt/airflow/dags/feature_materialization_dag.py took 2.100 seconds
[2025-12-08T10:33:23.853+0000] {processor.py:161} INFO - Started process (PID=583) to work on /opt/airflow/dags/feature_materialization_dag.py
[2025-12-08T10:33:23.855+0000] {processor.py:830} INFO - Processing file /opt/airflow/dags/feature_materialization_dag.py for tasks to queue
[2025-12-08T10:33:23.857+0000] {logging_mixin.py:188} INFO - [2025-12-08T10:33:23.856+0000] {dagbag.py:545} INFO - Filling up the DagBag from /opt/airflow/dags/feature_materialization_dag.py
[2025-12-08T10:33:24.700+0000] {processor.py:840} INFO - DAG(s) 'feature_materialization' retrieved from /opt/airflow/dags/feature_materialization_dag.py
[2025-12-08T10:33:24.765+0000] {logging_mixin.py:188} INFO - [2025-12-08T10:33:24.764+0000] {dag.py:3096} INFO - Sync 1 DAGs
[2025-12-08T10:33:24.790+0000] {logging_mixin.py:188} INFO - [2025-12-08T10:33:24.790+0000] {dag.py:3954} INFO - Setting next_dagrun for feature_materialization to None, run_after=None
[2025-12-08T10:33:24.832+0000] {processor.py:183} INFO - Processing /opt/airflow/dags/feature_materialization_dag.py took 0.995 seconds
[2025-12-08T10:33:55.792+0000] {processor.py:161} INFO - Started process (PID=615) to work on /opt/airflow/dags/feature_materialization_dag.py
[2025-12-08T10:33:55.794+0000] {processor.py:830} INFO - Processing file /opt/airflow/dags/feature_materialization_dag.py for tasks to queue
[2025-12-08T10:33:55.808+0000] {logging_mixin.py:188} INFO - [2025-12-08T10:33:55.796+0000] {dagbag.py:545} INFO - Filling up the DagBag from /opt/airflow/dags/feature_materialization_dag.py
[2025-12-08T10:33:57.266+0000] {processor.py:840} INFO - DAG(s) 'feature_materialization' retrieved from /opt/airflow/dags/feature_materialization_dag.py
[2025-12-08T10:33:57.343+0000] {logging_mixin.py:188} INFO - [2025-12-08T10:33:57.342+0000] {dag.py:3096} INFO - Sync 1 DAGs
[2025-12-08T10:33:57.392+0000] {logging_mixin.py:188} INFO - [2025-12-08T10:33:57.391+0000] {dag.py:3954} INFO - Setting next_dagrun for feature_materialization to None, run_after=None
[2025-12-08T10:33:57.448+0000] {processor.py:183} INFO - Processing /opt/airflow/dags/feature_materialization_dag.py took 1.697 seconds
[2025-12-08T10:34:28.282+0000] {processor.py:161} INFO - Started process (PID=647) to work on /opt/airflow/dags/feature_materialization_dag.py
[2025-12-08T10:34:28.284+0000] {processor.py:830} INFO - Processing file /opt/airflow/dags/feature_materialization_dag.py for tasks to queue
[2025-12-08T10:34:28.285+0000] {logging_mixin.py:188} INFO - [2025-12-08T10:34:28.285+0000] {dagbag.py:545} INFO - Filling up the DagBag from /opt/airflow/dags/feature_materialization_dag.py
[2025-12-08T10:34:28.986+0000] {processor.py:840} INFO - DAG(s) 'feature_materialization' retrieved from /opt/airflow/dags/feature_materialization_dag.py
[2025-12-08T10:34:29.034+0000] {logging_mixin.py:188} INFO - [2025-12-08T10:34:29.034+0000] {dag.py:3096} INFO - Sync 1 DAGs
[2025-12-08T10:34:29.055+0000] {logging_mixin.py:188} INFO - [2025-12-08T10:34:29.055+0000] {dag.py:3954} INFO - Setting next_dagrun for feature_materialization to None, run_after=None
[2025-12-08T10:34:29.093+0000] {processor.py:183} INFO - Processing /opt/airflow/dags/feature_materialization_dag.py took 0.823 seconds
[2025-12-08T10:34:59.877+0000] {processor.py:161} INFO - Started process (PID=679) to work on /opt/airflow/dags/feature_materialization_dag.py
[2025-12-08T10:34:59.879+0000] {processor.py:830} INFO - Processing file /opt/airflow/dags/feature_materialization_dag.py for tasks to queue
[2025-12-08T10:34:59.882+0000] {logging_mixin.py:188} INFO - [2025-12-08T10:34:59.881+0000] {dagbag.py:545} INFO - Filling up the DagBag from /opt/airflow/dags/feature_materialization_dag.py
[2025-12-08T10:35:00.837+0000] {processor.py:840} INFO - DAG(s) 'feature_materialization' retrieved from /opt/airflow/dags/feature_materialization_dag.py
[2025-12-08T10:35:00.908+0000] {logging_mixin.py:188} INFO - [2025-12-08T10:35:00.907+0000] {dag.py:3096} INFO - Sync 1 DAGs
[2025-12-08T10:35:00.934+0000] {logging_mixin.py:188} INFO - [2025-12-08T10:35:00.934+0000] {dag.py:3954} INFO - Setting next_dagrun for feature_materialization to None, run_after=None
[2025-12-08T10:35:00.987+0000] {processor.py:183} INFO - Processing /opt/airflow/dags/feature_materialization_dag.py took 1.129 seconds
[2025-12-08T10:35:31.970+0000] {processor.py:161} INFO - Started process (PID=711) to work on /opt/airflow/dags/feature_materialization_dag.py
[2025-12-08T10:35:31.983+0000] {processor.py:830} INFO - Processing file /opt/airflow/dags/feature_materialization_dag.py for tasks to queue
[2025-12-08T10:35:31.988+0000] {logging_mixin.py:188} INFO - [2025-12-08T10:35:31.986+0000] {dagbag.py:545} INFO - Filling up the DagBag from /opt/airflow/dags/feature_materialization_dag.py
[2025-12-08T10:35:33.596+0000] {processor.py:840} INFO - DAG(s) 'feature_materialization' retrieved from /opt/airflow/dags/feature_materialization_dag.py
[2025-12-08T10:35:33.688+0000] {logging_mixin.py:188} INFO - [2025-12-08T10:35:33.688+0000] {dag.py:3096} INFO - Sync 1 DAGs
[2025-12-08T10:35:33.726+0000] {logging_mixin.py:188} INFO - [2025-12-08T10:35:33.726+0000] {dag.py:3954} INFO - Setting next_dagrun for feature_materialization to None, run_after=None
[2025-12-08T10:35:33.780+0000] {processor.py:183} INFO - Processing /opt/airflow/dags/feature_materialization_dag.py took 1.867 seconds
[2025-12-08T10:36:04.387+0000] {processor.py:161} INFO - Started process (PID=743) to work on /opt/airflow/dags/feature_materialization_dag.py
[2025-12-08T10:36:04.388+0000] {processor.py:830} INFO - Processing file /opt/airflow/dags/feature_materialization_dag.py for tasks to queue
[2025-12-08T10:36:04.391+0000] {logging_mixin.py:188} INFO - [2025-12-08T10:36:04.390+0000] {dagbag.py:545} INFO - Filling up the DagBag from /opt/airflow/dags/feature_materialization_dag.py
[2025-12-08T10:36:05.333+0000] {processor.py:840} INFO - DAG(s) 'feature_materialization' retrieved from /opt/airflow/dags/feature_materialization_dag.py
[2025-12-08T10:36:05.411+0000] {logging_mixin.py:188} INFO - [2025-12-08T10:36:05.411+0000] {dag.py:3096} INFO - Sync 1 DAGs
[2025-12-08T10:36:05.444+0000] {logging_mixin.py:188} INFO - [2025-12-08T10:36:05.443+0000] {dag.py:3954} INFO - Setting next_dagrun for feature_materialization to None, run_after=None
[2025-12-08T10:36:05.504+0000] {processor.py:183} INFO - Processing /opt/airflow/dags/feature_materialization_dag.py took 1.139 seconds
[2025-12-08T10:36:38.261+0000] {processor.py:161} INFO - Started process (PID=773) to work on /opt/airflow/dags/feature_materialization_dag.py
[2025-12-08T10:36:38.264+0000] {processor.py:830} INFO - Processing file /opt/airflow/dags/feature_materialization_dag.py for tasks to queue
[2025-12-08T10:36:38.275+0000] {logging_mixin.py:188} INFO - [2025-12-08T10:36:38.274+0000] {dagbag.py:545} INFO - Filling up the DagBag from /opt/airflow/dags/feature_materialization_dag.py
[2025-12-08T10:36:42.148+0000] {processor.py:840} INFO - DAG(s) 'feature_materialization' retrieved from /opt/airflow/dags/feature_materialization_dag.py
[2025-12-08T10:36:42.337+0000] {logging_mixin.py:188} INFO - [2025-12-08T10:36:42.336+0000] {dag.py:3096} INFO - Sync 1 DAGs
[2025-12-08T10:36:42.425+0000] {logging_mixin.py:188} INFO - [2025-12-08T10:36:42.424+0000] {dag.py:3954} INFO - Setting next_dagrun for feature_materialization to None, run_after=None
[2025-12-08T10:36:42.492+0000] {processor.py:183} INFO - Processing /opt/airflow/dags/feature_materialization_dag.py took 4.958 seconds
[2025-12-08T10:37:13.333+0000] {processor.py:161} INFO - Started process (PID=793) to work on /opt/airflow/dags/feature_materialization_dag.py
[2025-12-08T10:37:13.336+0000] {processor.py:830} INFO - Processing file /opt/airflow/dags/feature_materialization_dag.py for tasks to queue
[2025-12-08T10:37:13.340+0000] {logging_mixin.py:188} INFO - [2025-12-08T10:37:13.339+0000] {dagbag.py:545} INFO - Filling up the DagBag from /opt/airflow/dags/feature_materialization_dag.py
[2025-12-08T10:37:14.359+0000] {processor.py:840} INFO - DAG(s) 'feature_materialization' retrieved from /opt/airflow/dags/feature_materialization_dag.py
[2025-12-08T10:37:14.464+0000] {logging_mixin.py:188} INFO - [2025-12-08T10:37:14.464+0000] {dag.py:3096} INFO - Sync 1 DAGs
[2025-12-08T10:37:14.501+0000] {logging_mixin.py:188} INFO - [2025-12-08T10:37:14.500+0000] {dag.py:3954} INFO - Setting next_dagrun for feature_materialization to None, run_after=None
[2025-12-08T10:37:14.556+0000] {processor.py:183} INFO - Processing /opt/airflow/dags/feature_materialization_dag.py took 1.239 seconds
[2025-12-08T10:37:45.631+0000] {processor.py:161} INFO - Started process (PID=825) to work on /opt/airflow/dags/feature_materialization_dag.py
[2025-12-08T10:37:45.632+0000] {processor.py:830} INFO - Processing file /opt/airflow/dags/feature_materialization_dag.py for tasks to queue
[2025-12-08T10:37:45.634+0000] {logging_mixin.py:188} INFO - [2025-12-08T10:37:45.633+0000] {dagbag.py:545} INFO - Filling up the DagBag from /opt/airflow/dags/feature_materialization_dag.py
[2025-12-08T10:37:46.607+0000] {processor.py:840} INFO - DAG(s) 'feature_materialization' retrieved from /opt/airflow/dags/feature_materialization_dag.py
[2025-12-08T10:37:46.691+0000] {logging_mixin.py:188} INFO - [2025-12-08T10:37:46.690+0000] {dag.py:3096} INFO - Sync 1 DAGs
[2025-12-08T10:37:46.729+0000] {logging_mixin.py:188} INFO - [2025-12-08T10:37:46.728+0000] {dag.py:3954} INFO - Setting next_dagrun for feature_materialization to None, run_after=None
[2025-12-08T10:37:46.777+0000] {processor.py:183} INFO - Processing /opt/airflow/dags/feature_materialization_dag.py took 1.166 seconds
[2025-12-08T10:38:17.048+0000] {processor.py:161} INFO - Started process (PID=857) to work on /opt/airflow/dags/feature_materialization_dag.py
[2025-12-08T10:38:17.050+0000] {processor.py:830} INFO - Processing file /opt/airflow/dags/feature_materialization_dag.py for tasks to queue
[2025-12-08T10:38:17.053+0000] {logging_mixin.py:188} INFO - [2025-12-08T10:38:17.052+0000] {dagbag.py:545} INFO - Filling up the DagBag from /opt/airflow/dags/feature_materialization_dag.py
[2025-12-08T10:38:18.121+0000] {processor.py:840} INFO - DAG(s) 'feature_materialization' retrieved from /opt/airflow/dags/feature_materialization_dag.py
[2025-12-08T10:38:18.206+0000] {logging_mixin.py:188} INFO - [2025-12-08T10:38:18.206+0000] {dag.py:3096} INFO - Sync 1 DAGs
[2025-12-08T10:38:18.246+0000] {logging_mixin.py:188} INFO - [2025-12-08T10:38:18.246+0000] {dag.py:3954} INFO - Setting next_dagrun for feature_materialization to None, run_after=None
[2025-12-08T10:38:18.315+0000] {processor.py:183} INFO - Processing /opt/airflow/dags/feature_materialization_dag.py took 1.294 seconds
[2025-12-08T10:38:48.759+0000] {processor.py:161} INFO - Started process (PID=889) to work on /opt/airflow/dags/feature_materialization_dag.py
[2025-12-08T10:38:48.761+0000] {processor.py:830} INFO - Processing file /opt/airflow/dags/feature_materialization_dag.py for tasks to queue
[2025-12-08T10:38:48.765+0000] {logging_mixin.py:188} INFO - [2025-12-08T10:38:48.764+0000] {dagbag.py:545} INFO - Filling up the DagBag from /opt/airflow/dags/feature_materialization_dag.py
[2025-12-08T10:38:49.772+0000] {processor.py:840} INFO - DAG(s) 'feature_materialization' retrieved from /opt/airflow/dags/feature_materialization_dag.py
[2025-12-08T10:38:49.849+0000] {logging_mixin.py:188} INFO - [2025-12-08T10:38:49.848+0000] {dag.py:3096} INFO - Sync 1 DAGs
[2025-12-08T10:38:49.882+0000] {logging_mixin.py:188} INFO - [2025-12-08T10:38:49.882+0000] {dag.py:3954} INFO - Setting next_dagrun for feature_materialization to None, run_after=None
[2025-12-08T10:38:49.943+0000] {processor.py:183} INFO - Processing /opt/airflow/dags/feature_materialization_dag.py took 1.207 seconds
[2025-12-08T10:39:20.607+0000] {processor.py:161} INFO - Started process (PID=921) to work on /opt/airflow/dags/feature_materialization_dag.py
[2025-12-08T10:39:20.610+0000] {processor.py:830} INFO - Processing file /opt/airflow/dags/feature_materialization_dag.py for tasks to queue
[2025-12-08T10:39:20.622+0000] {logging_mixin.py:188} INFO - [2025-12-08T10:39:20.621+0000] {dagbag.py:545} INFO - Filling up the DagBag from /opt/airflow/dags/feature_materialization_dag.py
[2025-12-08T10:39:22.707+0000] {processor.py:840} INFO - DAG(s) 'feature_materialization' retrieved from /opt/airflow/dags/feature_materialization_dag.py
[2025-12-08T10:39:22.858+0000] {logging_mixin.py:188} INFO - [2025-12-08T10:39:22.856+0000] {dag.py:3096} INFO - Sync 1 DAGs
[2025-12-08T10:39:22.922+0000] {logging_mixin.py:188} INFO - [2025-12-08T10:39:22.922+0000] {dag.py:3954} INFO - Setting next_dagrun for feature_materialization to None, run_after=None
[2025-12-08T10:39:23.003+0000] {processor.py:183} INFO - Processing /opt/airflow/dags/feature_materialization_dag.py took 2.451 seconds
[2025-12-08T10:39:53.704+0000] {processor.py:161} INFO - Started process (PID=953) to work on /opt/airflow/dags/feature_materialization_dag.py
[2025-12-08T10:39:53.707+0000] {processor.py:830} INFO - Processing file /opt/airflow/dags/feature_materialization_dag.py for tasks to queue
[2025-12-08T10:39:53.710+0000] {logging_mixin.py:188} INFO - [2025-12-08T10:39:53.709+0000] {dagbag.py:545} INFO - Filling up the DagBag from /opt/airflow/dags/feature_materialization_dag.py
[2025-12-08T10:39:55.065+0000] {processor.py:840} INFO - DAG(s) 'feature_materialization' retrieved from /opt/airflow/dags/feature_materialization_dag.py
[2025-12-08T10:39:55.168+0000] {logging_mixin.py:188} INFO - [2025-12-08T10:39:55.168+0000] {dag.py:3096} INFO - Sync 1 DAGs
[2025-12-08T10:39:55.210+0000] {logging_mixin.py:188} INFO - [2025-12-08T10:39:55.209+0000] {dag.py:3954} INFO - Setting next_dagrun for feature_materialization to None, run_after=None
[2025-12-08T10:39:55.290+0000] {processor.py:183} INFO - Processing /opt/airflow/dags/feature_materialization_dag.py took 1.618 seconds
[2025-12-08T10:40:25.842+0000] {processor.py:161} INFO - Started process (PID=983) to work on /opt/airflow/dags/feature_materialization_dag.py
[2025-12-08T10:40:25.844+0000] {processor.py:830} INFO - Processing file /opt/airflow/dags/feature_materialization_dag.py for tasks to queue
[2025-12-08T10:40:25.848+0000] {logging_mixin.py:188} INFO - [2025-12-08T10:40:25.847+0000] {dagbag.py:545} INFO - Filling up the DagBag from /opt/airflow/dags/feature_materialization_dag.py
[2025-12-08T10:40:27.440+0000] {processor.py:840} INFO - DAG(s) 'feature_materialization' retrieved from /opt/airflow/dags/feature_materialization_dag.py
[2025-12-08T10:40:27.543+0000] {logging_mixin.py:188} INFO - [2025-12-08T10:40:27.542+0000] {dag.py:3096} INFO - Sync 1 DAGs
[2025-12-08T10:40:27.594+0000] {logging_mixin.py:188} INFO - [2025-12-08T10:40:27.593+0000] {dag.py:3954} INFO - Setting next_dagrun for feature_materialization to None, run_after=None
[2025-12-08T10:40:27.678+0000] {processor.py:183} INFO - Processing /opt/airflow/dags/feature_materialization_dag.py took 1.859 seconds
[2025-12-08T10:40:58.035+0000] {processor.py:161} INFO - Started process (PID=1003) to work on /opt/airflow/dags/feature_materialization_dag.py
[2025-12-08T10:40:58.037+0000] {processor.py:830} INFO - Processing file /opt/airflow/dags/feature_materialization_dag.py for tasks to queue
[2025-12-08T10:40:58.040+0000] {logging_mixin.py:188} INFO - [2025-12-08T10:40:58.039+0000] {dagbag.py:545} INFO - Filling up the DagBag from /opt/airflow/dags/feature_materialization_dag.py
[2025-12-08T10:40:59.475+0000] {processor.py:840} INFO - DAG(s) 'feature_materialization' retrieved from /opt/airflow/dags/feature_materialization_dag.py
[2025-12-08T10:40:59.565+0000] {logging_mixin.py:188} INFO - [2025-12-08T10:40:59.564+0000] {dag.py:3096} INFO - Sync 1 DAGs
[2025-12-08T10:40:59.602+0000] {logging_mixin.py:188} INFO - [2025-12-08T10:40:59.601+0000] {dag.py:3954} INFO - Setting next_dagrun for feature_materialization to None, run_after=None
[2025-12-08T10:40:59.650+0000] {processor.py:183} INFO - Processing /opt/airflow/dags/feature_materialization_dag.py took 1.635 seconds
[2025-12-08T10:41:29.865+0000] {processor.py:161} INFO - Started process (PID=1035) to work on /opt/airflow/dags/feature_materialization_dag.py
[2025-12-08T10:41:29.866+0000] {processor.py:830} INFO - Processing file /opt/airflow/dags/feature_materialization_dag.py for tasks to queue
[2025-12-08T10:41:29.869+0000] {logging_mixin.py:188} INFO - [2025-12-08T10:41:29.869+0000] {dagbag.py:545} INFO - Filling up the DagBag from /opt/airflow/dags/feature_materialization_dag.py
[2025-12-08T10:41:31.277+0000] {processor.py:840} INFO - DAG(s) 'feature_materialization' retrieved from /opt/airflow/dags/feature_materialization_dag.py
[2025-12-08T10:41:31.343+0000] {logging_mixin.py:188} INFO - [2025-12-08T10:41:31.343+0000] {dag.py:3096} INFO - Sync 1 DAGs
[2025-12-08T10:41:31.368+0000] {logging_mixin.py:188} INFO - [2025-12-08T10:41:31.367+0000] {dag.py:3954} INFO - Setting next_dagrun for feature_materialization to None, run_after=None
[2025-12-08T10:41:31.416+0000] {processor.py:183} INFO - Processing /opt/airflow/dags/feature_materialization_dag.py took 1.570 seconds
[2025-12-08T10:42:01.933+0000] {processor.py:161} INFO - Started process (PID=1067) to work on /opt/airflow/dags/feature_materialization_dag.py
[2025-12-08T10:42:01.935+0000] {processor.py:830} INFO - Processing file /opt/airflow/dags/feature_materialization_dag.py for tasks to queue
[2025-12-08T10:42:01.938+0000] {logging_mixin.py:188} INFO - [2025-12-08T10:42:01.937+0000] {dagbag.py:545} INFO - Filling up the DagBag from /opt/airflow/dags/feature_materialization_dag.py
[2025-12-08T10:42:03.071+0000] {processor.py:840} INFO - DAG(s) 'feature_materialization' retrieved from /opt/airflow/dags/feature_materialization_dag.py
[2025-12-08T10:42:03.141+0000] {logging_mixin.py:188} INFO - [2025-12-08T10:42:03.141+0000] {dag.py:3096} INFO - Sync 1 DAGs
[2025-12-08T10:42:03.171+0000] {logging_mixin.py:188} INFO - [2025-12-08T10:42:03.170+0000] {dag.py:3954} INFO - Setting next_dagrun for feature_materialization to None, run_after=None
[2025-12-08T10:42:03.224+0000] {processor.py:183} INFO - Processing /opt/airflow/dags/feature_materialization_dag.py took 1.314 seconds
[2025-12-08T10:42:33.380+0000] {processor.py:161} INFO - Started process (PID=1099) to work on /opt/airflow/dags/feature_materialization_dag.py
[2025-12-08T10:42:33.382+0000] {processor.py:830} INFO - Processing file /opt/airflow/dags/feature_materialization_dag.py for tasks to queue
[2025-12-08T10:42:33.385+0000] {logging_mixin.py:188} INFO - [2025-12-08T10:42:33.384+0000] {dagbag.py:545} INFO - Filling up the DagBag from /opt/airflow/dags/feature_materialization_dag.py
[2025-12-08T10:42:34.542+0000] {processor.py:840} INFO - DAG(s) 'feature_materialization' retrieved from /opt/airflow/dags/feature_materialization_dag.py
[2025-12-08T10:42:34.622+0000] {logging_mixin.py:188} INFO - [2025-12-08T10:42:34.621+0000] {dag.py:3096} INFO - Sync 1 DAGs
[2025-12-08T10:42:34.656+0000] {logging_mixin.py:188} INFO - [2025-12-08T10:42:34.656+0000] {dag.py:3954} INFO - Setting next_dagrun for feature_materialization to None, run_after=None
[2025-12-08T10:42:34.703+0000] {processor.py:183} INFO - Processing /opt/airflow/dags/feature_materialization_dag.py took 1.348 seconds
[2025-12-08T10:43:05.104+0000] {processor.py:161} INFO - Started process (PID=1131) to work on /opt/airflow/dags/feature_materialization_dag.py
[2025-12-08T10:43:05.106+0000] {processor.py:830} INFO - Processing file /opt/airflow/dags/feature_materialization_dag.py for tasks to queue
[2025-12-08T10:43:05.110+0000] {logging_mixin.py:188} INFO - [2025-12-08T10:43:05.109+0000] {dagbag.py:545} INFO - Filling up the DagBag from /opt/airflow/dags/feature_materialization_dag.py
[2025-12-08T10:43:06.487+0000] {processor.py:840} INFO - DAG(s) 'feature_materialization' retrieved from /opt/airflow/dags/feature_materialization_dag.py
[2025-12-08T10:43:06.553+0000] {logging_mixin.py:188} INFO - [2025-12-08T10:43:06.552+0000] {dag.py:3096} INFO - Sync 1 DAGs
[2025-12-08T10:43:06.578+0000] {logging_mixin.py:188} INFO - [2025-12-08T10:43:06.578+0000] {dag.py:3954} INFO - Setting next_dagrun for feature_materialization to None, run_after=None
[2025-12-08T10:43:06.620+0000] {processor.py:183} INFO - Processing /opt/airflow/dags/feature_materialization_dag.py took 1.548 seconds
