[2025-12-08T10:27:35.677+0000] {processor.py:161} INFO - Started process (PID=185) to work on /opt/airflow/dags/satellite_ingestion_dag.py
[2025-12-08T10:27:35.681+0000] {processor.py:830} INFO - Processing file /opt/airflow/dags/satellite_ingestion_dag.py for tasks to queue
[2025-12-08T10:27:35.684+0000] {logging_mixin.py:188} INFO - [2025-12-08T10:27:35.683+0000] {dagbag.py:545} INFO - Filling up the DagBag from /opt/airflow/dags/satellite_ingestion_dag.py
[2025-12-08T10:27:39.963+0000] {processor.py:840} INFO - DAG(s) 'satellite_ingestion' retrieved from /opt/airflow/dags/satellite_ingestion_dag.py
[2025-12-08T10:27:40.043+0000] {logging_mixin.py:188} INFO - [2025-12-08T10:27:40.043+0000] {dag.py:3096} INFO - Sync 1 DAGs
[2025-12-08T10:27:40.085+0000] {logging_mixin.py:188} INFO - [2025-12-08T10:27:40.084+0000] {dag.py:3954} INFO - Setting next_dagrun for satellite_ingestion to None, run_after=None
[2025-12-08T10:27:40.158+0000] {processor.py:183} INFO - Processing /opt/airflow/dags/satellite_ingestion_dag.py took 4.510 seconds
[2025-12-08T10:28:10.957+0000] {processor.py:161} INFO - Started process (PID=252) to work on /opt/airflow/dags/satellite_ingestion_dag.py
[2025-12-08T10:28:10.959+0000] {processor.py:830} INFO - Processing file /opt/airflow/dags/satellite_ingestion_dag.py for tasks to queue
[2025-12-08T10:28:10.961+0000] {logging_mixin.py:188} INFO - [2025-12-08T10:28:10.961+0000] {dagbag.py:545} INFO - Filling up the DagBag from /opt/airflow/dags/satellite_ingestion_dag.py
[2025-12-08T10:28:14.106+0000] {processor.py:840} INFO - DAG(s) 'satellite_ingestion' retrieved from /opt/airflow/dags/satellite_ingestion_dag.py
[2025-12-08T10:28:14.742+0000] {logging_mixin.py:188} INFO - [2025-12-08T10:28:14.741+0000] {dag.py:3096} INFO - Sync 1 DAGs
[2025-12-08T10:28:14.811+0000] {logging_mixin.py:188} INFO - [2025-12-08T10:28:14.810+0000] {dag.py:3954} INFO - Setting next_dagrun for satellite_ingestion to None, run_after=None
[2025-12-08T10:28:14.942+0000] {processor.py:183} INFO - Processing /opt/airflow/dags/satellite_ingestion_dag.py took 4.002 seconds
[2025-12-08T10:28:45.475+0000] {processor.py:161} INFO - Started process (PID=329) to work on /opt/airflow/dags/satellite_ingestion_dag.py
[2025-12-08T10:28:45.477+0000] {processor.py:830} INFO - Processing file /opt/airflow/dags/satellite_ingestion_dag.py for tasks to queue
[2025-12-08T10:28:45.479+0000] {logging_mixin.py:188} INFO - [2025-12-08T10:28:45.478+0000] {dagbag.py:545} INFO - Filling up the DagBag from /opt/airflow/dags/satellite_ingestion_dag.py
[2025-12-08T10:28:46.945+0000] {processor.py:840} INFO - DAG(s) 'satellite_ingestion' retrieved from /opt/airflow/dags/satellite_ingestion_dag.py
[2025-12-08T10:28:47.002+0000] {logging_mixin.py:188} INFO - [2025-12-08T10:28:47.002+0000] {dag.py:3096} INFO - Sync 1 DAGs
[2025-12-08T10:28:47.024+0000] {logging_mixin.py:188} INFO - [2025-12-08T10:28:47.023+0000] {dag.py:3954} INFO - Setting next_dagrun for satellite_ingestion to None, run_after=None
[2025-12-08T10:28:47.070+0000] {processor.py:183} INFO - Processing /opt/airflow/dags/satellite_ingestion_dag.py took 1.612 seconds
[2025-12-08T10:29:18.021+0000] {processor.py:161} INFO - Started process (PID=361) to work on /opt/airflow/dags/satellite_ingestion_dag.py
[2025-12-08T10:29:18.022+0000] {processor.py:830} INFO - Processing file /opt/airflow/dags/satellite_ingestion_dag.py for tasks to queue
[2025-12-08T10:29:18.025+0000] {logging_mixin.py:188} INFO - [2025-12-08T10:29:18.024+0000] {dagbag.py:545} INFO - Filling up the DagBag from /opt/airflow/dags/satellite_ingestion_dag.py
[2025-12-08T10:29:19.159+0000] {processor.py:840} INFO - DAG(s) 'satellite_ingestion' retrieved from /opt/airflow/dags/satellite_ingestion_dag.py
[2025-12-08T10:29:19.204+0000] {logging_mixin.py:188} INFO - [2025-12-08T10:29:19.204+0000] {dag.py:3096} INFO - Sync 1 DAGs
[2025-12-08T10:29:19.227+0000] {logging_mixin.py:188} INFO - [2025-12-08T10:29:19.226+0000] {dag.py:3954} INFO - Setting next_dagrun for satellite_ingestion to None, run_after=None
[2025-12-08T10:29:19.259+0000] {processor.py:183} INFO - Processing /opt/airflow/dags/satellite_ingestion_dag.py took 1.258 seconds
[2025-12-08T10:29:49.505+0000] {processor.py:161} INFO - Started process (PID=393) to work on /opt/airflow/dags/satellite_ingestion_dag.py
[2025-12-08T10:29:49.508+0000] {processor.py:830} INFO - Processing file /opt/airflow/dags/satellite_ingestion_dag.py for tasks to queue
[2025-12-08T10:29:49.515+0000] {logging_mixin.py:188} INFO - [2025-12-08T10:29:49.514+0000] {dagbag.py:545} INFO - Filling up the DagBag from /opt/airflow/dags/satellite_ingestion_dag.py
[2025-12-08T10:29:51.074+0000] {processor.py:840} INFO - DAG(s) 'satellite_ingestion' retrieved from /opt/airflow/dags/satellite_ingestion_dag.py
[2025-12-08T10:29:51.138+0000] {logging_mixin.py:188} INFO - [2025-12-08T10:29:51.138+0000] {dag.py:3096} INFO - Sync 1 DAGs
[2025-12-08T10:29:51.162+0000] {logging_mixin.py:188} INFO - [2025-12-08T10:29:51.162+0000] {dag.py:3954} INFO - Setting next_dagrun for satellite_ingestion to None, run_after=None
[2025-12-08T10:29:51.216+0000] {processor.py:183} INFO - Processing /opt/airflow/dags/satellite_ingestion_dag.py took 1.735 seconds
[2025-12-08T10:30:21.775+0000] {processor.py:161} INFO - Started process (PID=423) to work on /opt/airflow/dags/satellite_ingestion_dag.py
[2025-12-08T10:30:21.776+0000] {processor.py:830} INFO - Processing file /opt/airflow/dags/satellite_ingestion_dag.py for tasks to queue
[2025-12-08T10:30:21.781+0000] {logging_mixin.py:188} INFO - [2025-12-08T10:30:21.780+0000] {dagbag.py:545} INFO - Filling up the DagBag from /opt/airflow/dags/satellite_ingestion_dag.py
[2025-12-08T10:30:23.938+0000] {processor.py:840} INFO - DAG(s) 'satellite_ingestion' retrieved from /opt/airflow/dags/satellite_ingestion_dag.py
[2025-12-08T10:30:24.006+0000] {logging_mixin.py:188} INFO - [2025-12-08T10:30:24.006+0000] {dag.py:3096} INFO - Sync 1 DAGs
[2025-12-08T10:30:24.031+0000] {logging_mixin.py:188} INFO - [2025-12-08T10:30:24.030+0000] {dag.py:3954} INFO - Setting next_dagrun for satellite_ingestion to None, run_after=None
[2025-12-08T10:30:24.075+0000] {processor.py:183} INFO - Processing /opt/airflow/dags/satellite_ingestion_dag.py took 2.339 seconds
[2025-12-08T10:30:54.678+0000] {processor.py:161} INFO - Started process (PID=443) to work on /opt/airflow/dags/satellite_ingestion_dag.py
[2025-12-08T10:30:54.679+0000] {processor.py:830} INFO - Processing file /opt/airflow/dags/satellite_ingestion_dag.py for tasks to queue
[2025-12-08T10:30:54.683+0000] {logging_mixin.py:188} INFO - [2025-12-08T10:30:54.682+0000] {dagbag.py:545} INFO - Filling up the DagBag from /opt/airflow/dags/satellite_ingestion_dag.py
[2025-12-08T10:30:56.188+0000] {processor.py:840} INFO - DAG(s) 'satellite_ingestion' retrieved from /opt/airflow/dags/satellite_ingestion_dag.py
[2025-12-08T10:30:56.249+0000] {logging_mixin.py:188} INFO - [2025-12-08T10:30:56.249+0000] {dag.py:3096} INFO - Sync 1 DAGs
[2025-12-08T10:30:56.275+0000] {logging_mixin.py:188} INFO - [2025-12-08T10:30:56.275+0000] {dag.py:3954} INFO - Setting next_dagrun for satellite_ingestion to None, run_after=None
[2025-12-08T10:30:56.319+0000] {processor.py:183} INFO - Processing /opt/airflow/dags/satellite_ingestion_dag.py took 1.660 seconds
[2025-12-08T10:31:26.551+0000] {processor.py:161} INFO - Started process (PID=475) to work on /opt/airflow/dags/satellite_ingestion_dag.py
[2025-12-08T10:31:26.552+0000] {processor.py:830} INFO - Processing file /opt/airflow/dags/satellite_ingestion_dag.py for tasks to queue
[2025-12-08T10:31:26.555+0000] {logging_mixin.py:188} INFO - [2025-12-08T10:31:26.554+0000] {dagbag.py:545} INFO - Filling up the DagBag from /opt/airflow/dags/satellite_ingestion_dag.py
[2025-12-08T10:31:28.019+0000] {processor.py:840} INFO - DAG(s) 'satellite_ingestion' retrieved from /opt/airflow/dags/satellite_ingestion_dag.py
[2025-12-08T10:31:28.074+0000] {logging_mixin.py:188} INFO - [2025-12-08T10:31:28.073+0000] {dag.py:3096} INFO - Sync 1 DAGs
[2025-12-08T10:31:28.111+0000] {logging_mixin.py:188} INFO - [2025-12-08T10:31:28.110+0000] {dag.py:3954} INFO - Setting next_dagrun for satellite_ingestion to None, run_after=None
[2025-12-08T10:31:28.173+0000] {processor.py:183} INFO - Processing /opt/airflow/dags/satellite_ingestion_dag.py took 1.641 seconds
[2025-12-08T10:31:58.809+0000] {processor.py:161} INFO - Started process (PID=507) to work on /opt/airflow/dags/satellite_ingestion_dag.py
[2025-12-08T10:31:58.811+0000] {processor.py:830} INFO - Processing file /opt/airflow/dags/satellite_ingestion_dag.py for tasks to queue
[2025-12-08T10:31:58.812+0000] {logging_mixin.py:188} INFO - [2025-12-08T10:31:58.812+0000] {dagbag.py:545} INFO - Filling up the DagBag from /opt/airflow/dags/satellite_ingestion_dag.py
[2025-12-08T10:31:59.961+0000] {processor.py:840} INFO - DAG(s) 'satellite_ingestion' retrieved from /opt/airflow/dags/satellite_ingestion_dag.py
[2025-12-08T10:32:00.017+0000] {logging_mixin.py:188} INFO - [2025-12-08T10:32:00.017+0000] {dag.py:3096} INFO - Sync 1 DAGs
[2025-12-08T10:32:00.047+0000] {logging_mixin.py:188} INFO - [2025-12-08T10:32:00.047+0000] {dag.py:3954} INFO - Setting next_dagrun for satellite_ingestion to None, run_after=None
[2025-12-08T10:32:00.084+0000] {processor.py:183} INFO - Processing /opt/airflow/dags/satellite_ingestion_dag.py took 1.286 seconds
[2025-12-08T10:32:30.361+0000] {processor.py:161} INFO - Started process (PID=539) to work on /opt/airflow/dags/satellite_ingestion_dag.py
[2025-12-08T10:32:30.362+0000] {processor.py:830} INFO - Processing file /opt/airflow/dags/satellite_ingestion_dag.py for tasks to queue
[2025-12-08T10:32:30.364+0000] {logging_mixin.py:188} INFO - [2025-12-08T10:32:30.363+0000] {dagbag.py:545} INFO - Filling up the DagBag from /opt/airflow/dags/satellite_ingestion_dag.py
[2025-12-08T10:32:31.441+0000] {processor.py:840} INFO - DAG(s) 'satellite_ingestion' retrieved from /opt/airflow/dags/satellite_ingestion_dag.py
[2025-12-08T10:32:31.482+0000] {logging_mixin.py:188} INFO - [2025-12-08T10:32:31.481+0000] {dag.py:3096} INFO - Sync 1 DAGs
[2025-12-08T10:32:31.507+0000] {logging_mixin.py:188} INFO - [2025-12-08T10:32:31.506+0000] {dag.py:3954} INFO - Setting next_dagrun for satellite_ingestion to None, run_after=None
[2025-12-08T10:32:31.548+0000] {processor.py:183} INFO - Processing /opt/airflow/dags/satellite_ingestion_dag.py took 1.198 seconds
[2025-12-08T10:33:02.180+0000] {processor.py:161} INFO - Started process (PID=571) to work on /opt/airflow/dags/satellite_ingestion_dag.py
[2025-12-08T10:33:02.181+0000] {processor.py:830} INFO - Processing file /opt/airflow/dags/satellite_ingestion_dag.py for tasks to queue
[2025-12-08T10:33:02.184+0000] {logging_mixin.py:188} INFO - [2025-12-08T10:33:02.183+0000] {dagbag.py:545} INFO - Filling up the DagBag from /opt/airflow/dags/satellite_ingestion_dag.py
[2025-12-08T10:33:03.322+0000] {processor.py:840} INFO - DAG(s) 'satellite_ingestion' retrieved from /opt/airflow/dags/satellite_ingestion_dag.py
[2025-12-08T10:33:03.375+0000] {logging_mixin.py:188} INFO - [2025-12-08T10:33:03.374+0000] {dag.py:3096} INFO - Sync 1 DAGs
[2025-12-08T10:33:03.397+0000] {logging_mixin.py:188} INFO - [2025-12-08T10:33:03.397+0000] {dag.py:3954} INFO - Setting next_dagrun for satellite_ingestion to None, run_after=None
[2025-12-08T10:33:03.432+0000] {processor.py:183} INFO - Processing /opt/airflow/dags/satellite_ingestion_dag.py took 1.265 seconds
[2025-12-08T10:33:34.101+0000] {processor.py:161} INFO - Started process (PID=603) to work on /opt/airflow/dags/satellite_ingestion_dag.py
[2025-12-08T10:33:34.102+0000] {processor.py:830} INFO - Processing file /opt/airflow/dags/satellite_ingestion_dag.py for tasks to queue
[2025-12-08T10:33:34.105+0000] {logging_mixin.py:188} INFO - [2025-12-08T10:33:34.104+0000] {dagbag.py:545} INFO - Filling up the DagBag from /opt/airflow/dags/satellite_ingestion_dag.py
[2025-12-08T10:33:35.229+0000] {processor.py:840} INFO - DAG(s) 'satellite_ingestion' retrieved from /opt/airflow/dags/satellite_ingestion_dag.py
[2025-12-08T10:33:35.319+0000] {logging_mixin.py:188} INFO - [2025-12-08T10:33:35.319+0000] {dag.py:3096} INFO - Sync 1 DAGs
[2025-12-08T10:33:35.373+0000] {logging_mixin.py:188} INFO - [2025-12-08T10:33:35.372+0000] {dag.py:3954} INFO - Setting next_dagrun for satellite_ingestion to None, run_after=None
[2025-12-08T10:33:35.428+0000] {processor.py:183} INFO - Processing /opt/airflow/dags/satellite_ingestion_dag.py took 1.345 seconds
[2025-12-08T10:34:06.095+0000] {processor.py:161} INFO - Started process (PID=633) to work on /opt/airflow/dags/satellite_ingestion_dag.py
[2025-12-08T10:34:06.096+0000] {processor.py:830} INFO - Processing file /opt/airflow/dags/satellite_ingestion_dag.py for tasks to queue
[2025-12-08T10:34:06.100+0000] {logging_mixin.py:188} INFO - [2025-12-08T10:34:06.099+0000] {dagbag.py:545} INFO - Filling up the DagBag from /opt/airflow/dags/satellite_ingestion_dag.py
[2025-12-08T10:34:07.722+0000] {processor.py:840} INFO - DAG(s) 'satellite_ingestion' retrieved from /opt/airflow/dags/satellite_ingestion_dag.py
[2025-12-08T10:34:07.812+0000] {logging_mixin.py:188} INFO - [2025-12-08T10:34:07.811+0000] {dag.py:3096} INFO - Sync 1 DAGs
[2025-12-08T10:34:07.858+0000] {logging_mixin.py:188} INFO - [2025-12-08T10:34:07.857+0000] {dag.py:3954} INFO - Setting next_dagrun for satellite_ingestion to None, run_after=None
[2025-12-08T10:34:07.910+0000] {processor.py:183} INFO - Processing /opt/airflow/dags/satellite_ingestion_dag.py took 1.845 seconds
[2025-12-08T10:34:38.403+0000] {processor.py:161} INFO - Started process (PID=653) to work on /opt/airflow/dags/satellite_ingestion_dag.py
[2025-12-08T10:34:38.405+0000] {processor.py:830} INFO - Processing file /opt/airflow/dags/satellite_ingestion_dag.py for tasks to queue
[2025-12-08T10:34:38.408+0000] {logging_mixin.py:188} INFO - [2025-12-08T10:34:38.407+0000] {dagbag.py:545} INFO - Filling up the DagBag from /opt/airflow/dags/satellite_ingestion_dag.py
[2025-12-08T10:34:39.637+0000] {processor.py:840} INFO - DAG(s) 'satellite_ingestion' retrieved from /opt/airflow/dags/satellite_ingestion_dag.py
[2025-12-08T10:34:39.709+0000] {logging_mixin.py:188} INFO - [2025-12-08T10:34:39.709+0000] {dag.py:3096} INFO - Sync 1 DAGs
[2025-12-08T10:34:39.739+0000] {logging_mixin.py:188} INFO - [2025-12-08T10:34:39.739+0000] {dag.py:3954} INFO - Setting next_dagrun for satellite_ingestion to None, run_after=None
[2025-12-08T10:34:39.775+0000] {processor.py:183} INFO - Processing /opt/airflow/dags/satellite_ingestion_dag.py took 1.397 seconds
[2025-12-08T10:35:10.090+0000] {processor.py:161} INFO - Started process (PID=685) to work on /opt/airflow/dags/satellite_ingestion_dag.py
[2025-12-08T10:35:10.092+0000] {processor.py:830} INFO - Processing file /opt/airflow/dags/satellite_ingestion_dag.py for tasks to queue
[2025-12-08T10:35:10.095+0000] {logging_mixin.py:188} INFO - [2025-12-08T10:35:10.094+0000] {dagbag.py:545} INFO - Filling up the DagBag from /opt/airflow/dags/satellite_ingestion_dag.py
[2025-12-08T10:35:11.174+0000] {processor.py:840} INFO - DAG(s) 'satellite_ingestion' retrieved from /opt/airflow/dags/satellite_ingestion_dag.py
[2025-12-08T10:35:11.229+0000] {logging_mixin.py:188} INFO - [2025-12-08T10:35:11.228+0000] {dag.py:3096} INFO - Sync 1 DAGs
[2025-12-08T10:35:11.253+0000] {logging_mixin.py:188} INFO - [2025-12-08T10:35:11.253+0000] {dag.py:3954} INFO - Setting next_dagrun for satellite_ingestion to None, run_after=None
[2025-12-08T10:35:11.302+0000] {processor.py:183} INFO - Processing /opt/airflow/dags/satellite_ingestion_dag.py took 1.230 seconds
[2025-12-08T10:35:42.089+0000] {processor.py:161} INFO - Started process (PID=717) to work on /opt/airflow/dags/satellite_ingestion_dag.py
[2025-12-08T10:35:42.097+0000] {processor.py:830} INFO - Processing file /opt/airflow/dags/satellite_ingestion_dag.py for tasks to queue
[2025-12-08T10:35:42.115+0000] {logging_mixin.py:188} INFO - [2025-12-08T10:35:42.114+0000] {dagbag.py:545} INFO - Filling up the DagBag from /opt/airflow/dags/satellite_ingestion_dag.py
[2025-12-08T10:35:43.414+0000] {processor.py:840} INFO - DAG(s) 'satellite_ingestion' retrieved from /opt/airflow/dags/satellite_ingestion_dag.py
[2025-12-08T10:35:43.482+0000] {logging_mixin.py:188} INFO - [2025-12-08T10:35:43.481+0000] {dag.py:3096} INFO - Sync 1 DAGs
[2025-12-08T10:35:43.512+0000] {logging_mixin.py:188} INFO - [2025-12-08T10:35:43.511+0000] {dag.py:3954} INFO - Setting next_dagrun for satellite_ingestion to None, run_after=None
[2025-12-08T10:35:43.558+0000] {processor.py:183} INFO - Processing /opt/airflow/dags/satellite_ingestion_dag.py took 1.508 seconds
[2025-12-08T10:36:13.909+0000] {processor.py:161} INFO - Started process (PID=749) to work on /opt/airflow/dags/satellite_ingestion_dag.py
[2025-12-08T10:36:13.914+0000] {processor.py:830} INFO - Processing file /opt/airflow/dags/satellite_ingestion_dag.py for tasks to queue
[2025-12-08T10:36:13.921+0000] {logging_mixin.py:188} INFO - [2025-12-08T10:36:13.920+0000] {dagbag.py:545} INFO - Filling up the DagBag from /opt/airflow/dags/satellite_ingestion_dag.py
[2025-12-08T10:36:15.253+0000] {processor.py:840} INFO - DAG(s) 'satellite_ingestion' retrieved from /opt/airflow/dags/satellite_ingestion_dag.py
[2025-12-08T10:36:15.327+0000] {logging_mixin.py:188} INFO - [2025-12-08T10:36:15.326+0000] {dag.py:3096} INFO - Sync 1 DAGs
[2025-12-08T10:36:15.362+0000] {logging_mixin.py:188} INFO - [2025-12-08T10:36:15.361+0000] {dag.py:3954} INFO - Setting next_dagrun for satellite_ingestion to None, run_after=None
[2025-12-08T10:36:15.725+0000] {processor.py:183} INFO - Processing /opt/airflow/dags/satellite_ingestion_dag.py took 1.850 seconds
[2025-12-08T10:36:46.716+0000] {processor.py:161} INFO - Started process (PID=781) to work on /opt/airflow/dags/satellite_ingestion_dag.py
[2025-12-08T10:36:46.718+0000] {processor.py:830} INFO - Processing file /opt/airflow/dags/satellite_ingestion_dag.py for tasks to queue
[2025-12-08T10:36:46.720+0000] {logging_mixin.py:188} INFO - [2025-12-08T10:36:46.720+0000] {dagbag.py:545} INFO - Filling up the DagBag from /opt/airflow/dags/satellite_ingestion_dag.py
[2025-12-08T10:36:47.750+0000] {processor.py:840} INFO - DAG(s) 'satellite_ingestion' retrieved from /opt/airflow/dags/satellite_ingestion_dag.py
[2025-12-08T10:36:47.824+0000] {logging_mixin.py:188} INFO - [2025-12-08T10:36:47.824+0000] {dag.py:3096} INFO - Sync 1 DAGs
[2025-12-08T10:36:48.136+0000] {logging_mixin.py:188} INFO - [2025-12-08T10:36:48.136+0000] {dag.py:3954} INFO - Setting next_dagrun for satellite_ingestion to None, run_after=None
[2025-12-08T10:36:48.231+0000] {processor.py:183} INFO - Processing /opt/airflow/dags/satellite_ingestion_dag.py took 1.536 seconds
[2025-12-08T10:37:18.756+0000] {processor.py:161} INFO - Started process (PID=811) to work on /opt/airflow/dags/satellite_ingestion_dag.py
[2025-12-08T10:37:18.758+0000] {processor.py:830} INFO - Processing file /opt/airflow/dags/satellite_ingestion_dag.py for tasks to queue
[2025-12-08T10:37:18.760+0000] {logging_mixin.py:188} INFO - [2025-12-08T10:37:18.759+0000] {dagbag.py:545} INFO - Filling up the DagBag from /opt/airflow/dags/satellite_ingestion_dag.py
[2025-12-08T10:37:19.949+0000] {processor.py:840} INFO - DAG(s) 'satellite_ingestion' retrieved from /opt/airflow/dags/satellite_ingestion_dag.py
[2025-12-08T10:37:20.358+0000] {logging_mixin.py:188} INFO - [2025-12-08T10:37:20.357+0000] {dag.py:3096} INFO - Sync 1 DAGs
[2025-12-08T10:37:20.385+0000] {logging_mixin.py:188} INFO - [2025-12-08T10:37:20.384+0000] {dag.py:3954} INFO - Setting next_dagrun for satellite_ingestion to None, run_after=None
[2025-12-08T10:37:20.428+0000] {processor.py:183} INFO - Processing /opt/airflow/dags/satellite_ingestion_dag.py took 1.693 seconds
[2025-12-08T10:37:50.927+0000] {processor.py:161} INFO - Started process (PID=835) to work on /opt/airflow/dags/satellite_ingestion_dag.py
[2025-12-08T10:37:50.933+0000] {processor.py:830} INFO - Processing file /opt/airflow/dags/satellite_ingestion_dag.py for tasks to queue
[2025-12-08T10:37:50.936+0000] {logging_mixin.py:188} INFO - [2025-12-08T10:37:50.935+0000] {dagbag.py:545} INFO - Filling up the DagBag from /opt/airflow/dags/satellite_ingestion_dag.py
[2025-12-08T10:37:53.952+0000] {processor.py:840} INFO - DAG(s) 'satellite_ingestion' retrieved from /opt/airflow/dags/satellite_ingestion_dag.py
[2025-12-08T10:37:54.059+0000] {logging_mixin.py:188} INFO - [2025-12-08T10:37:54.058+0000] {dag.py:3096} INFO - Sync 1 DAGs
[2025-12-08T10:37:54.112+0000] {logging_mixin.py:188} INFO - [2025-12-08T10:37:54.111+0000] {dag.py:3954} INFO - Setting next_dagrun for satellite_ingestion to None, run_after=None
[2025-12-08T10:37:54.198+0000] {processor.py:183} INFO - Processing /opt/airflow/dags/satellite_ingestion_dag.py took 3.303 seconds
[2025-12-08T10:38:24.554+0000] {processor.py:161} INFO - Started process (PID=863) to work on /opt/airflow/dags/satellite_ingestion_dag.py
[2025-12-08T10:38:24.556+0000] {processor.py:830} INFO - Processing file /opt/airflow/dags/satellite_ingestion_dag.py for tasks to queue
[2025-12-08T10:38:24.558+0000] {logging_mixin.py:188} INFO - [2025-12-08T10:38:24.558+0000] {dagbag.py:545} INFO - Filling up the DagBag from /opt/airflow/dags/satellite_ingestion_dag.py
[2025-12-08T10:38:26.353+0000] {processor.py:840} INFO - DAG(s) 'satellite_ingestion' retrieved from /opt/airflow/dags/satellite_ingestion_dag.py
[2025-12-08T10:38:26.411+0000] {logging_mixin.py:188} INFO - [2025-12-08T10:38:26.411+0000] {dag.py:3096} INFO - Sync 1 DAGs
[2025-12-08T10:38:26.439+0000] {logging_mixin.py:188} INFO - [2025-12-08T10:38:26.439+0000] {dag.py:3954} INFO - Setting next_dagrun for satellite_ingestion to None, run_after=None
[2025-12-08T10:38:26.489+0000] {processor.py:183} INFO - Processing /opt/airflow/dags/satellite_ingestion_dag.py took 1.955 seconds
[2025-12-08T10:38:56.889+0000] {processor.py:161} INFO - Started process (PID=895) to work on /opt/airflow/dags/satellite_ingestion_dag.py
[2025-12-08T10:38:56.891+0000] {processor.py:830} INFO - Processing file /opt/airflow/dags/satellite_ingestion_dag.py for tasks to queue
[2025-12-08T10:38:56.897+0000] {logging_mixin.py:188} INFO - [2025-12-08T10:38:56.895+0000] {dagbag.py:545} INFO - Filling up the DagBag from /opt/airflow/dags/satellite_ingestion_dag.py
[2025-12-08T10:38:59.001+0000] {processor.py:840} INFO - DAG(s) 'satellite_ingestion' retrieved from /opt/airflow/dags/satellite_ingestion_dag.py
[2025-12-08T10:38:59.069+0000] {logging_mixin.py:188} INFO - [2025-12-08T10:38:59.068+0000] {dag.py:3096} INFO - Sync 1 DAGs
[2025-12-08T10:38:59.098+0000] {logging_mixin.py:188} INFO - [2025-12-08T10:38:59.097+0000] {dag.py:3954} INFO - Setting next_dagrun for satellite_ingestion to None, run_after=None
[2025-12-08T10:38:59.152+0000] {processor.py:183} INFO - Processing /opt/airflow/dags/satellite_ingestion_dag.py took 2.288 seconds
[2025-12-08T10:39:30.194+0000] {processor.py:161} INFO - Started process (PID=927) to work on /opt/airflow/dags/satellite_ingestion_dag.py
[2025-12-08T10:39:30.196+0000] {processor.py:830} INFO - Processing file /opt/airflow/dags/satellite_ingestion_dag.py for tasks to queue
[2025-12-08T10:39:30.203+0000] {logging_mixin.py:188} INFO - [2025-12-08T10:39:30.199+0000] {dagbag.py:545} INFO - Filling up the DagBag from /opt/airflow/dags/satellite_ingestion_dag.py
[2025-12-08T10:39:32.184+0000] {processor.py:840} INFO - DAG(s) 'satellite_ingestion' retrieved from /opt/airflow/dags/satellite_ingestion_dag.py
[2025-12-08T10:39:32.243+0000] {logging_mixin.py:188} INFO - [2025-12-08T10:39:32.242+0000] {dag.py:3096} INFO - Sync 1 DAGs
[2025-12-08T10:39:32.273+0000] {logging_mixin.py:188} INFO - [2025-12-08T10:39:32.273+0000] {dag.py:3954} INFO - Setting next_dagrun for satellite_ingestion to None, run_after=None
[2025-12-08T10:39:32.341+0000] {processor.py:183} INFO - Processing /opt/airflow/dags/satellite_ingestion_dag.py took 2.180 seconds
[2025-12-08T10:40:02.540+0000] {processor.py:161} INFO - Started process (PID=963) to work on /opt/airflow/dags/satellite_ingestion_dag.py
[2025-12-08T10:40:02.541+0000] {processor.py:830} INFO - Processing file /opt/airflow/dags/satellite_ingestion_dag.py for tasks to queue
[2025-12-08T10:40:02.543+0000] {logging_mixin.py:188} INFO - [2025-12-08T10:40:02.543+0000] {dagbag.py:545} INFO - Filling up the DagBag from /opt/airflow/dags/satellite_ingestion_dag.py
[2025-12-08T10:40:04.327+0000] {processor.py:840} INFO - DAG(s) 'satellite_ingestion' retrieved from /opt/airflow/dags/satellite_ingestion_dag.py
[2025-12-08T10:40:04.404+0000] {logging_mixin.py:188} INFO - [2025-12-08T10:40:04.404+0000] {dag.py:3096} INFO - Sync 1 DAGs
[2025-12-08T10:40:04.449+0000] {logging_mixin.py:188} INFO - [2025-12-08T10:40:04.448+0000] {dag.py:3954} INFO - Setting next_dagrun for satellite_ingestion to None, run_after=None
[2025-12-08T10:40:04.499+0000] {processor.py:183} INFO - Processing /opt/airflow/dags/satellite_ingestion_dag.py took 1.978 seconds
[2025-12-08T10:40:35.699+0000] {processor.py:161} INFO - Started process (PID=995) to work on /opt/airflow/dags/satellite_ingestion_dag.py
[2025-12-08T10:40:35.712+0000] {processor.py:830} INFO - Processing file /opt/airflow/dags/satellite_ingestion_dag.py for tasks to queue
[2025-12-08T10:40:35.740+0000] {logging_mixin.py:188} INFO - [2025-12-08T10:40:35.729+0000] {dagbag.py:545} INFO - Filling up the DagBag from /opt/airflow/dags/satellite_ingestion_dag.py
[2025-12-08T10:40:38.359+0000] {processor.py:840} INFO - DAG(s) 'satellite_ingestion' retrieved from /opt/airflow/dags/satellite_ingestion_dag.py
[2025-12-08T10:40:38.456+0000] {logging_mixin.py:188} INFO - [2025-12-08T10:40:38.456+0000] {dag.py:3096} INFO - Sync 1 DAGs
[2025-12-08T10:40:38.506+0000] {logging_mixin.py:188} INFO - [2025-12-08T10:40:38.506+0000] {dag.py:3954} INFO - Setting next_dagrun for satellite_ingestion to None, run_after=None
[2025-12-08T10:40:38.601+0000] {processor.py:183} INFO - Processing /opt/airflow/dags/satellite_ingestion_dag.py took 3.007 seconds
[2025-12-08T10:41:09.003+0000] {processor.py:161} INFO - Started process (PID=1027) to work on /opt/airflow/dags/satellite_ingestion_dag.py
[2025-12-08T10:41:09.005+0000] {processor.py:830} INFO - Processing file /opt/airflow/dags/satellite_ingestion_dag.py for tasks to queue
[2025-12-08T10:41:09.009+0000] {logging_mixin.py:188} INFO - [2025-12-08T10:41:09.008+0000] {dagbag.py:545} INFO - Filling up the DagBag from /opt/airflow/dags/satellite_ingestion_dag.py
[2025-12-08T10:41:10.519+0000] {processor.py:840} INFO - DAG(s) 'satellite_ingestion' retrieved from /opt/airflow/dags/satellite_ingestion_dag.py
[2025-12-08T10:41:10.574+0000] {logging_mixin.py:188} INFO - [2025-12-08T10:41:10.573+0000] {dag.py:3096} INFO - Sync 1 DAGs
[2025-12-08T10:41:10.597+0000] {logging_mixin.py:188} INFO - [2025-12-08T10:41:10.596+0000] {dag.py:3954} INFO - Setting next_dagrun for satellite_ingestion to None, run_after=None
[2025-12-08T10:41:10.640+0000] {processor.py:183} INFO - Processing /opt/airflow/dags/satellite_ingestion_dag.py took 1.659 seconds
[2025-12-08T10:41:41.817+0000] {processor.py:161} INFO - Started process (PID=1059) to work on /opt/airflow/dags/satellite_ingestion_dag.py
[2025-12-08T10:41:41.818+0000] {processor.py:830} INFO - Processing file /opt/airflow/dags/satellite_ingestion_dag.py for tasks to queue
[2025-12-08T10:41:41.821+0000] {logging_mixin.py:188} INFO - [2025-12-08T10:41:41.820+0000] {dagbag.py:545} INFO - Filling up the DagBag from /opt/airflow/dags/satellite_ingestion_dag.py
[2025-12-08T10:41:43.396+0000] {processor.py:840} INFO - DAG(s) 'satellite_ingestion' retrieved from /opt/airflow/dags/satellite_ingestion_dag.py
[2025-12-08T10:41:43.447+0000] {logging_mixin.py:188} INFO - [2025-12-08T10:41:43.446+0000] {dag.py:3096} INFO - Sync 1 DAGs
[2025-12-08T10:41:43.473+0000] {logging_mixin.py:188} INFO - [2025-12-08T10:41:43.473+0000] {dag.py:3954} INFO - Setting next_dagrun for satellite_ingestion to None, run_after=None
[2025-12-08T10:41:43.521+0000] {processor.py:183} INFO - Processing /opt/airflow/dags/satellite_ingestion_dag.py took 1.724 seconds
[2025-12-08T10:42:14.155+0000] {processor.py:161} INFO - Started process (PID=1082) to work on /opt/airflow/dags/satellite_ingestion_dag.py
[2025-12-08T10:42:14.157+0000] {processor.py:830} INFO - Processing file /opt/airflow/dags/satellite_ingestion_dag.py for tasks to queue
[2025-12-08T10:42:14.162+0000] {logging_mixin.py:188} INFO - [2025-12-08T10:42:14.160+0000] {dagbag.py:545} INFO - Filling up the DagBag from /opt/airflow/dags/satellite_ingestion_dag.py
[2025-12-08T10:42:15.577+0000] {processor.py:840} INFO - DAG(s) 'satellite_ingestion' retrieved from /opt/airflow/dags/satellite_ingestion_dag.py
[2025-12-08T10:42:15.637+0000] {logging_mixin.py:188} INFO - [2025-12-08T10:42:15.636+0000] {dag.py:3096} INFO - Sync 1 DAGs
[2025-12-08T10:42:15.659+0000] {logging_mixin.py:188} INFO - [2025-12-08T10:42:15.658+0000] {dag.py:3954} INFO - Setting next_dagrun for satellite_ingestion to None, run_after=None
[2025-12-08T10:42:15.698+0000] {processor.py:183} INFO - Processing /opt/airflow/dags/satellite_ingestion_dag.py took 1.564 seconds
[2025-12-08T10:42:46.018+0000] {processor.py:161} INFO - Started process (PID=1109) to work on /opt/airflow/dags/satellite_ingestion_dag.py
[2025-12-08T10:42:46.020+0000] {processor.py:830} INFO - Processing file /opt/airflow/dags/satellite_ingestion_dag.py for tasks to queue
[2025-12-08T10:42:46.023+0000] {logging_mixin.py:188} INFO - [2025-12-08T10:42:46.022+0000] {dagbag.py:545} INFO - Filling up the DagBag from /opt/airflow/dags/satellite_ingestion_dag.py
[2025-12-08T10:42:47.434+0000] {processor.py:840} INFO - DAG(s) 'satellite_ingestion' retrieved from /opt/airflow/dags/satellite_ingestion_dag.py
[2025-12-08T10:42:47.519+0000] {logging_mixin.py:188} INFO - [2025-12-08T10:42:47.519+0000] {dag.py:3096} INFO - Sync 1 DAGs
[2025-12-08T10:42:47.545+0000] {logging_mixin.py:188} INFO - [2025-12-08T10:42:47.544+0000] {dag.py:3954} INFO - Setting next_dagrun for satellite_ingestion to None, run_after=None
[2025-12-08T10:42:47.595+0000] {processor.py:183} INFO - Processing /opt/airflow/dags/satellite_ingestion_dag.py took 1.597 seconds
