[2025-12-08T10:27:40.375+0000] {processor.py:161} INFO - Started process (PID=193) to work on /opt/airflow/dags/weather_ingestion_dag.py
[2025-12-08T10:27:40.380+0000] {processor.py:830} INFO - Processing file /opt/airflow/dags/weather_ingestion_dag.py for tasks to queue
[2025-12-08T10:27:40.386+0000] {logging_mixin.py:188} INFO - [2025-12-08T10:27:40.385+0000] {dagbag.py:545} INFO - Filling up the DagBag from /opt/airflow/dags/weather_ingestion_dag.py
[2025-12-08T10:27:43.909+0000] {processor.py:840} INFO - DAG(s) 'weather_ingestion_planting_and_crop_stages' retrieved from /opt/airflow/dags/weather_ingestion_dag.py
[2025-12-08T10:27:44.008+0000] {logging_mixin.py:188} INFO - [2025-12-08T10:27:44.007+0000] {dag.py:3096} INFO - Sync 1 DAGs
[2025-12-08T10:27:44.230+0000] {processor.py:183} INFO - Processing /opt/airflow/dags/weather_ingestion_dag.py took 3.885 seconds
[2025-12-08T10:28:14.608+0000] {processor.py:161} INFO - Started process (PID=258) to work on /opt/airflow/dags/weather_ingestion_dag.py
[2025-12-08T10:28:14.611+0000] {processor.py:830} INFO - Processing file /opt/airflow/dags/weather_ingestion_dag.py for tasks to queue
[2025-12-08T10:28:14.614+0000] {logging_mixin.py:188} INFO - [2025-12-08T10:28:14.613+0000] {dagbag.py:545} INFO - Filling up the DagBag from /opt/airflow/dags/weather_ingestion_dag.py
[2025-12-08T10:28:18.566+0000] {processor.py:840} INFO - DAG(s) 'weather_ingestion_planting_and_crop_stages' retrieved from /opt/airflow/dags/weather_ingestion_dag.py
[2025-12-08T10:28:19.575+0000] {logging_mixin.py:188} INFO - [2025-12-08T10:28:19.574+0000] {dag.py:3096} INFO - Sync 1 DAGs
[2025-12-08T10:28:20.035+0000] {processor.py:183} INFO - Processing /opt/airflow/dags/weather_ingestion_dag.py took 5.457 seconds
[2025-12-08T10:28:50.870+0000] {processor.py:161} INFO - Started process (PID=335) to work on /opt/airflow/dags/weather_ingestion_dag.py
[2025-12-08T10:28:50.872+0000] {processor.py:830} INFO - Processing file /opt/airflow/dags/weather_ingestion_dag.py for tasks to queue
[2025-12-08T10:28:50.876+0000] {logging_mixin.py:188} INFO - [2025-12-08T10:28:50.875+0000] {dagbag.py:545} INFO - Filling up the DagBag from /opt/airflow/dags/weather_ingestion_dag.py
[2025-12-08T10:28:52.731+0000] {processor.py:840} INFO - DAG(s) 'weather_ingestion_planting_and_crop_stages' retrieved from /opt/airflow/dags/weather_ingestion_dag.py
[2025-12-08T10:28:52.791+0000] {logging_mixin.py:188} INFO - [2025-12-08T10:28:52.790+0000] {dag.py:3096} INFO - Sync 1 DAGs
[2025-12-08T10:28:52.843+0000] {logging_mixin.py:188} INFO - [2025-12-08T10:28:52.843+0000] {dag.py:3954} INFO - Setting next_dagrun for weather_ingestion_planting_and_crop_stages to 2025-12-08 02:00:00+00:00, run_after=2025-12-09 02:00:00+00:00
[2025-12-08T10:28:52.916+0000] {processor.py:183} INFO - Processing /opt/airflow/dags/weather_ingestion_dag.py took 2.070 seconds
[2025-12-08T10:29:23.130+0000] {processor.py:161} INFO - Started process (PID=367) to work on /opt/airflow/dags/weather_ingestion_dag.py
[2025-12-08T10:29:23.131+0000] {processor.py:830} INFO - Processing file /opt/airflow/dags/weather_ingestion_dag.py for tasks to queue
[2025-12-08T10:29:23.133+0000] {logging_mixin.py:188} INFO - [2025-12-08T10:29:23.133+0000] {dagbag.py:545} INFO - Filling up the DagBag from /opt/airflow/dags/weather_ingestion_dag.py
[2025-12-08T10:29:24.196+0000] {processor.py:840} INFO - DAG(s) 'weather_ingestion_planting_and_crop_stages' retrieved from /opt/airflow/dags/weather_ingestion_dag.py
[2025-12-08T10:29:24.267+0000] {logging_mixin.py:188} INFO - [2025-12-08T10:29:24.267+0000] {dag.py:3096} INFO - Sync 1 DAGs
[2025-12-08T10:29:24.315+0000] {logging_mixin.py:188} INFO - [2025-12-08T10:29:24.315+0000] {dag.py:3954} INFO - Setting next_dagrun for weather_ingestion_planting_and_crop_stages to 2025-12-08 02:00:00+00:00, run_after=2025-12-09 02:00:00+00:00
[2025-12-08T10:29:24.349+0000] {processor.py:183} INFO - Processing /opt/airflow/dags/weather_ingestion_dag.py took 1.233 seconds
[2025-12-08T10:29:55.070+0000] {processor.py:161} INFO - Started process (PID=399) to work on /opt/airflow/dags/weather_ingestion_dag.py
[2025-12-08T10:29:55.072+0000] {processor.py:830} INFO - Processing file /opt/airflow/dags/weather_ingestion_dag.py for tasks to queue
[2025-12-08T10:29:55.074+0000] {logging_mixin.py:188} INFO - [2025-12-08T10:29:55.073+0000] {dagbag.py:545} INFO - Filling up the DagBag from /opt/airflow/dags/weather_ingestion_dag.py
[2025-12-08T10:29:56.102+0000] {processor.py:840} INFO - DAG(s) 'weather_ingestion_planting_and_crop_stages' retrieved from /opt/airflow/dags/weather_ingestion_dag.py
[2025-12-08T10:29:56.151+0000] {logging_mixin.py:188} INFO - [2025-12-08T10:29:56.150+0000] {dag.py:3096} INFO - Sync 1 DAGs
[2025-12-08T10:29:56.191+0000] {logging_mixin.py:188} INFO - [2025-12-08T10:29:56.191+0000] {dag.py:3954} INFO - Setting next_dagrun for weather_ingestion_planting_and_crop_stages to 2025-12-08 02:00:00+00:00, run_after=2025-12-09 02:00:00+00:00
[2025-12-08T10:29:56.231+0000] {processor.py:183} INFO - Processing /opt/airflow/dags/weather_ingestion_dag.py took 1.173 seconds
[2025-12-08T10:30:26.911+0000] {processor.py:161} INFO - Started process (PID=431) to work on /opt/airflow/dags/weather_ingestion_dag.py
[2025-12-08T10:30:26.913+0000] {processor.py:830} INFO - Processing file /opt/airflow/dags/weather_ingestion_dag.py for tasks to queue
[2025-12-08T10:30:26.915+0000] {logging_mixin.py:188} INFO - [2025-12-08T10:30:26.915+0000] {dagbag.py:545} INFO - Filling up the DagBag from /opt/airflow/dags/weather_ingestion_dag.py
[2025-12-08T10:30:28.019+0000] {processor.py:840} INFO - DAG(s) 'weather_ingestion_planting_and_crop_stages' retrieved from /opt/airflow/dags/weather_ingestion_dag.py
[2025-12-08T10:30:28.091+0000] {logging_mixin.py:188} INFO - [2025-12-08T10:30:28.090+0000] {dag.py:3096} INFO - Sync 1 DAGs
[2025-12-08T10:30:28.149+0000] {logging_mixin.py:188} INFO - [2025-12-08T10:30:28.148+0000] {dag.py:3954} INFO - Setting next_dagrun for weather_ingestion_planting_and_crop_stages to 2025-12-08 02:00:00+00:00, run_after=2025-12-09 02:00:00+00:00
[2025-12-08T10:30:28.203+0000] {processor.py:183} INFO - Processing /opt/airflow/dags/weather_ingestion_dag.py took 1.312 seconds
[2025-12-08T10:30:58.488+0000] {processor.py:161} INFO - Started process (PID=454) to work on /opt/airflow/dags/weather_ingestion_dag.py
[2025-12-08T10:30:58.490+0000] {processor.py:830} INFO - Processing file /opt/airflow/dags/weather_ingestion_dag.py for tasks to queue
[2025-12-08T10:30:58.493+0000] {logging_mixin.py:188} INFO - [2025-12-08T10:30:58.492+0000] {dagbag.py:545} INFO - Filling up the DagBag from /opt/airflow/dags/weather_ingestion_dag.py
[2025-12-08T10:30:59.836+0000] {processor.py:840} INFO - DAG(s) 'weather_ingestion_planting_and_crop_stages' retrieved from /opt/airflow/dags/weather_ingestion_dag.py
[2025-12-08T10:30:59.889+0000] {logging_mixin.py:188} INFO - [2025-12-08T10:30:59.889+0000] {dag.py:3096} INFO - Sync 1 DAGs
[2025-12-08T10:30:59.931+0000] {logging_mixin.py:188} INFO - [2025-12-08T10:30:59.930+0000] {dag.py:3954} INFO - Setting next_dagrun for weather_ingestion_planting_and_crop_stages to 2025-12-08 02:00:00+00:00, run_after=2025-12-09 02:00:00+00:00
[2025-12-08T10:30:59.975+0000] {processor.py:183} INFO - Processing /opt/airflow/dags/weather_ingestion_dag.py took 1.524 seconds
[2025-12-08T10:31:30.332+0000] {processor.py:161} INFO - Started process (PID=481) to work on /opt/airflow/dags/weather_ingestion_dag.py
[2025-12-08T10:31:30.333+0000] {processor.py:830} INFO - Processing file /opt/airflow/dags/weather_ingestion_dag.py for tasks to queue
[2025-12-08T10:31:30.336+0000] {logging_mixin.py:188} INFO - [2025-12-08T10:31:30.335+0000] {dagbag.py:545} INFO - Filling up the DagBag from /opt/airflow/dags/weather_ingestion_dag.py
[2025-12-08T10:31:31.512+0000] {processor.py:840} INFO - DAG(s) 'weather_ingestion_planting_and_crop_stages' retrieved from /opt/airflow/dags/weather_ingestion_dag.py
[2025-12-08T10:31:31.582+0000] {logging_mixin.py:188} INFO - [2025-12-08T10:31:31.582+0000] {dag.py:3096} INFO - Sync 1 DAGs
[2025-12-08T10:31:31.629+0000] {logging_mixin.py:188} INFO - [2025-12-08T10:31:31.628+0000] {dag.py:3954} INFO - Setting next_dagrun for weather_ingestion_planting_and_crop_stages to 2025-12-08 02:00:00+00:00, run_after=2025-12-09 02:00:00+00:00
[2025-12-08T10:31:31.682+0000] {processor.py:183} INFO - Processing /opt/airflow/dags/weather_ingestion_dag.py took 1.365 seconds
[2025-12-08T10:32:02.044+0000] {processor.py:161} INFO - Started process (PID=513) to work on /opt/airflow/dags/weather_ingestion_dag.py
[2025-12-08T10:32:02.047+0000] {processor.py:830} INFO - Processing file /opt/airflow/dags/weather_ingestion_dag.py for tasks to queue
[2025-12-08T10:32:02.050+0000] {logging_mixin.py:188} INFO - [2025-12-08T10:32:02.049+0000] {dagbag.py:545} INFO - Filling up the DagBag from /opt/airflow/dags/weather_ingestion_dag.py
[2025-12-08T10:32:03.049+0000] {processor.py:840} INFO - DAG(s) 'weather_ingestion_planting_and_crop_stages' retrieved from /opt/airflow/dags/weather_ingestion_dag.py
[2025-12-08T10:32:03.091+0000] {logging_mixin.py:188} INFO - [2025-12-08T10:32:03.091+0000] {dag.py:3096} INFO - Sync 1 DAGs
[2025-12-08T10:32:03.130+0000] {logging_mixin.py:188} INFO - [2025-12-08T10:32:03.130+0000] {dag.py:3954} INFO - Setting next_dagrun for weather_ingestion_planting_and_crop_stages to 2025-12-08 02:00:00+00:00, run_after=2025-12-09 02:00:00+00:00
[2025-12-08T10:32:03.185+0000] {processor.py:183} INFO - Processing /opt/airflow/dags/weather_ingestion_dag.py took 1.161 seconds
[2025-12-08T10:32:33.448+0000] {processor.py:161} INFO - Started process (PID=545) to work on /opt/airflow/dags/weather_ingestion_dag.py
[2025-12-08T10:32:33.449+0000] {processor.py:830} INFO - Processing file /opt/airflow/dags/weather_ingestion_dag.py for tasks to queue
[2025-12-08T10:32:33.452+0000] {logging_mixin.py:188} INFO - [2025-12-08T10:32:33.451+0000] {dagbag.py:545} INFO - Filling up the DagBag from /opt/airflow/dags/weather_ingestion_dag.py
[2025-12-08T10:32:34.667+0000] {processor.py:840} INFO - DAG(s) 'weather_ingestion_planting_and_crop_stages' retrieved from /opt/airflow/dags/weather_ingestion_dag.py
[2025-12-08T10:32:34.736+0000] {logging_mixin.py:188} INFO - [2025-12-08T10:32:34.735+0000] {dag.py:3096} INFO - Sync 1 DAGs
[2025-12-08T10:32:34.795+0000] {logging_mixin.py:188} INFO - [2025-12-08T10:32:34.795+0000] {dag.py:3954} INFO - Setting next_dagrun for weather_ingestion_planting_and_crop_stages to 2025-12-08 02:00:00+00:00, run_after=2025-12-09 02:00:00+00:00
[2025-12-08T10:32:34.844+0000] {processor.py:183} INFO - Processing /opt/airflow/dags/weather_ingestion_dag.py took 1.408 seconds
[2025-12-08T10:33:05.610+0000] {processor.py:161} INFO - Started process (PID=577) to work on /opt/airflow/dags/weather_ingestion_dag.py
[2025-12-08T10:33:05.611+0000] {processor.py:830} INFO - Processing file /opt/airflow/dags/weather_ingestion_dag.py for tasks to queue
[2025-12-08T10:33:05.614+0000] {logging_mixin.py:188} INFO - [2025-12-08T10:33:05.613+0000] {dagbag.py:545} INFO - Filling up the DagBag from /opt/airflow/dags/weather_ingestion_dag.py
[2025-12-08T10:33:06.421+0000] {processor.py:840} INFO - DAG(s) 'weather_ingestion_planting_and_crop_stages' retrieved from /opt/airflow/dags/weather_ingestion_dag.py
[2025-12-08T10:33:06.474+0000] {logging_mixin.py:188} INFO - [2025-12-08T10:33:06.473+0000] {dag.py:3096} INFO - Sync 1 DAGs
[2025-12-08T10:33:06.506+0000] {logging_mixin.py:188} INFO - [2025-12-08T10:33:06.506+0000] {dag.py:3954} INFO - Setting next_dagrun for weather_ingestion_planting_and_crop_stages to 2025-12-08 02:00:00+00:00, run_after=2025-12-09 02:00:00+00:00
[2025-12-08T10:33:06.550+0000] {processor.py:183} INFO - Processing /opt/airflow/dags/weather_ingestion_dag.py took 0.954 seconds
[2025-12-08T10:33:37.455+0000] {processor.py:161} INFO - Started process (PID=609) to work on /opt/airflow/dags/weather_ingestion_dag.py
[2025-12-08T10:33:37.456+0000] {processor.py:830} INFO - Processing file /opt/airflow/dags/weather_ingestion_dag.py for tasks to queue
[2025-12-08T10:33:37.458+0000] {logging_mixin.py:188} INFO - [2025-12-08T10:33:37.457+0000] {dagbag.py:545} INFO - Filling up the DagBag from /opt/airflow/dags/weather_ingestion_dag.py
[2025-12-08T10:33:38.253+0000] {processor.py:840} INFO - DAG(s) 'weather_ingestion_planting_and_crop_stages' retrieved from /opt/airflow/dags/weather_ingestion_dag.py
[2025-12-08T10:33:38.309+0000] {logging_mixin.py:188} INFO - [2025-12-08T10:33:38.308+0000] {dag.py:3096} INFO - Sync 1 DAGs
[2025-12-08T10:33:38.351+0000] {logging_mixin.py:188} INFO - [2025-12-08T10:33:38.350+0000] {dag.py:3954} INFO - Setting next_dagrun for weather_ingestion_planting_and_crop_stages to 2025-12-08 02:00:00+00:00, run_after=2025-12-09 02:00:00+00:00
[2025-12-08T10:33:38.390+0000] {processor.py:183} INFO - Processing /opt/airflow/dags/weather_ingestion_dag.py took 0.947 seconds
[2025-12-08T10:34:09.000+0000] {processor.py:161} INFO - Started process (PID=641) to work on /opt/airflow/dags/weather_ingestion_dag.py
[2025-12-08T10:34:09.002+0000] {processor.py:830} INFO - Processing file /opt/airflow/dags/weather_ingestion_dag.py for tasks to queue
[2025-12-08T10:34:09.004+0000] {logging_mixin.py:188} INFO - [2025-12-08T10:34:09.004+0000] {dagbag.py:545} INFO - Filling up the DagBag from /opt/airflow/dags/weather_ingestion_dag.py
[2025-12-08T10:34:09.856+0000] {processor.py:840} INFO - DAG(s) 'weather_ingestion_planting_and_crop_stages' retrieved from /opt/airflow/dags/weather_ingestion_dag.py
[2025-12-08T10:34:09.922+0000] {logging_mixin.py:188} INFO - [2025-12-08T10:34:09.921+0000] {dag.py:3096} INFO - Sync 1 DAGs
[2025-12-08T10:34:09.969+0000] {logging_mixin.py:188} INFO - [2025-12-08T10:34:09.968+0000] {dag.py:3954} INFO - Setting next_dagrun for weather_ingestion_planting_and_crop_stages to 2025-12-08 02:00:00+00:00, run_after=2025-12-09 02:00:00+00:00
[2025-12-08T10:34:10.011+0000] {processor.py:183} INFO - Processing /opt/airflow/dags/weather_ingestion_dag.py took 1.027 seconds
[2025-12-08T10:34:40.529+0000] {processor.py:161} INFO - Started process (PID=663) to work on /opt/airflow/dags/weather_ingestion_dag.py
[2025-12-08T10:34:40.531+0000] {processor.py:830} INFO - Processing file /opt/airflow/dags/weather_ingestion_dag.py for tasks to queue
[2025-12-08T10:34:40.533+0000] {logging_mixin.py:188} INFO - [2025-12-08T10:34:40.532+0000] {dagbag.py:545} INFO - Filling up the DagBag from /opt/airflow/dags/weather_ingestion_dag.py
[2025-12-08T10:34:41.538+0000] {processor.py:840} INFO - DAG(s) 'weather_ingestion_planting_and_crop_stages' retrieved from /opt/airflow/dags/weather_ingestion_dag.py
[2025-12-08T10:34:41.594+0000] {logging_mixin.py:188} INFO - [2025-12-08T10:34:41.593+0000] {dag.py:3096} INFO - Sync 1 DAGs
[2025-12-08T10:34:41.646+0000] {logging_mixin.py:188} INFO - [2025-12-08T10:34:41.646+0000] {dag.py:3954} INFO - Setting next_dagrun for weather_ingestion_planting_and_crop_stages to 2025-12-08 02:00:00+00:00, run_after=2025-12-09 02:00:00+00:00
[2025-12-08T10:34:41.694+0000] {processor.py:183} INFO - Processing /opt/airflow/dags/weather_ingestion_dag.py took 1.181 seconds
[2025-12-08T10:35:12.291+0000] {processor.py:161} INFO - Started process (PID=691) to work on /opt/airflow/dags/weather_ingestion_dag.py
[2025-12-08T10:35:12.293+0000] {processor.py:830} INFO - Processing file /opt/airflow/dags/weather_ingestion_dag.py for tasks to queue
[2025-12-08T10:35:12.296+0000] {logging_mixin.py:188} INFO - [2025-12-08T10:35:12.295+0000] {dagbag.py:545} INFO - Filling up the DagBag from /opt/airflow/dags/weather_ingestion_dag.py
[2025-12-08T10:35:13.267+0000] {processor.py:840} INFO - DAG(s) 'weather_ingestion_planting_and_crop_stages' retrieved from /opt/airflow/dags/weather_ingestion_dag.py
[2025-12-08T10:35:13.343+0000] {logging_mixin.py:188} INFO - [2025-12-08T10:35:13.342+0000] {dag.py:3096} INFO - Sync 1 DAGs
[2025-12-08T10:35:13.413+0000] {logging_mixin.py:188} INFO - [2025-12-08T10:35:13.412+0000] {dag.py:3954} INFO - Setting next_dagrun for weather_ingestion_planting_and_crop_stages to 2025-12-08 02:00:00+00:00, run_after=2025-12-09 02:00:00+00:00
[2025-12-08T10:35:13.462+0000] {processor.py:183} INFO - Processing /opt/airflow/dags/weather_ingestion_dag.py took 1.191 seconds
[2025-12-08T10:35:43.678+0000] {processor.py:161} INFO - Started process (PID=723) to work on /opt/airflow/dags/weather_ingestion_dag.py
[2025-12-08T10:35:43.680+0000] {processor.py:830} INFO - Processing file /opt/airflow/dags/weather_ingestion_dag.py for tasks to queue
[2025-12-08T10:35:43.682+0000] {logging_mixin.py:188} INFO - [2025-12-08T10:35:43.681+0000] {dagbag.py:545} INFO - Filling up the DagBag from /opt/airflow/dags/weather_ingestion_dag.py
[2025-12-08T10:35:44.728+0000] {processor.py:840} INFO - DAG(s) 'weather_ingestion_planting_and_crop_stages' retrieved from /opt/airflow/dags/weather_ingestion_dag.py
[2025-12-08T10:35:44.795+0000] {logging_mixin.py:188} INFO - [2025-12-08T10:35:44.794+0000] {dag.py:3096} INFO - Sync 1 DAGs
[2025-12-08T10:35:44.845+0000] {logging_mixin.py:188} INFO - [2025-12-08T10:35:44.844+0000] {dag.py:3954} INFO - Setting next_dagrun for weather_ingestion_planting_and_crop_stages to 2025-12-08 02:00:00+00:00, run_after=2025-12-09 02:00:00+00:00
[2025-12-08T10:35:44.924+0000] {processor.py:183} INFO - Processing /opt/airflow/dags/weather_ingestion_dag.py took 1.263 seconds
[2025-12-08T10:36:15.667+0000] {processor.py:161} INFO - Started process (PID=753) to work on /opt/airflow/dags/weather_ingestion_dag.py
[2025-12-08T10:36:15.669+0000] {processor.py:830} INFO - Processing file /opt/airflow/dags/weather_ingestion_dag.py for tasks to queue
[2025-12-08T10:36:15.672+0000] {logging_mixin.py:188} INFO - [2025-12-08T10:36:15.671+0000] {dagbag.py:545} INFO - Filling up the DagBag from /opt/airflow/dags/weather_ingestion_dag.py
[2025-12-08T10:36:16.746+0000] {processor.py:840} INFO - DAG(s) 'weather_ingestion_planting_and_crop_stages' retrieved from /opt/airflow/dags/weather_ingestion_dag.py
[2025-12-08T10:36:16.823+0000] {logging_mixin.py:188} INFO - [2025-12-08T10:36:16.822+0000] {dag.py:3096} INFO - Sync 1 DAGs
[2025-12-08T10:36:16.896+0000] {logging_mixin.py:188} INFO - [2025-12-08T10:36:16.896+0000] {dag.py:3954} INFO - Setting next_dagrun for weather_ingestion_planting_and_crop_stages to 2025-12-08 02:00:00+00:00, run_after=2025-12-09 02:00:00+00:00
[2025-12-08T10:36:16.958+0000] {processor.py:183} INFO - Processing /opt/airflow/dags/weather_ingestion_dag.py took 1.313 seconds
[2025-12-08T10:36:47.750+0000] {processor.py:161} INFO - Started process (PID=785) to work on /opt/airflow/dags/weather_ingestion_dag.py
[2025-12-08T10:36:47.752+0000] {processor.py:830} INFO - Processing file /opt/airflow/dags/weather_ingestion_dag.py for tasks to queue
[2025-12-08T10:36:47.755+0000] {logging_mixin.py:188} INFO - [2025-12-08T10:36:47.754+0000] {dagbag.py:545} INFO - Filling up the DagBag from /opt/airflow/dags/weather_ingestion_dag.py
[2025-12-08T10:36:48.847+0000] {processor.py:840} INFO - DAG(s) 'weather_ingestion_planting_and_crop_stages' retrieved from /opt/airflow/dags/weather_ingestion_dag.py
[2025-12-08T10:36:48.929+0000] {logging_mixin.py:188} INFO - [2025-12-08T10:36:48.927+0000] {dag.py:3096} INFO - Sync 1 DAGs
[2025-12-08T10:36:49.005+0000] {logging_mixin.py:188} INFO - [2025-12-08T10:36:49.005+0000] {dag.py:3954} INFO - Setting next_dagrun for weather_ingestion_planting_and_crop_stages to 2025-12-08 02:00:00+00:00, run_after=2025-12-09 02:00:00+00:00
[2025-12-08T10:36:49.066+0000] {processor.py:183} INFO - Processing /opt/airflow/dags/weather_ingestion_dag.py took 1.336 seconds
[2025-12-08T10:37:19.816+0000] {processor.py:161} INFO - Started process (PID=817) to work on /opt/airflow/dags/weather_ingestion_dag.py
[2025-12-08T10:37:19.818+0000] {processor.py:830} INFO - Processing file /opt/airflow/dags/weather_ingestion_dag.py for tasks to queue
[2025-12-08T10:37:19.820+0000] {logging_mixin.py:188} INFO - [2025-12-08T10:37:19.820+0000] {dagbag.py:545} INFO - Filling up the DagBag from /opt/airflow/dags/weather_ingestion_dag.py
[2025-12-08T10:37:20.961+0000] {processor.py:840} INFO - DAG(s) 'weather_ingestion_planting_and_crop_stages' retrieved from /opt/airflow/dags/weather_ingestion_dag.py
[2025-12-08T10:37:21.015+0000] {logging_mixin.py:188} INFO - [2025-12-08T10:37:21.014+0000] {dag.py:3096} INFO - Sync 1 DAGs
[2025-12-08T10:37:21.068+0000] {logging_mixin.py:188} INFO - [2025-12-08T10:37:21.068+0000] {dag.py:3954} INFO - Setting next_dagrun for weather_ingestion_planting_and_crop_stages to 2025-12-08 02:00:00+00:00, run_after=2025-12-09 02:00:00+00:00
[2025-12-08T10:37:21.117+0000] {processor.py:183} INFO - Processing /opt/airflow/dags/weather_ingestion_dag.py took 1.320 seconds
[2025-12-08T10:37:54.320+0000] {processor.py:161} INFO - Started process (PID=849) to work on /opt/airflow/dags/weather_ingestion_dag.py
[2025-12-08T10:37:54.321+0000] {processor.py:830} INFO - Processing file /opt/airflow/dags/weather_ingestion_dag.py for tasks to queue
[2025-12-08T10:37:54.324+0000] {logging_mixin.py:188} INFO - [2025-12-08T10:37:54.323+0000] {dagbag.py:545} INFO - Filling up the DagBag from /opt/airflow/dags/weather_ingestion_dag.py
[2025-12-08T10:37:55.484+0000] {processor.py:840} INFO - DAG(s) 'weather_ingestion_planting_and_crop_stages' retrieved from /opt/airflow/dags/weather_ingestion_dag.py
[2025-12-08T10:37:55.584+0000] {logging_mixin.py:188} INFO - [2025-12-08T10:37:55.583+0000] {dag.py:3096} INFO - Sync 1 DAGs
[2025-12-08T10:37:55.654+0000] {logging_mixin.py:188} INFO - [2025-12-08T10:37:55.653+0000] {dag.py:3954} INFO - Setting next_dagrun for weather_ingestion_planting_and_crop_stages to 2025-12-08 02:00:00+00:00, run_after=2025-12-09 02:00:00+00:00
[2025-12-08T10:37:55.710+0000] {processor.py:183} INFO - Processing /opt/airflow/dags/weather_ingestion_dag.py took 1.409 seconds
[2025-12-08T10:38:26.164+0000] {processor.py:161} INFO - Started process (PID=867) to work on /opt/airflow/dags/weather_ingestion_dag.py
[2025-12-08T10:38:26.166+0000] {processor.py:830} INFO - Processing file /opt/airflow/dags/weather_ingestion_dag.py for tasks to queue
[2025-12-08T10:38:26.169+0000] {logging_mixin.py:188} INFO - [2025-12-08T10:38:26.168+0000] {dagbag.py:545} INFO - Filling up the DagBag from /opt/airflow/dags/weather_ingestion_dag.py
[2025-12-08T10:38:27.467+0000] {processor.py:840} INFO - DAG(s) 'weather_ingestion_planting_and_crop_stages' retrieved from /opt/airflow/dags/weather_ingestion_dag.py
[2025-12-08T10:38:27.570+0000] {logging_mixin.py:188} INFO - [2025-12-08T10:38:27.569+0000] {dag.py:3096} INFO - Sync 1 DAGs
[2025-12-08T10:38:27.679+0000] {logging_mixin.py:188} INFO - [2025-12-08T10:38:27.669+0000] {dag.py:3954} INFO - Setting next_dagrun for weather_ingestion_planting_and_crop_stages to 2025-12-08 02:00:00+00:00, run_after=2025-12-09 02:00:00+00:00
[2025-12-08T10:38:27.770+0000] {processor.py:183} INFO - Processing /opt/airflow/dags/weather_ingestion_dag.py took 1.627 seconds
[2025-12-08T10:38:57.991+0000] {processor.py:161} INFO - Started process (PID=899) to work on /opt/airflow/dags/weather_ingestion_dag.py
[2025-12-08T10:38:57.996+0000] {processor.py:830} INFO - Processing file /opt/airflow/dags/weather_ingestion_dag.py for tasks to queue
[2025-12-08T10:38:58.000+0000] {logging_mixin.py:188} INFO - [2025-12-08T10:38:57.999+0000] {dagbag.py:545} INFO - Filling up the DagBag from /opt/airflow/dags/weather_ingestion_dag.py
[2025-12-08T10:38:59.131+0000] {processor.py:840} INFO - DAG(s) 'weather_ingestion_planting_and_crop_stages' retrieved from /opt/airflow/dags/weather_ingestion_dag.py
[2025-12-08T10:38:59.239+0000] {logging_mixin.py:188} INFO - [2025-12-08T10:38:59.238+0000] {dag.py:3096} INFO - Sync 1 DAGs
[2025-12-08T10:38:59.297+0000] {logging_mixin.py:188} INFO - [2025-12-08T10:38:59.296+0000] {dag.py:3954} INFO - Setting next_dagrun for weather_ingestion_planting_and_crop_stages to 2025-12-08 02:00:00+00:00, run_after=2025-12-09 02:00:00+00:00
[2025-12-08T10:38:59.356+0000] {processor.py:183} INFO - Processing /opt/airflow/dags/weather_ingestion_dag.py took 1.406 seconds
[2025-12-08T10:39:30.248+0000] {processor.py:161} INFO - Started process (PID=930) to work on /opt/airflow/dags/weather_ingestion_dag.py
[2025-12-08T10:39:30.251+0000] {processor.py:830} INFO - Processing file /opt/airflow/dags/weather_ingestion_dag.py for tasks to queue
[2025-12-08T10:39:30.255+0000] {logging_mixin.py:188} INFO - [2025-12-08T10:39:30.254+0000] {dagbag.py:545} INFO - Filling up the DagBag from /opt/airflow/dags/weather_ingestion_dag.py
[2025-12-08T10:39:31.670+0000] {processor.py:840} INFO - DAG(s) 'weather_ingestion_planting_and_crop_stages' retrieved from /opt/airflow/dags/weather_ingestion_dag.py
[2025-12-08T10:39:31.760+0000] {logging_mixin.py:188} INFO - [2025-12-08T10:39:31.759+0000] {dag.py:3096} INFO - Sync 1 DAGs
[2025-12-08T10:39:31.832+0000] {logging_mixin.py:188} INFO - [2025-12-08T10:39:31.831+0000] {dag.py:3954} INFO - Setting next_dagrun for weather_ingestion_planting_and_crop_stages to 2025-12-08 02:00:00+00:00, run_after=2025-12-09 02:00:00+00:00
[2025-12-08T10:39:31.895+0000] {processor.py:183} INFO - Processing /opt/airflow/dags/weather_ingestion_dag.py took 1.684 seconds
[2025-12-08T10:40:02.066+0000] {processor.py:161} INFO - Started process (PID=959) to work on /opt/airflow/dags/weather_ingestion_dag.py
[2025-12-08T10:40:02.068+0000] {processor.py:830} INFO - Processing file /opt/airflow/dags/weather_ingestion_dag.py for tasks to queue
[2025-12-08T10:40:02.070+0000] {logging_mixin.py:188} INFO - [2025-12-08T10:40:02.070+0000] {dagbag.py:545} INFO - Filling up the DagBag from /opt/airflow/dags/weather_ingestion_dag.py
[2025-12-08T10:40:03.094+0000] {processor.py:840} INFO - DAG(s) 'weather_ingestion_planting_and_crop_stages' retrieved from /opt/airflow/dags/weather_ingestion_dag.py
[2025-12-08T10:40:03.162+0000] {logging_mixin.py:188} INFO - [2025-12-08T10:40:03.162+0000] {dag.py:3096} INFO - Sync 1 DAGs
[2025-12-08T10:40:03.228+0000] {logging_mixin.py:188} INFO - [2025-12-08T10:40:03.228+0000] {dag.py:3954} INFO - Setting next_dagrun for weather_ingestion_planting_and_crop_stages to 2025-12-08 02:00:00+00:00, run_after=2025-12-09 02:00:00+00:00
[2025-12-08T10:40:03.282+0000] {processor.py:183} INFO - Processing /opt/airflow/dags/weather_ingestion_dag.py took 1.234 seconds
[2025-12-08T10:40:33.450+0000] {processor.py:161} INFO - Started process (PID=991) to work on /opt/airflow/dags/weather_ingestion_dag.py
[2025-12-08T10:40:33.452+0000] {processor.py:830} INFO - Processing file /opt/airflow/dags/weather_ingestion_dag.py for tasks to queue
[2025-12-08T10:40:33.454+0000] {logging_mixin.py:188} INFO - [2025-12-08T10:40:33.454+0000] {dagbag.py:545} INFO - Filling up the DagBag from /opt/airflow/dags/weather_ingestion_dag.py
[2025-12-08T10:40:34.568+0000] {processor.py:840} INFO - DAG(s) 'weather_ingestion_planting_and_crop_stages' retrieved from /opt/airflow/dags/weather_ingestion_dag.py
[2025-12-08T10:40:34.733+0000] {logging_mixin.py:188} INFO - [2025-12-08T10:40:34.733+0000] {dag.py:3096} INFO - Sync 1 DAGs
[2025-12-08T10:40:35.586+0000] {logging_mixin.py:188} INFO - [2025-12-08T10:40:35.585+0000] {dag.py:3954} INFO - Setting next_dagrun for weather_ingestion_planting_and_crop_stages to 2025-12-08 02:00:00+00:00, run_after=2025-12-09 02:00:00+00:00
[2025-12-08T10:40:35.809+0000] {processor.py:183} INFO - Processing /opt/airflow/dags/weather_ingestion_dag.py took 2.377 seconds
[2025-12-08T10:41:06.681+0000] {processor.py:161} INFO - Started process (PID=1023) to work on /opt/airflow/dags/weather_ingestion_dag.py
[2025-12-08T10:41:06.682+0000] {processor.py:830} INFO - Processing file /opt/airflow/dags/weather_ingestion_dag.py for tasks to queue
[2025-12-08T10:41:06.685+0000] {logging_mixin.py:188} INFO - [2025-12-08T10:41:06.684+0000] {dagbag.py:545} INFO - Filling up the DagBag from /opt/airflow/dags/weather_ingestion_dag.py
[2025-12-08T10:41:09.173+0000] {processor.py:840} INFO - DAG(s) 'weather_ingestion_planting_and_crop_stages' retrieved from /opt/airflow/dags/weather_ingestion_dag.py
[2025-12-08T10:41:09.261+0000] {logging_mixin.py:188} INFO - [2025-12-08T10:41:09.260+0000] {dag.py:3096} INFO - Sync 1 DAGs
[2025-12-08T10:41:09.319+0000] {logging_mixin.py:188} INFO - [2025-12-08T10:41:09.319+0000] {dag.py:3954} INFO - Setting next_dagrun for weather_ingestion_planting_and_crop_stages to 2025-12-08 02:00:00+00:00, run_after=2025-12-09 02:00:00+00:00
[2025-12-08T10:41:09.367+0000] {processor.py:183} INFO - Processing /opt/airflow/dags/weather_ingestion_dag.py took 2.709 seconds
[2025-12-08T10:41:39.683+0000] {processor.py:161} INFO - Started process (PID=1053) to work on /opt/airflow/dags/weather_ingestion_dag.py
[2025-12-08T10:41:39.687+0000] {processor.py:830} INFO - Processing file /opt/airflow/dags/weather_ingestion_dag.py for tasks to queue
[2025-12-08T10:41:39.690+0000] {logging_mixin.py:188} INFO - [2025-12-08T10:41:39.690+0000] {dagbag.py:545} INFO - Filling up the DagBag from /opt/airflow/dags/weather_ingestion_dag.py
[2025-12-08T10:41:41.403+0000] {processor.py:840} INFO - DAG(s) 'weather_ingestion_planting_and_crop_stages' retrieved from /opt/airflow/dags/weather_ingestion_dag.py
[2025-12-08T10:41:41.522+0000] {logging_mixin.py:188} INFO - [2025-12-08T10:41:41.521+0000] {dag.py:3096} INFO - Sync 1 DAGs
[2025-12-08T10:41:41.621+0000] {logging_mixin.py:188} INFO - [2025-12-08T10:41:41.620+0000] {dag.py:3954} INFO - Setting next_dagrun for weather_ingestion_planting_and_crop_stages to 2025-12-08 02:00:00+00:00, run_after=2025-12-09 02:00:00+00:00
[2025-12-08T10:41:41.688+0000] {processor.py:183} INFO - Processing /opt/airflow/dags/weather_ingestion_dag.py took 2.030 seconds
[2025-12-08T10:42:12.144+0000] {processor.py:161} INFO - Started process (PID=1073) to work on /opt/airflow/dags/weather_ingestion_dag.py
[2025-12-08T10:42:12.146+0000] {processor.py:830} INFO - Processing file /opt/airflow/dags/weather_ingestion_dag.py for tasks to queue
[2025-12-08T10:42:12.149+0000] {logging_mixin.py:188} INFO - [2025-12-08T10:42:12.148+0000] {dagbag.py:545} INFO - Filling up the DagBag from /opt/airflow/dags/weather_ingestion_dag.py
[2025-12-08T10:42:13.470+0000] {processor.py:840} INFO - DAG(s) 'weather_ingestion_planting_and_crop_stages' retrieved from /opt/airflow/dags/weather_ingestion_dag.py
[2025-12-08T10:42:13.567+0000] {logging_mixin.py:188} INFO - [2025-12-08T10:42:13.566+0000] {dag.py:3096} INFO - Sync 1 DAGs
[2025-12-08T10:42:13.695+0000] {logging_mixin.py:188} INFO - [2025-12-08T10:42:13.694+0000] {dag.py:3954} INFO - Setting next_dagrun for weather_ingestion_planting_and_crop_stages to 2025-12-08 02:00:00+00:00, run_after=2025-12-09 02:00:00+00:00
[2025-12-08T10:42:13.833+0000] {processor.py:183} INFO - Processing /opt/airflow/dags/weather_ingestion_dag.py took 1.713 seconds
[2025-12-08T10:42:44.644+0000] {processor.py:161} INFO - Started process (PID=1105) to work on /opt/airflow/dags/weather_ingestion_dag.py
[2025-12-08T10:42:44.646+0000] {processor.py:830} INFO - Processing file /opt/airflow/dags/weather_ingestion_dag.py for tasks to queue
[2025-12-08T10:42:44.649+0000] {logging_mixin.py:188} INFO - [2025-12-08T10:42:44.648+0000] {dagbag.py:545} INFO - Filling up the DagBag from /opt/airflow/dags/weather_ingestion_dag.py
[2025-12-08T10:42:45.982+0000] {processor.py:840} INFO - DAG(s) 'weather_ingestion_planting_and_crop_stages' retrieved from /opt/airflow/dags/weather_ingestion_dag.py
[2025-12-08T10:42:46.055+0000] {logging_mixin.py:188} INFO - [2025-12-08T10:42:46.055+0000] {dag.py:3096} INFO - Sync 1 DAGs
[2025-12-08T10:42:46.127+0000] {logging_mixin.py:188} INFO - [2025-12-08T10:42:46.126+0000] {dag.py:3954} INFO - Setting next_dagrun for weather_ingestion_planting_and_crop_stages to 2025-12-08 02:00:00+00:00, run_after=2025-12-09 02:00:00+00:00
[2025-12-08T10:42:46.188+0000] {processor.py:183} INFO - Processing /opt/airflow/dags/weather_ingestion_dag.py took 1.562 seconds
