[2025-12-09T09:19:52.611+0000] {local_task_job_runner.py:120} INFO - ::group::Pre task execution logs
[2025-12-09T09:19:52.660+0000] {taskinstance.py:2076} INFO - Dependencies all met for dep_context=non-requeueable deps ti=<TaskInstance: weather_ingestion_planting_and_crop_stages.load_input_plots manual__2025-12-09T09:19:45.116999+00:00 [queued]>
[2025-12-09T09:19:52.676+0000] {taskinstance.py:2076} INFO - Dependencies all met for dep_context=requeueable deps ti=<TaskInstance: weather_ingestion_planting_and_crop_stages.load_input_plots manual__2025-12-09T09:19:45.116999+00:00 [queued]>
[2025-12-09T09:19:52.678+0000] {taskinstance.py:2306} INFO - Starting attempt 1 of 2
[2025-12-09T09:19:52.715+0000] {taskinstance.py:2330} INFO - Executing <Task(PythonOperator): load_input_plots> on 2025-12-09 09:19:45.116999+00:00
[2025-12-09T09:19:52.733+0000] {standard_task_runner.py:63} INFO - Started process 15604 to run task
[2025-12-09T09:19:52.742+0000] {standard_task_runner.py:90} INFO - Running: ['***', 'tasks', 'run', 'weather_ingestion_planting_and_crop_stages', 'load_input_plots', 'manual__2025-12-09T09:19:45.116999+00:00', '--job-id', '295', '--raw', '--subdir', 'DAGS_FOLDER/weather_ingestion_dag.py', '--cfg-path', '/tmp/tmpwb62i2ij']
[2025-12-09T09:19:52.749+0000] {standard_task_runner.py:91} INFO - Job 295: Subtask load_input_plots
[2025-12-09T09:19:52.889+0000] {task_command.py:426} INFO - Running <TaskInstance: weather_ingestion_planting_and_crop_stages.load_input_plots manual__2025-12-09T09:19:45.116999+00:00 [running]> on host caef28cdc6b7
[2025-12-09T09:19:53.170+0000] {taskinstance.py:2648} INFO - Exporting env vars: AIRFLOW_CTX_DAG_EMAIL='kennedy@nuru.solutions' AIRFLOW_CTX_DAG_OWNER='***' AIRFLOW_CTX_DAG_ID='weather_ingestion_planting_and_crop_stages' AIRFLOW_CTX_TASK_ID='load_input_plots' AIRFLOW_CTX_EXECUTION_DATE='2025-12-09T09:19:45.116999+00:00' AIRFLOW_CTX_TRY_NUMBER='1' AIRFLOW_CTX_DAG_RUN_ID='manual__2025-12-09T09:19:45.116999+00:00'
[2025-12-09T09:19:53.173+0000] {taskinstance.py:430} INFO - ::endgroup::
[2025-12-09T09:19:53.283+0000] {taskinstance.py:441} INFO - ::group::Post task execution logs
[2025-12-09T09:19:53.284+0000] {taskinstance.py:2905} ERROR - Task failed with exception
Traceback (most recent call last):
  File "/home/airflow/.local/lib/python3.10/site-packages/airflow/models/taskinstance.py", line 465, in _execute_task
    result = _execute_callable(context=context, **execute_callable_kwargs)
  File "/home/airflow/.local/lib/python3.10/site-packages/airflow/models/taskinstance.py", line 432, in _execute_callable
    return execute_callable(context=context, **execute_callable_kwargs)
  File "/home/airflow/.local/lib/python3.10/site-packages/airflow/models/baseoperator.py", line 401, in wrapper
    return func(self, *args, **kwargs)
  File "/home/airflow/.local/lib/python3.10/site-packages/airflow/operators/python.py", line 235, in execute
    return_value = self.execute_callable()
  File "/home/airflow/.local/lib/python3.10/site-packages/airflow/operators/python.py", line 252, in execute_callable
    return self.python_callable(*self.op_args, **self.op_kwargs)
  File "/opt/airflow/dags/weather_ingestion_dag.py", line 86, in load_input_plots
    raise ValueError("selected_farm_data.csv must include latitude/longitude columns")
ValueError: selected_farm_data.csv must include latitude/longitude columns
[2025-12-09T09:19:53.336+0000] {taskinstance.py:1206} INFO - Marking task as UP_FOR_RETRY. dag_id=weather_ingestion_planting_and_crop_stages, task_id=load_input_plots, run_id=manual__2025-12-09T09:19:45.116999+00:00, execution_date=20251209T091945, start_date=20251209T091952, end_date=20251209T091953
[2025-12-09T09:19:53.373+0000] {standard_task_runner.py:110} ERROR - Failed to execute job 295 for task load_input_plots (selected_farm_data.csv must include latitude/longitude columns; 15604)
[2025-12-09T09:19:53.399+0000] {local_task_job_runner.py:240} INFO - Task exited with return code 1
[2025-12-09T09:19:53.462+0000] {taskinstance.py:3503} INFO - 0 downstream tasks scheduled from follow-on schedule check
[2025-12-09T09:19:53.465+0000] {local_task_job_runner.py:222} INFO - ::endgroup::
