[2025-12-09T09:41:12.131+0000] {local_task_job_runner.py:120} INFO - ::group::Pre task execution logs
[2025-12-09T09:41:12.167+0000] {taskinstance.py:2076} INFO - Dependencies all met for dep_context=non-requeueable deps ti=<TaskInstance: weather_ingestion_planting_and_crop_stages.load_input_plots manual__2025-12-09T09:41:07.558476+00:00 [queued]>
[2025-12-09T09:41:12.186+0000] {taskinstance.py:2076} INFO - Dependencies all met for dep_context=requeueable deps ti=<TaskInstance: weather_ingestion_planting_and_crop_stages.load_input_plots manual__2025-12-09T09:41:07.558476+00:00 [queued]>
[2025-12-09T09:41:12.188+0000] {taskinstance.py:2306} INFO - Starting attempt 1 of 2
[2025-12-09T09:41:12.226+0000] {taskinstance.py:2330} INFO - Executing <Task(PythonOperator): load_input_plots> on 2025-12-09 09:41:07.558476+00:00
[2025-12-09T09:41:12.248+0000] {standard_task_runner.py:63} INFO - Started process 16829 to run task
[2025-12-09T09:41:12.254+0000] {standard_task_runner.py:90} INFO - Running: ['***', 'tasks', 'run', 'weather_ingestion_planting_and_crop_stages', 'load_input_plots', 'manual__2025-12-09T09:41:07.558476+00:00', '--job-id', '298', '--raw', '--subdir', 'DAGS_FOLDER/weather_ingestion_dag.py', '--cfg-path', '/tmp/tmp2px6ye42']
[2025-12-09T09:41:12.259+0000] {standard_task_runner.py:91} INFO - Job 298: Subtask load_input_plots
[2025-12-09T09:41:12.377+0000] {task_command.py:426} INFO - Running <TaskInstance: weather_ingestion_planting_and_crop_stages.load_input_plots manual__2025-12-09T09:41:07.558476+00:00 [running]> on host caef28cdc6b7
[2025-12-09T09:41:12.582+0000] {taskinstance.py:2648} INFO - Exporting env vars: AIRFLOW_CTX_DAG_EMAIL='kennedy@nuru.solutions' AIRFLOW_CTX_DAG_OWNER='***' AIRFLOW_CTX_DAG_ID='weather_ingestion_planting_and_crop_stages' AIRFLOW_CTX_TASK_ID='load_input_plots' AIRFLOW_CTX_EXECUTION_DATE='2025-12-09T09:41:07.558476+00:00' AIRFLOW_CTX_TRY_NUMBER='1' AIRFLOW_CTX_DAG_RUN_ID='manual__2025-12-09T09:41:07.558476+00:00'
[2025-12-09T09:41:12.584+0000] {taskinstance.py:430} INFO - ::endgroup::
[2025-12-09T09:41:13.310+0000] {logging_mixin.py:188} WARNING - /home/***/.local/lib/python3.10/site-packages/***/utils/context.py:320 AirflowContextDeprecationWarning: Accessing 'execution_date' from the template is deprecated and will be removed in a future version. Please use 'data_interval_start' or 'logical_date' instead.
[2025-12-09T09:41:13.462+0000] {python.py:237} INFO - Done. Returned value was:      plot_id  longitude  latitude  altitude       season  year
0          1  37.612253 -0.499127    1200.0  Short Rains  2021
1          2  37.640289 -0.475451    1200.0  Short Rains  2021
2          3  37.608650 -0.535121    1200.0  Short Rains  2021
3          4  37.502786 -0.397158    1200.0  Short Rains  2021
4          5  37.660059 -0.450970    1200.0  Short Rains  2021
..       ...        ...       ...       ...          ...   ...
423      424  37.023494 -0.968922    1200.0  Short Rains  2021
424      425  37.067618 -0.774982    1200.0  Short Rains  2021
425      426  37.074072 -0.963362    1200.0  Short Rains  2021
426      427  37.041612 -0.915514    1200.0  Short Rains  2021
427      428  37.066322 -0.774969    1200.0  Short Rains  2021

[428 rows x 6 columns]
[2025-12-09T09:41:13.494+0000] {taskinstance.py:441} INFO - ::group::Post task execution logs
[2025-12-09T09:41:13.565+0000] {taskinstance.py:1206} INFO - Marking task as SUCCESS. dag_id=weather_ingestion_planting_and_crop_stages, task_id=load_input_plots, run_id=manual__2025-12-09T09:41:07.558476+00:00, execution_date=20251209T094107, start_date=20251209T094112, end_date=20251209T094113
[2025-12-09T09:41:13.633+0000] {local_task_job_runner.py:240} INFO - Task exited with return code 0
[2025-12-09T09:41:13.717+0000] {taskinstance.py:3503} INFO - 1 downstream tasks scheduled from follow-on schedule check
[2025-12-09T09:41:13.723+0000] {local_task_job_runner.py:222} INFO - ::endgroup::
