[2025-12-09T02:09:56.526+0000] {local_task_job_runner.py:120} INFO - ::group::Pre task execution logs
[2025-12-09T02:09:56.570+0000] {taskinstance.py:2076} INFO - Dependencies all met for dep_context=non-requeueable deps ti=<TaskInstance: weather_ingestion_planting_and_crop_stages.load_input_plots manual__2025-12-09T02:09:53.472494+00:00 [queued]>
[2025-12-09T02:09:56.597+0000] {taskinstance.py:2076} INFO - Dependencies all met for dep_context=requeueable deps ti=<TaskInstance: weather_ingestion_planting_and_crop_stages.load_input_plots manual__2025-12-09T02:09:53.472494+00:00 [queued]>
[2025-12-09T02:09:56.599+0000] {taskinstance.py:2306} INFO - Starting attempt 1 of 2
[2025-12-09T02:09:56.639+0000] {taskinstance.py:2330} INFO - Executing <Task(PythonOperator): load_input_plots> on 2025-12-09 02:09:53.472494+00:00
[2025-12-09T02:09:56.652+0000] {standard_task_runner.py:63} INFO - Started process 1445 to run task
[2025-12-09T02:09:56.658+0000] {standard_task_runner.py:90} INFO - Running: ['***', 'tasks', 'run', 'weather_ingestion_planting_and_crop_stages', 'load_input_plots', 'manual__2025-12-09T02:09:53.472494+00:00', '--job-id', '230', '--raw', '--subdir', 'DAGS_FOLDER/weather_ingestion_dag.py', '--cfg-path', '/tmp/tmphhhn7atw']
[2025-12-09T02:09:56.667+0000] {standard_task_runner.py:91} INFO - Job 230: Subtask load_input_plots
[2025-12-09T02:09:56.800+0000] {task_command.py:426} INFO - Running <TaskInstance: weather_ingestion_planting_and_crop_stages.load_input_plots manual__2025-12-09T02:09:53.472494+00:00 [running]> on host c48c9ca27509
[2025-12-09T02:09:56.990+0000] {taskinstance.py:2648} INFO - Exporting env vars: AIRFLOW_CTX_DAG_EMAIL='kennedy@nuru.solutions' AIRFLOW_CTX_DAG_OWNER='***' AIRFLOW_CTX_DAG_ID='weather_ingestion_planting_and_crop_stages' AIRFLOW_CTX_TASK_ID='load_input_plots' AIRFLOW_CTX_EXECUTION_DATE='2025-12-09T02:09:53.472494+00:00' AIRFLOW_CTX_TRY_NUMBER='1' AIRFLOW_CTX_DAG_RUN_ID='manual__2025-12-09T02:09:53.472494+00:00'
[2025-12-09T02:09:56.991+0000] {taskinstance.py:430} INFO - ::endgroup::
[2025-12-09T02:09:57.235+0000] {logging_mixin.py:188} WARNING - /home/***/.local/lib/python3.10/site-packages/***/utils/context.py:320 AirflowContextDeprecationWarning: Accessing 'execution_date' from the template is deprecated and will be removed in a future version. Please use 'data_interval_start' or 'logical_date' instead.
[2025-12-09T02:09:57.284+0000] {python.py:237} INFO - Done. Returned value was:    plot_id  longitude  latitude  altitude       season  year
0        1  37.612253 -0.499127   1252.08  Short Rains  2021
1        2  37.640289 -0.475451   1234.50  Short Rains  2021
2        3  37.608650 -0.535121   1226.40  Short Rains  2021
[2025-12-09T02:09:57.300+0000] {taskinstance.py:441} INFO - ::group::Post task execution logs
[2025-12-09T02:09:57.355+0000] {taskinstance.py:1206} INFO - Marking task as SUCCESS. dag_id=weather_ingestion_planting_and_crop_stages, task_id=load_input_plots, run_id=manual__2025-12-09T02:09:53.472494+00:00, execution_date=20251209T020953, start_date=20251209T020956, end_date=20251209T020957
[2025-12-09T02:09:57.434+0000] {local_task_job_runner.py:240} INFO - Task exited with return code 0
[2025-12-09T02:09:57.509+0000] {taskinstance.py:3503} INFO - 0 downstream tasks scheduled from follow-on schedule check
[2025-12-09T02:09:57.513+0000] {local_task_job_runner.py:222} INFO - ::endgroup::
