[2025-12-09T10:13:14.348+0000] {processor.py:161} INFO - Started process (PID=7253) to work on /opt/airflow/dags/feature_materialization_dag.py
[2025-12-09T10:13:14.349+0000] {processor.py:830} INFO - Processing file /opt/airflow/dags/feature_materialization_dag.py for tasks to queue
[2025-12-09T10:13:14.350+0000] {logging_mixin.py:188} INFO - [2025-12-09T10:13:14.350+0000] {dagbag.py:545} INFO - Filling up the DagBag from /opt/airflow/dags/feature_materialization_dag.py
[2025-12-09T10:13:14.769+0000] {processor.py:840} INFO - DAG(s) 'feature_materialization' retrieved from /opt/airflow/dags/feature_materialization_dag.py
[2025-12-09T10:13:14.791+0000] {logging_mixin.py:188} INFO - [2025-12-09T10:13:14.791+0000] {dag.py:3096} INFO - Sync 1 DAGs
[2025-12-09T10:13:14.799+0000] {logging_mixin.py:188} INFO - [2025-12-09T10:13:14.799+0000] {dag.py:3954} INFO - Setting next_dagrun for feature_materialization to None, run_after=None
[2025-12-09T10:13:14.819+0000] {processor.py:183} INFO - Processing /opt/airflow/dags/feature_materialization_dag.py took 0.476 seconds
[2025-12-09T10:13:44.964+0000] {processor.py:161} INFO - Started process (PID=7281) to work on /opt/airflow/dags/feature_materialization_dag.py
[2025-12-09T10:13:44.965+0000] {processor.py:830} INFO - Processing file /opt/airflow/dags/feature_materialization_dag.py for tasks to queue
[2025-12-09T10:13:44.967+0000] {logging_mixin.py:188} INFO - [2025-12-09T10:13:44.967+0000] {dagbag.py:545} INFO - Filling up the DagBag from /opt/airflow/dags/feature_materialization_dag.py
[2025-12-09T10:13:45.346+0000] {processor.py:840} INFO - DAG(s) 'feature_materialization' retrieved from /opt/airflow/dags/feature_materialization_dag.py
[2025-12-09T10:13:45.366+0000] {logging_mixin.py:188} INFO - [2025-12-09T10:13:45.366+0000] {dag.py:3096} INFO - Sync 1 DAGs
[2025-12-09T10:13:45.375+0000] {logging_mixin.py:188} INFO - [2025-12-09T10:13:45.374+0000] {dag.py:3954} INFO - Setting next_dagrun for feature_materialization to None, run_after=None
[2025-12-09T10:13:45.392+0000] {processor.py:183} INFO - Processing /opt/airflow/dags/feature_materialization_dag.py took 0.433 seconds
[2025-12-09T10:14:15.464+0000] {processor.py:161} INFO - Started process (PID=7309) to work on /opt/airflow/dags/feature_materialization_dag.py
[2025-12-09T10:14:15.465+0000] {processor.py:830} INFO - Processing file /opt/airflow/dags/feature_materialization_dag.py for tasks to queue
[2025-12-09T10:14:15.466+0000] {logging_mixin.py:188} INFO - [2025-12-09T10:14:15.466+0000] {dagbag.py:545} INFO - Filling up the DagBag from /opt/airflow/dags/feature_materialization_dag.py
[2025-12-09T10:14:15.866+0000] {processor.py:840} INFO - DAG(s) 'feature_materialization' retrieved from /opt/airflow/dags/feature_materialization_dag.py
[2025-12-09T10:14:15.886+0000] {logging_mixin.py:188} INFO - [2025-12-09T10:14:15.885+0000] {dag.py:3096} INFO - Sync 1 DAGs
[2025-12-09T10:14:15.896+0000] {logging_mixin.py:188} INFO - [2025-12-09T10:14:15.895+0000] {dag.py:3954} INFO - Setting next_dagrun for feature_materialization to None, run_after=None
[2025-12-09T10:14:15.913+0000] {processor.py:183} INFO - Processing /opt/airflow/dags/feature_materialization_dag.py took 0.454 seconds
[2025-12-09T10:14:46.187+0000] {processor.py:161} INFO - Started process (PID=7337) to work on /opt/airflow/dags/feature_materialization_dag.py
[2025-12-09T10:14:46.189+0000] {processor.py:830} INFO - Processing file /opt/airflow/dags/feature_materialization_dag.py for tasks to queue
[2025-12-09T10:14:46.190+0000] {logging_mixin.py:188} INFO - [2025-12-09T10:14:46.190+0000] {dagbag.py:545} INFO - Filling up the DagBag from /opt/airflow/dags/feature_materialization_dag.py
[2025-12-09T10:14:46.579+0000] {processor.py:840} INFO - DAG(s) 'feature_materialization' retrieved from /opt/airflow/dags/feature_materialization_dag.py
[2025-12-09T10:14:46.599+0000] {logging_mixin.py:188} INFO - [2025-12-09T10:14:46.599+0000] {dag.py:3096} INFO - Sync 1 DAGs
[2025-12-09T10:14:46.608+0000] {logging_mixin.py:188} INFO - [2025-12-09T10:14:46.608+0000] {dag.py:3954} INFO - Setting next_dagrun for feature_materialization to None, run_after=None
[2025-12-09T10:14:46.625+0000] {processor.py:183} INFO - Processing /opt/airflow/dags/feature_materialization_dag.py took 0.443 seconds
[2025-12-09T10:15:16.988+0000] {processor.py:161} INFO - Started process (PID=7365) to work on /opt/airflow/dags/feature_materialization_dag.py
[2025-12-09T10:15:16.989+0000] {processor.py:830} INFO - Processing file /opt/airflow/dags/feature_materialization_dag.py for tasks to queue
[2025-12-09T10:15:16.991+0000] {logging_mixin.py:188} INFO - [2025-12-09T10:15:16.991+0000] {dagbag.py:545} INFO - Filling up the DagBag from /opt/airflow/dags/feature_materialization_dag.py
[2025-12-09T10:15:17.375+0000] {processor.py:840} INFO - DAG(s) 'feature_materialization' retrieved from /opt/airflow/dags/feature_materialization_dag.py
[2025-12-09T10:15:17.397+0000] {logging_mixin.py:188} INFO - [2025-12-09T10:15:17.397+0000] {dag.py:3096} INFO - Sync 1 DAGs
[2025-12-09T10:15:17.406+0000] {logging_mixin.py:188} INFO - [2025-12-09T10:15:17.406+0000] {dag.py:3954} INFO - Setting next_dagrun for feature_materialization to None, run_after=None
[2025-12-09T10:15:17.424+0000] {processor.py:183} INFO - Processing /opt/airflow/dags/feature_materialization_dag.py took 0.441 seconds
[2025-12-09T10:15:47.900+0000] {processor.py:161} INFO - Started process (PID=7393) to work on /opt/airflow/dags/feature_materialization_dag.py
[2025-12-09T10:15:47.902+0000] {processor.py:830} INFO - Processing file /opt/airflow/dags/feature_materialization_dag.py for tasks to queue
[2025-12-09T10:15:47.904+0000] {logging_mixin.py:188} INFO - [2025-12-09T10:15:47.903+0000] {dagbag.py:545} INFO - Filling up the DagBag from /opt/airflow/dags/feature_materialization_dag.py
[2025-12-09T10:15:48.282+0000] {processor.py:840} INFO - DAG(s) 'feature_materialization' retrieved from /opt/airflow/dags/feature_materialization_dag.py
[2025-12-09T10:15:48.303+0000] {logging_mixin.py:188} INFO - [2025-12-09T10:15:48.303+0000] {dag.py:3096} INFO - Sync 1 DAGs
[2025-12-09T10:15:48.312+0000] {logging_mixin.py:188} INFO - [2025-12-09T10:15:48.311+0000] {dag.py:3954} INFO - Setting next_dagrun for feature_materialization to None, run_after=None
[2025-12-09T10:15:48.330+0000] {processor.py:183} INFO - Processing /opt/airflow/dags/feature_materialization_dag.py took 0.436 seconds
[2025-12-09T10:16:18.697+0000] {processor.py:161} INFO - Started process (PID=7421) to work on /opt/airflow/dags/feature_materialization_dag.py
[2025-12-09T10:16:18.698+0000] {processor.py:830} INFO - Processing file /opt/airflow/dags/feature_materialization_dag.py for tasks to queue
[2025-12-09T10:16:18.700+0000] {logging_mixin.py:188} INFO - [2025-12-09T10:16:18.700+0000] {dagbag.py:545} INFO - Filling up the DagBag from /opt/airflow/dags/feature_materialization_dag.py
[2025-12-09T10:16:18.945+0000] {processor.py:840} INFO - DAG(s) 'feature_materialization' retrieved from /opt/airflow/dags/feature_materialization_dag.py
[2025-12-09T10:16:18.968+0000] {logging_mixin.py:188} INFO - [2025-12-09T10:16:18.968+0000] {dag.py:3096} INFO - Sync 1 DAGs
[2025-12-09T10:16:18.978+0000] {logging_mixin.py:188} INFO - [2025-12-09T10:16:18.978+0000] {dag.py:3954} INFO - Setting next_dagrun for feature_materialization to None, run_after=None
[2025-12-09T10:16:18.996+0000] {processor.py:183} INFO - Processing /opt/airflow/dags/feature_materialization_dag.py took 0.305 seconds
[2025-12-09T10:16:49.311+0000] {processor.py:161} INFO - Started process (PID=7449) to work on /opt/airflow/dags/feature_materialization_dag.py
[2025-12-09T10:16:49.313+0000] {processor.py:830} INFO - Processing file /opt/airflow/dags/feature_materialization_dag.py for tasks to queue
[2025-12-09T10:16:49.314+0000] {logging_mixin.py:188} INFO - [2025-12-09T10:16:49.314+0000] {dagbag.py:545} INFO - Filling up the DagBag from /opt/airflow/dags/feature_materialization_dag.py
[2025-12-09T10:16:49.550+0000] {processor.py:840} INFO - DAG(s) 'feature_materialization' retrieved from /opt/airflow/dags/feature_materialization_dag.py
[2025-12-09T10:16:49.574+0000] {logging_mixin.py:188} INFO - [2025-12-09T10:16:49.574+0000] {dag.py:3096} INFO - Sync 1 DAGs
[2025-12-09T10:16:49.585+0000] {logging_mixin.py:188} INFO - [2025-12-09T10:16:49.584+0000] {dag.py:3954} INFO - Setting next_dagrun for feature_materialization to None, run_after=None
[2025-12-09T10:16:49.604+0000] {processor.py:183} INFO - Processing /opt/airflow/dags/feature_materialization_dag.py took 0.298 seconds
[2025-12-09T10:17:19.874+0000] {processor.py:161} INFO - Started process (PID=7477) to work on /opt/airflow/dags/feature_materialization_dag.py
[2025-12-09T10:17:19.876+0000] {processor.py:830} INFO - Processing file /opt/airflow/dags/feature_materialization_dag.py for tasks to queue
[2025-12-09T10:17:19.877+0000] {logging_mixin.py:188} INFO - [2025-12-09T10:17:19.877+0000] {dagbag.py:545} INFO - Filling up the DagBag from /opt/airflow/dags/feature_materialization_dag.py
[2025-12-09T10:17:20.124+0000] {processor.py:840} INFO - DAG(s) 'feature_materialization' retrieved from /opt/airflow/dags/feature_materialization_dag.py
[2025-12-09T10:17:20.148+0000] {logging_mixin.py:188} INFO - [2025-12-09T10:17:20.148+0000] {dag.py:3096} INFO - Sync 1 DAGs
[2025-12-09T10:17:20.158+0000] {logging_mixin.py:188} INFO - [2025-12-09T10:17:20.158+0000] {dag.py:3954} INFO - Setting next_dagrun for feature_materialization to None, run_after=None
[2025-12-09T10:17:20.179+0000] {processor.py:183} INFO - Processing /opt/airflow/dags/feature_materialization_dag.py took 0.309 seconds
[2025-12-09T10:17:50.371+0000] {processor.py:161} INFO - Started process (PID=7505) to work on /opt/airflow/dags/feature_materialization_dag.py
[2025-12-09T10:17:50.372+0000] {processor.py:830} INFO - Processing file /opt/airflow/dags/feature_materialization_dag.py for tasks to queue
[2025-12-09T10:17:50.374+0000] {logging_mixin.py:188} INFO - [2025-12-09T10:17:50.374+0000] {dagbag.py:545} INFO - Filling up the DagBag from /opt/airflow/dags/feature_materialization_dag.py
[2025-12-09T10:17:50.612+0000] {processor.py:840} INFO - DAG(s) 'feature_materialization' retrieved from /opt/airflow/dags/feature_materialization_dag.py
[2025-12-09T10:17:50.634+0000] {logging_mixin.py:188} INFO - [2025-12-09T10:17:50.634+0000] {dag.py:3096} INFO - Sync 1 DAGs
[2025-12-09T10:17:50.644+0000] {logging_mixin.py:188} INFO - [2025-12-09T10:17:50.644+0000] {dag.py:3954} INFO - Setting next_dagrun for feature_materialization to None, run_after=None
[2025-12-09T10:17:50.663+0000] {processor.py:183} INFO - Processing /opt/airflow/dags/feature_materialization_dag.py took 0.297 seconds
[2025-12-09T10:18:20.901+0000] {processor.py:161} INFO - Started process (PID=7533) to work on /opt/airflow/dags/feature_materialization_dag.py
[2025-12-09T10:18:20.903+0000] {processor.py:830} INFO - Processing file /opt/airflow/dags/feature_materialization_dag.py for tasks to queue
[2025-12-09T10:18:20.905+0000] {logging_mixin.py:188} INFO - [2025-12-09T10:18:20.905+0000] {dagbag.py:545} INFO - Filling up the DagBag from /opt/airflow/dags/feature_materialization_dag.py
[2025-12-09T10:18:21.142+0000] {processor.py:840} INFO - DAG(s) 'feature_materialization' retrieved from /opt/airflow/dags/feature_materialization_dag.py
[2025-12-09T10:18:21.165+0000] {logging_mixin.py:188} INFO - [2025-12-09T10:18:21.165+0000] {dag.py:3096} INFO - Sync 1 DAGs
[2025-12-09T10:18:21.177+0000] {logging_mixin.py:188} INFO - [2025-12-09T10:18:21.177+0000] {dag.py:3954} INFO - Setting next_dagrun for feature_materialization to None, run_after=None
[2025-12-09T10:18:21.196+0000] {processor.py:183} INFO - Processing /opt/airflow/dags/feature_materialization_dag.py took 0.300 seconds
[2025-12-09T10:18:51.383+0000] {processor.py:161} INFO - Started process (PID=7561) to work on /opt/airflow/dags/feature_materialization_dag.py
[2025-12-09T10:18:51.385+0000] {processor.py:830} INFO - Processing file /opt/airflow/dags/feature_materialization_dag.py for tasks to queue
[2025-12-09T10:18:51.387+0000] {logging_mixin.py:188} INFO - [2025-12-09T10:18:51.387+0000] {dagbag.py:545} INFO - Filling up the DagBag from /opt/airflow/dags/feature_materialization_dag.py
[2025-12-09T10:18:51.617+0000] {processor.py:840} INFO - DAG(s) 'feature_materialization' retrieved from /opt/airflow/dags/feature_materialization_dag.py
[2025-12-09T10:18:51.643+0000] {logging_mixin.py:188} INFO - [2025-12-09T10:18:51.643+0000] {dag.py:3096} INFO - Sync 1 DAGs
[2025-12-09T10:18:51.653+0000] {logging_mixin.py:188} INFO - [2025-12-09T10:18:51.653+0000] {dag.py:3954} INFO - Setting next_dagrun for feature_materialization to None, run_after=None
[2025-12-09T10:18:51.672+0000] {processor.py:183} INFO - Processing /opt/airflow/dags/feature_materialization_dag.py took 0.294 seconds
[2025-12-09T10:19:21.868+0000] {processor.py:161} INFO - Started process (PID=7589) to work on /opt/airflow/dags/feature_materialization_dag.py
[2025-12-09T10:19:21.869+0000] {processor.py:830} INFO - Processing file /opt/airflow/dags/feature_materialization_dag.py for tasks to queue
[2025-12-09T10:19:21.871+0000] {logging_mixin.py:188} INFO - [2025-12-09T10:19:21.870+0000] {dagbag.py:545} INFO - Filling up the DagBag from /opt/airflow/dags/feature_materialization_dag.py
[2025-12-09T10:19:22.103+0000] {processor.py:840} INFO - DAG(s) 'feature_materialization' retrieved from /opt/airflow/dags/feature_materialization_dag.py
[2025-12-09T10:19:22.129+0000] {logging_mixin.py:188} INFO - [2025-12-09T10:19:22.128+0000] {dag.py:3096} INFO - Sync 1 DAGs
[2025-12-09T10:19:22.138+0000] {logging_mixin.py:188} INFO - [2025-12-09T10:19:22.138+0000] {dag.py:3954} INFO - Setting next_dagrun for feature_materialization to None, run_after=None
[2025-12-09T10:19:22.158+0000] {processor.py:183} INFO - Processing /opt/airflow/dags/feature_materialization_dag.py took 0.296 seconds
[2025-12-09T10:19:52.332+0000] {processor.py:161} INFO - Started process (PID=7617) to work on /opt/airflow/dags/feature_materialization_dag.py
[2025-12-09T10:19:52.333+0000] {processor.py:830} INFO - Processing file /opt/airflow/dags/feature_materialization_dag.py for tasks to queue
[2025-12-09T10:19:52.335+0000] {logging_mixin.py:188} INFO - [2025-12-09T10:19:52.335+0000] {dagbag.py:545} INFO - Filling up the DagBag from /opt/airflow/dags/feature_materialization_dag.py
[2025-12-09T10:19:52.568+0000] {processor.py:840} INFO - DAG(s) 'feature_materialization' retrieved from /opt/airflow/dags/feature_materialization_dag.py
[2025-12-09T10:19:52.592+0000] {logging_mixin.py:188} INFO - [2025-12-09T10:19:52.592+0000] {dag.py:3096} INFO - Sync 1 DAGs
[2025-12-09T10:19:52.602+0000] {logging_mixin.py:188} INFO - [2025-12-09T10:19:52.601+0000] {dag.py:3954} INFO - Setting next_dagrun for feature_materialization to None, run_after=None
[2025-12-09T10:19:52.621+0000] {processor.py:183} INFO - Processing /opt/airflow/dags/feature_materialization_dag.py took 0.294 seconds
[2025-12-09T10:20:23.509+0000] {processor.py:161} INFO - Started process (PID=7645) to work on /opt/airflow/dags/feature_materialization_dag.py
[2025-12-09T10:20:23.510+0000] {processor.py:830} INFO - Processing file /opt/airflow/dags/feature_materialization_dag.py for tasks to queue
[2025-12-09T10:20:23.512+0000] {logging_mixin.py:188} INFO - [2025-12-09T10:20:23.511+0000] {dagbag.py:545} INFO - Filling up the DagBag from /opt/airflow/dags/feature_materialization_dag.py
[2025-12-09T10:20:23.748+0000] {processor.py:840} INFO - DAG(s) 'feature_materialization' retrieved from /opt/airflow/dags/feature_materialization_dag.py
[2025-12-09T10:20:23.771+0000] {logging_mixin.py:188} INFO - [2025-12-09T10:20:23.771+0000] {dag.py:3096} INFO - Sync 1 DAGs
[2025-12-09T10:20:23.781+0000] {logging_mixin.py:188} INFO - [2025-12-09T10:20:23.781+0000] {dag.py:3954} INFO - Setting next_dagrun for feature_materialization to None, run_after=None
[2025-12-09T10:20:23.797+0000] {processor.py:183} INFO - Processing /opt/airflow/dags/feature_materialization_dag.py took 0.293 seconds
[2025-12-09T10:20:54.611+0000] {processor.py:161} INFO - Started process (PID=7673) to work on /opt/airflow/dags/feature_materialization_dag.py
[2025-12-09T10:20:54.612+0000] {processor.py:830} INFO - Processing file /opt/airflow/dags/feature_materialization_dag.py for tasks to queue
[2025-12-09T10:20:54.614+0000] {logging_mixin.py:188} INFO - [2025-12-09T10:20:54.614+0000] {dagbag.py:545} INFO - Filling up the DagBag from /opt/airflow/dags/feature_materialization_dag.py
[2025-12-09T10:20:54.854+0000] {processor.py:840} INFO - DAG(s) 'feature_materialization' retrieved from /opt/airflow/dags/feature_materialization_dag.py
[2025-12-09T10:20:54.877+0000] {logging_mixin.py:188} INFO - [2025-12-09T10:20:54.877+0000] {dag.py:3096} INFO - Sync 1 DAGs
[2025-12-09T10:20:54.887+0000] {logging_mixin.py:188} INFO - [2025-12-09T10:20:54.887+0000] {dag.py:3954} INFO - Setting next_dagrun for feature_materialization to None, run_after=None
[2025-12-09T10:20:55.065+0000] {processor.py:183} INFO - Processing /opt/airflow/dags/feature_materialization_dag.py took 0.459 seconds
[2025-12-09T10:21:25.733+0000] {processor.py:161} INFO - Started process (PID=7701) to work on /opt/airflow/dags/feature_materialization_dag.py
[2025-12-09T10:21:25.734+0000] {processor.py:830} INFO - Processing file /opt/airflow/dags/feature_materialization_dag.py for tasks to queue
[2025-12-09T10:21:25.736+0000] {logging_mixin.py:188} INFO - [2025-12-09T10:21:25.736+0000] {dagbag.py:545} INFO - Filling up the DagBag from /opt/airflow/dags/feature_materialization_dag.py
[2025-12-09T10:21:26.126+0000] {processor.py:840} INFO - DAG(s) 'feature_materialization' retrieved from /opt/airflow/dags/feature_materialization_dag.py
[2025-12-09T10:21:26.145+0000] {logging_mixin.py:188} INFO - [2025-12-09T10:21:26.145+0000] {dag.py:3096} INFO - Sync 1 DAGs
[2025-12-09T10:21:26.154+0000] {logging_mixin.py:188} INFO - [2025-12-09T10:21:26.153+0000] {dag.py:3954} INFO - Setting next_dagrun for feature_materialization to None, run_after=None
[2025-12-09T10:21:26.168+0000] {processor.py:183} INFO - Processing /opt/airflow/dags/feature_materialization_dag.py took 0.441 seconds
[2025-12-09T10:21:56.335+0000] {processor.py:161} INFO - Started process (PID=7727) to work on /opt/airflow/dags/feature_materialization_dag.py
[2025-12-09T10:21:56.337+0000] {processor.py:830} INFO - Processing file /opt/airflow/dags/feature_materialization_dag.py for tasks to queue
[2025-12-09T10:21:56.338+0000] {logging_mixin.py:188} INFO - [2025-12-09T10:21:56.338+0000] {dagbag.py:545} INFO - Filling up the DagBag from /opt/airflow/dags/feature_materialization_dag.py
[2025-12-09T10:21:56.719+0000] {processor.py:840} INFO - DAG(s) 'feature_materialization' retrieved from /opt/airflow/dags/feature_materialization_dag.py
[2025-12-09T10:21:56.739+0000] {logging_mixin.py:188} INFO - [2025-12-09T10:21:56.738+0000] {dag.py:3096} INFO - Sync 1 DAGs
[2025-12-09T10:21:56.749+0000] {logging_mixin.py:188} INFO - [2025-12-09T10:21:56.748+0000] {dag.py:3954} INFO - Setting next_dagrun for feature_materialization to None, run_after=None
[2025-12-09T10:21:56.767+0000] {processor.py:183} INFO - Processing /opt/airflow/dags/feature_materialization_dag.py took 0.436 seconds
