[2025-12-09T10:13:19.377+0000] {processor.py:161} INFO - Started process (PID=7265) to work on /opt/airflow/dags/model_training_dag.py
[2025-12-09T10:13:19.377+0000] {processor.py:830} INFO - Processing file /opt/airflow/dags/model_training_dag.py for tasks to queue
[2025-12-09T10:13:19.379+0000] {logging_mixin.py:188} INFO - [2025-12-09T10:13:19.378+0000] {dagbag.py:545} INFO - Filling up the DagBag from /opt/airflow/dags/model_training_dag.py
[2025-12-09T10:13:20.965+0000] {processor.py:840} INFO - DAG(s) 'model_training_dag_weekly' retrieved from /opt/airflow/dags/model_training_dag.py
[2025-12-09T10:13:21.167+0000] {logging_mixin.py:188} INFO - [2025-12-09T10:13:21.167+0000] {dag.py:3096} INFO - Sync 1 DAGs
[2025-12-09T10:13:21.184+0000] {logging_mixin.py:188} INFO - [2025-12-09T10:13:21.183+0000] {dag.py:3954} INFO - Setting next_dagrun for model_training_dag_weekly to 2025-12-08 03:00:00+00:00, run_after=2025-12-15 03:00:00+00:00
[2025-12-09T10:13:21.201+0000] {processor.py:183} INFO - Processing /opt/airflow/dags/model_training_dag.py took 1.830 seconds
[2025-12-09T10:13:51.459+0000] {processor.py:161} INFO - Started process (PID=7293) to work on /opt/airflow/dags/model_training_dag.py
[2025-12-09T10:13:51.461+0000] {processor.py:830} INFO - Processing file /opt/airflow/dags/model_training_dag.py for tasks to queue
[2025-12-09T10:13:51.462+0000] {logging_mixin.py:188} INFO - [2025-12-09T10:13:51.462+0000] {dagbag.py:545} INFO - Filling up the DagBag from /opt/airflow/dags/model_training_dag.py
[2025-12-09T10:13:53.072+0000] {processor.py:840} INFO - DAG(s) 'model_training_dag_weekly' retrieved from /opt/airflow/dags/model_training_dag.py
[2025-12-09T10:13:53.092+0000] {logging_mixin.py:188} INFO - [2025-12-09T10:13:53.091+0000] {dag.py:3096} INFO - Sync 1 DAGs
[2025-12-09T10:13:53.297+0000] {logging_mixin.py:188} INFO - [2025-12-09T10:13:53.297+0000] {dag.py:3954} INFO - Setting next_dagrun for model_training_dag_weekly to 2025-12-08 03:00:00+00:00, run_after=2025-12-15 03:00:00+00:00
[2025-12-09T10:13:53.316+0000] {processor.py:183} INFO - Processing /opt/airflow/dags/model_training_dag.py took 1.862 seconds
[2025-12-09T10:14:23.985+0000] {processor.py:161} INFO - Started process (PID=7321) to work on /opt/airflow/dags/model_training_dag.py
[2025-12-09T10:14:23.987+0000] {processor.py:830} INFO - Processing file /opt/airflow/dags/model_training_dag.py for tasks to queue
[2025-12-09T10:14:23.988+0000] {logging_mixin.py:188} INFO - [2025-12-09T10:14:23.988+0000] {dagbag.py:545} INFO - Filling up the DagBag from /opt/airflow/dags/model_training_dag.py
[2025-12-09T10:14:25.824+0000] {processor.py:840} INFO - DAG(s) 'model_training_dag_weekly' retrieved from /opt/airflow/dags/model_training_dag.py
[2025-12-09T10:14:25.844+0000] {logging_mixin.py:188} INFO - [2025-12-09T10:14:25.844+0000] {dag.py:3096} INFO - Sync 1 DAGs
[2025-12-09T10:14:25.861+0000] {logging_mixin.py:188} INFO - [2025-12-09T10:14:25.860+0000] {dag.py:3954} INFO - Setting next_dagrun for model_training_dag_weekly to 2025-12-08 03:00:00+00:00, run_after=2025-12-15 03:00:00+00:00
[2025-12-09T10:14:25.879+0000] {processor.py:183} INFO - Processing /opt/airflow/dags/model_training_dag.py took 1.899 seconds
[2025-12-09T10:14:56.060+0000] {processor.py:161} INFO - Started process (PID=7349) to work on /opt/airflow/dags/model_training_dag.py
[2025-12-09T10:14:56.062+0000] {processor.py:830} INFO - Processing file /opt/airflow/dags/model_training_dag.py for tasks to queue
[2025-12-09T10:14:56.063+0000] {logging_mixin.py:188} INFO - [2025-12-09T10:14:56.063+0000] {dagbag.py:545} INFO - Filling up the DagBag from /opt/airflow/dags/model_training_dag.py
[2025-12-09T10:14:57.822+0000] {processor.py:840} INFO - DAG(s) 'model_training_dag_weekly' retrieved from /opt/airflow/dags/model_training_dag.py
[2025-12-09T10:14:57.842+0000] {logging_mixin.py:188} INFO - [2025-12-09T10:14:57.842+0000] {dag.py:3096} INFO - Sync 1 DAGs
[2025-12-09T10:14:57.860+0000] {logging_mixin.py:188} INFO - [2025-12-09T10:14:57.859+0000] {dag.py:3954} INFO - Setting next_dagrun for model_training_dag_weekly to 2025-12-08 03:00:00+00:00, run_after=2025-12-15 03:00:00+00:00
[2025-12-09T10:14:57.874+0000] {processor.py:183} INFO - Processing /opt/airflow/dags/model_training_dag.py took 1.819 seconds
[2025-12-09T10:15:28.504+0000] {processor.py:161} INFO - Started process (PID=7377) to work on /opt/airflow/dags/model_training_dag.py
[2025-12-09T10:15:28.506+0000] {processor.py:830} INFO - Processing file /opt/airflow/dags/model_training_dag.py for tasks to queue
[2025-12-09T10:15:28.508+0000] {logging_mixin.py:188} INFO - [2025-12-09T10:15:28.508+0000] {dagbag.py:545} INFO - Filling up the DagBag from /opt/airflow/dags/model_training_dag.py
[2025-12-09T10:15:30.298+0000] {processor.py:840} INFO - DAG(s) 'model_training_dag_weekly' retrieved from /opt/airflow/dags/model_training_dag.py
[2025-12-09T10:15:30.320+0000] {logging_mixin.py:188} INFO - [2025-12-09T10:15:30.320+0000] {dag.py:3096} INFO - Sync 1 DAGs
[2025-12-09T10:15:30.337+0000] {logging_mixin.py:188} INFO - [2025-12-09T10:15:30.337+0000] {dag.py:3954} INFO - Setting next_dagrun for model_training_dag_weekly to 2025-12-08 03:00:00+00:00, run_after=2025-12-15 03:00:00+00:00
[2025-12-09T10:15:30.355+0000] {processor.py:183} INFO - Processing /opt/airflow/dags/model_training_dag.py took 1.856 seconds
[2025-12-09T10:16:00.417+0000] {processor.py:161} INFO - Started process (PID=7405) to work on /opt/airflow/dags/model_training_dag.py
[2025-12-09T10:16:00.418+0000] {processor.py:830} INFO - Processing file /opt/airflow/dags/model_training_dag.py for tasks to queue
[2025-12-09T10:16:00.420+0000] {logging_mixin.py:188} INFO - [2025-12-09T10:16:00.420+0000] {dagbag.py:545} INFO - Filling up the DagBag from /opt/airflow/dags/model_training_dag.py
[2025-12-09T10:16:02.140+0000] {processor.py:840} INFO - DAG(s) 'model_training_dag_weekly' retrieved from /opt/airflow/dags/model_training_dag.py
[2025-12-09T10:16:02.161+0000] {logging_mixin.py:188} INFO - [2025-12-09T10:16:02.160+0000] {dag.py:3096} INFO - Sync 1 DAGs
[2025-12-09T10:16:02.176+0000] {logging_mixin.py:188} INFO - [2025-12-09T10:16:02.176+0000] {dag.py:3954} INFO - Setting next_dagrun for model_training_dag_weekly to 2025-12-08 03:00:00+00:00, run_after=2025-12-15 03:00:00+00:00
[2025-12-09T10:16:02.193+0000] {processor.py:183} INFO - Processing /opt/airflow/dags/model_training_dag.py took 1.781 seconds
[2025-12-09T10:16:32.239+0000] {processor.py:161} INFO - Started process (PID=7433) to work on /opt/airflow/dags/model_training_dag.py
[2025-12-09T10:16:32.241+0000] {processor.py:830} INFO - Processing file /opt/airflow/dags/model_training_dag.py for tasks to queue
[2025-12-09T10:16:32.242+0000] {logging_mixin.py:188} INFO - [2025-12-09T10:16:32.242+0000] {dagbag.py:545} INFO - Filling up the DagBag from /opt/airflow/dags/model_training_dag.py
[2025-12-09T10:16:33.952+0000] {processor.py:840} INFO - DAG(s) 'model_training_dag_weekly' retrieved from /opt/airflow/dags/model_training_dag.py
[2025-12-09T10:16:33.972+0000] {logging_mixin.py:188} INFO - [2025-12-09T10:16:33.972+0000] {dag.py:3096} INFO - Sync 1 DAGs
[2025-12-09T10:16:33.991+0000] {logging_mixin.py:188} INFO - [2025-12-09T10:16:33.990+0000] {dag.py:3954} INFO - Setting next_dagrun for model_training_dag_weekly to 2025-12-08 03:00:00+00:00, run_after=2025-12-15 03:00:00+00:00
[2025-12-09T10:16:34.009+0000] {processor.py:183} INFO - Processing /opt/airflow/dags/model_training_dag.py took 1.775 seconds
[2025-12-09T10:17:04.706+0000] {processor.py:161} INFO - Started process (PID=7461) to work on /opt/airflow/dags/model_training_dag.py
[2025-12-09T10:17:04.707+0000] {processor.py:830} INFO - Processing file /opt/airflow/dags/model_training_dag.py for tasks to queue
[2025-12-09T10:17:04.709+0000] {logging_mixin.py:188} INFO - [2025-12-09T10:17:04.708+0000] {dagbag.py:545} INFO - Filling up the DagBag from /opt/airflow/dags/model_training_dag.py
[2025-12-09T10:17:06.374+0000] {processor.py:840} INFO - DAG(s) 'model_training_dag_weekly' retrieved from /opt/airflow/dags/model_training_dag.py
[2025-12-09T10:17:06.394+0000] {logging_mixin.py:188} INFO - [2025-12-09T10:17:06.394+0000] {dag.py:3096} INFO - Sync 1 DAGs
[2025-12-09T10:17:06.413+0000] {logging_mixin.py:188} INFO - [2025-12-09T10:17:06.412+0000] {dag.py:3954} INFO - Setting next_dagrun for model_training_dag_weekly to 2025-12-08 03:00:00+00:00, run_after=2025-12-15 03:00:00+00:00
[2025-12-09T10:17:06.430+0000] {processor.py:183} INFO - Processing /opt/airflow/dags/model_training_dag.py took 1.730 seconds
[2025-12-09T10:17:37.294+0000] {processor.py:161} INFO - Started process (PID=7489) to work on /opt/airflow/dags/model_training_dag.py
[2025-12-09T10:17:37.295+0000] {processor.py:830} INFO - Processing file /opt/airflow/dags/model_training_dag.py for tasks to queue
[2025-12-09T10:17:37.297+0000] {logging_mixin.py:188} INFO - [2025-12-09T10:17:37.296+0000] {dagbag.py:545} INFO - Filling up the DagBag from /opt/airflow/dags/model_training_dag.py
[2025-12-09T10:17:38.951+0000] {processor.py:840} INFO - DAG(s) 'model_training_dag_weekly' retrieved from /opt/airflow/dags/model_training_dag.py
[2025-12-09T10:17:38.969+0000] {logging_mixin.py:188} INFO - [2025-12-09T10:17:38.969+0000] {dag.py:3096} INFO - Sync 1 DAGs
[2025-12-09T10:17:38.986+0000] {logging_mixin.py:188} INFO - [2025-12-09T10:17:38.985+0000] {dag.py:3954} INFO - Setting next_dagrun for model_training_dag_weekly to 2025-12-08 03:00:00+00:00, run_after=2025-12-15 03:00:00+00:00
[2025-12-09T10:17:39.002+0000] {processor.py:183} INFO - Processing /opt/airflow/dags/model_training_dag.py took 1.714 seconds
[2025-12-09T10:18:09.779+0000] {processor.py:161} INFO - Started process (PID=7517) to work on /opt/airflow/dags/model_training_dag.py
[2025-12-09T10:18:09.780+0000] {processor.py:830} INFO - Processing file /opt/airflow/dags/model_training_dag.py for tasks to queue
[2025-12-09T10:18:09.782+0000] {logging_mixin.py:188} INFO - [2025-12-09T10:18:09.782+0000] {dagbag.py:545} INFO - Filling up the DagBag from /opt/airflow/dags/model_training_dag.py
[2025-12-09T10:18:11.403+0000] {processor.py:840} INFO - DAG(s) 'model_training_dag_weekly' retrieved from /opt/airflow/dags/model_training_dag.py
[2025-12-09T10:18:11.423+0000] {logging_mixin.py:188} INFO - [2025-12-09T10:18:11.423+0000] {dag.py:3096} INFO - Sync 1 DAGs
[2025-12-09T10:18:11.440+0000] {logging_mixin.py:188} INFO - [2025-12-09T10:18:11.440+0000] {dag.py:3954} INFO - Setting next_dagrun for model_training_dag_weekly to 2025-12-08 03:00:00+00:00, run_after=2025-12-15 03:00:00+00:00
[2025-12-09T10:18:11.457+0000] {processor.py:183} INFO - Processing /opt/airflow/dags/model_training_dag.py took 1.683 seconds
[2025-12-09T10:18:42.323+0000] {processor.py:161} INFO - Started process (PID=7545) to work on /opt/airflow/dags/model_training_dag.py
[2025-12-09T10:18:42.325+0000] {processor.py:830} INFO - Processing file /opt/airflow/dags/model_training_dag.py for tasks to queue
[2025-12-09T10:18:42.326+0000] {logging_mixin.py:188} INFO - [2025-12-09T10:18:42.326+0000] {dagbag.py:545} INFO - Filling up the DagBag from /opt/airflow/dags/model_training_dag.py
[2025-12-09T10:18:43.926+0000] {processor.py:840} INFO - DAG(s) 'model_training_dag_weekly' retrieved from /opt/airflow/dags/model_training_dag.py
[2025-12-09T10:18:43.947+0000] {logging_mixin.py:188} INFO - [2025-12-09T10:18:43.947+0000] {dag.py:3096} INFO - Sync 1 DAGs
[2025-12-09T10:18:43.963+0000] {logging_mixin.py:188} INFO - [2025-12-09T10:18:43.963+0000] {dag.py:3954} INFO - Setting next_dagrun for model_training_dag_weekly to 2025-12-08 03:00:00+00:00, run_after=2025-12-15 03:00:00+00:00
[2025-12-09T10:18:43.980+0000] {processor.py:183} INFO - Processing /opt/airflow/dags/model_training_dag.py took 1.662 seconds
[2025-12-09T10:19:14.819+0000] {processor.py:161} INFO - Started process (PID=7573) to work on /opt/airflow/dags/model_training_dag.py
[2025-12-09T10:19:14.820+0000] {processor.py:830} INFO - Processing file /opt/airflow/dags/model_training_dag.py for tasks to queue
[2025-12-09T10:19:14.822+0000] {logging_mixin.py:188} INFO - [2025-12-09T10:19:14.822+0000] {dagbag.py:545} INFO - Filling up the DagBag from /opt/airflow/dags/model_training_dag.py
[2025-12-09T10:19:16.481+0000] {processor.py:840} INFO - DAG(s) 'model_training_dag_weekly' retrieved from /opt/airflow/dags/model_training_dag.py
[2025-12-09T10:19:16.504+0000] {logging_mixin.py:188} INFO - [2025-12-09T10:19:16.503+0000] {dag.py:3096} INFO - Sync 1 DAGs
[2025-12-09T10:19:16.520+0000] {logging_mixin.py:188} INFO - [2025-12-09T10:19:16.520+0000] {dag.py:3954} INFO - Setting next_dagrun for model_training_dag_weekly to 2025-12-08 03:00:00+00:00, run_after=2025-12-15 03:00:00+00:00
[2025-12-09T10:19:16.537+0000] {processor.py:183} INFO - Processing /opt/airflow/dags/model_training_dag.py took 1.723 seconds
[2025-12-09T10:19:46.577+0000] {processor.py:161} INFO - Started process (PID=7601) to work on /opt/airflow/dags/model_training_dag.py
[2025-12-09T10:19:46.578+0000] {processor.py:830} INFO - Processing file /opt/airflow/dags/model_training_dag.py for tasks to queue
[2025-12-09T10:19:46.580+0000] {logging_mixin.py:188} INFO - [2025-12-09T10:19:46.579+0000] {dagbag.py:545} INFO - Filling up the DagBag from /opt/airflow/dags/model_training_dag.py
[2025-12-09T10:19:48.210+0000] {processor.py:840} INFO - DAG(s) 'model_training_dag_weekly' retrieved from /opt/airflow/dags/model_training_dag.py
[2025-12-09T10:19:48.230+0000] {logging_mixin.py:188} INFO - [2025-12-09T10:19:48.229+0000] {dag.py:3096} INFO - Sync 1 DAGs
[2025-12-09T10:19:48.247+0000] {logging_mixin.py:188} INFO - [2025-12-09T10:19:48.247+0000] {dag.py:3954} INFO - Setting next_dagrun for model_training_dag_weekly to 2025-12-08 03:00:00+00:00, run_after=2025-12-15 03:00:00+00:00
[2025-12-09T10:19:48.267+0000] {processor.py:183} INFO - Processing /opt/airflow/dags/model_training_dag.py took 1.695 seconds
[2025-12-09T10:20:18.761+0000] {processor.py:161} INFO - Started process (PID=7629) to work on /opt/airflow/dags/model_training_dag.py
[2025-12-09T10:20:18.763+0000] {processor.py:830} INFO - Processing file /opt/airflow/dags/model_training_dag.py for tasks to queue
[2025-12-09T10:20:18.765+0000] {logging_mixin.py:188} INFO - [2025-12-09T10:20:18.764+0000] {dagbag.py:545} INFO - Filling up the DagBag from /opt/airflow/dags/model_training_dag.py
[2025-12-09T10:20:20.400+0000] {processor.py:840} INFO - DAG(s) 'model_training_dag_weekly' retrieved from /opt/airflow/dags/model_training_dag.py
[2025-12-09T10:20:20.421+0000] {logging_mixin.py:188} INFO - [2025-12-09T10:20:20.421+0000] {dag.py:3096} INFO - Sync 1 DAGs
[2025-12-09T10:20:20.436+0000] {logging_mixin.py:188} INFO - [2025-12-09T10:20:20.436+0000] {dag.py:3954} INFO - Setting next_dagrun for model_training_dag_weekly to 2025-12-08 03:00:00+00:00, run_after=2025-12-15 03:00:00+00:00
[2025-12-09T10:20:20.455+0000] {processor.py:183} INFO - Processing /opt/airflow/dags/model_training_dag.py took 1.699 seconds
[2025-12-09T10:20:50.936+0000] {processor.py:161} INFO - Started process (PID=7657) to work on /opt/airflow/dags/model_training_dag.py
[2025-12-09T10:20:50.937+0000] {processor.py:830} INFO - Processing file /opt/airflow/dags/model_training_dag.py for tasks to queue
[2025-12-09T10:20:50.939+0000] {logging_mixin.py:188} INFO - [2025-12-09T10:20:50.939+0000] {dagbag.py:545} INFO - Filling up the DagBag from /opt/airflow/dags/model_training_dag.py
[2025-12-09T10:20:52.509+0000] {processor.py:840} INFO - DAG(s) 'model_training_dag_weekly' retrieved from /opt/airflow/dags/model_training_dag.py
[2025-12-09T10:20:52.527+0000] {logging_mixin.py:188} INFO - [2025-12-09T10:20:52.527+0000] {dag.py:3096} INFO - Sync 1 DAGs
[2025-12-09T10:20:52.544+0000] {logging_mixin.py:188} INFO - [2025-12-09T10:20:52.543+0000] {dag.py:3954} INFO - Setting next_dagrun for model_training_dag_weekly to 2025-12-08 03:00:00+00:00, run_after=2025-12-15 03:00:00+00:00
[2025-12-09T10:20:52.561+0000] {processor.py:183} INFO - Processing /opt/airflow/dags/model_training_dag.py took 1.630 seconds
[2025-12-09T10:21:23.217+0000] {processor.py:161} INFO - Started process (PID=7685) to work on /opt/airflow/dags/model_training_dag.py
[2025-12-09T10:21:23.219+0000] {processor.py:830} INFO - Processing file /opt/airflow/dags/model_training_dag.py for tasks to queue
[2025-12-09T10:21:23.220+0000] {logging_mixin.py:188} INFO - [2025-12-09T10:21:23.220+0000] {dagbag.py:545} INFO - Filling up the DagBag from /opt/airflow/dags/model_training_dag.py
[2025-12-09T10:21:24.862+0000] {processor.py:840} INFO - DAG(s) 'model_training_dag_weekly' retrieved from /opt/airflow/dags/model_training_dag.py
[2025-12-09T10:21:24.881+0000] {logging_mixin.py:188} INFO - [2025-12-09T10:21:24.880+0000] {dag.py:3096} INFO - Sync 1 DAGs
[2025-12-09T10:21:24.896+0000] {logging_mixin.py:188} INFO - [2025-12-09T10:21:24.896+0000] {dag.py:3954} INFO - Setting next_dagrun for model_training_dag_weekly to 2025-12-08 03:00:00+00:00, run_after=2025-12-15 03:00:00+00:00
[2025-12-09T10:21:24.913+0000] {processor.py:183} INFO - Processing /opt/airflow/dags/model_training_dag.py took 1.702 seconds
[2025-12-09T10:21:55.324+0000] {processor.py:161} INFO - Started process (PID=7717) to work on /opt/airflow/dags/model_training_dag.py
[2025-12-09T10:21:55.326+0000] {processor.py:830} INFO - Processing file /opt/airflow/dags/model_training_dag.py for tasks to queue
[2025-12-09T10:21:55.327+0000] {logging_mixin.py:188} INFO - [2025-12-09T10:21:55.327+0000] {dagbag.py:545} INFO - Filling up the DagBag from /opt/airflow/dags/model_training_dag.py
[2025-12-09T10:21:56.935+0000] {processor.py:840} INFO - DAG(s) 'model_training_dag_weekly' retrieved from /opt/airflow/dags/model_training_dag.py
[2025-12-09T10:21:56.954+0000] {logging_mixin.py:188} INFO - [2025-12-09T10:21:56.953+0000] {dag.py:3096} INFO - Sync 1 DAGs
[2025-12-09T10:21:56.970+0000] {logging_mixin.py:188} INFO - [2025-12-09T10:21:56.970+0000] {dag.py:3954} INFO - Setting next_dagrun for model_training_dag_weekly to 2025-12-08 03:00:00+00:00, run_after=2025-12-15 03:00:00+00:00
[2025-12-09T10:21:56.984+0000] {processor.py:183} INFO - Processing /opt/airflow/dags/model_training_dag.py took 1.666 seconds
