[2025-12-09T10:13:15.854+0000] {processor.py:161} INFO - Started process (PID=7259) to work on /opt/airflow/dags/satellite_ingestion_dag.py
[2025-12-09T10:13:15.855+0000] {processor.py:830} INFO - Processing file /opt/airflow/dags/satellite_ingestion_dag.py for tasks to queue
[2025-12-09T10:13:15.856+0000] {logging_mixin.py:188} INFO - [2025-12-09T10:13:15.856+0000] {dagbag.py:545} INFO - Filling up the DagBag from /opt/airflow/dags/satellite_ingestion_dag.py
[2025-12-09T10:13:16.301+0000] {processor.py:840} INFO - DAG(s) 'satellite_ingestion' retrieved from /opt/airflow/dags/satellite_ingestion_dag.py
[2025-12-09T10:13:16.319+0000] {logging_mixin.py:188} INFO - [2025-12-09T10:13:16.319+0000] {dag.py:3096} INFO - Sync 1 DAGs
[2025-12-09T10:13:16.328+0000] {logging_mixin.py:188} INFO - [2025-12-09T10:13:16.327+0000] {dag.py:3954} INFO - Setting next_dagrun for satellite_ingestion to None, run_after=None
[2025-12-09T10:13:16.341+0000] {processor.py:183} INFO - Processing /opt/airflow/dags/satellite_ingestion_dag.py took 0.492 seconds
[2025-12-09T10:13:46.427+0000] {processor.py:161} INFO - Started process (PID=7287) to work on /opt/airflow/dags/satellite_ingestion_dag.py
[2025-12-09T10:13:46.429+0000] {processor.py:830} INFO - Processing file /opt/airflow/dags/satellite_ingestion_dag.py for tasks to queue
[2025-12-09T10:13:46.430+0000] {logging_mixin.py:188} INFO - [2025-12-09T10:13:46.430+0000] {dagbag.py:545} INFO - Filling up the DagBag from /opt/airflow/dags/satellite_ingestion_dag.py
[2025-12-09T10:13:46.870+0000] {processor.py:840} INFO - DAG(s) 'satellite_ingestion' retrieved from /opt/airflow/dags/satellite_ingestion_dag.py
[2025-12-09T10:13:46.890+0000] {logging_mixin.py:188} INFO - [2025-12-09T10:13:46.889+0000] {dag.py:3096} INFO - Sync 1 DAGs
[2025-12-09T10:13:46.900+0000] {logging_mixin.py:188} INFO - [2025-12-09T10:13:46.900+0000] {dag.py:3954} INFO - Setting next_dagrun for satellite_ingestion to None, run_after=None
[2025-12-09T10:13:46.918+0000] {processor.py:183} INFO - Processing /opt/airflow/dags/satellite_ingestion_dag.py took 0.496 seconds
[2025-12-09T10:14:17.556+0000] {processor.py:161} INFO - Started process (PID=7315) to work on /opt/airflow/dags/satellite_ingestion_dag.py
[2025-12-09T10:14:17.558+0000] {processor.py:830} INFO - Processing file /opt/airflow/dags/satellite_ingestion_dag.py for tasks to queue
[2025-12-09T10:14:17.560+0000] {logging_mixin.py:188} INFO - [2025-12-09T10:14:17.559+0000] {dagbag.py:545} INFO - Filling up the DagBag from /opt/airflow/dags/satellite_ingestion_dag.py
[2025-12-09T10:14:18.004+0000] {processor.py:840} INFO - DAG(s) 'satellite_ingestion' retrieved from /opt/airflow/dags/satellite_ingestion_dag.py
[2025-12-09T10:14:18.025+0000] {logging_mixin.py:188} INFO - [2025-12-09T10:14:18.025+0000] {dag.py:3096} INFO - Sync 1 DAGs
[2025-12-09T10:14:18.034+0000] {logging_mixin.py:188} INFO - [2025-12-09T10:14:18.034+0000] {dag.py:3954} INFO - Setting next_dagrun for satellite_ingestion to None, run_after=None
[2025-12-09T10:14:18.052+0000] {processor.py:183} INFO - Processing /opt/airflow/dags/satellite_ingestion_dag.py took 0.501 seconds
[2025-12-09T10:14:48.500+0000] {processor.py:161} INFO - Started process (PID=7343) to work on /opt/airflow/dags/satellite_ingestion_dag.py
[2025-12-09T10:14:48.502+0000] {processor.py:830} INFO - Processing file /opt/airflow/dags/satellite_ingestion_dag.py for tasks to queue
[2025-12-09T10:14:48.503+0000] {logging_mixin.py:188} INFO - [2025-12-09T10:14:48.503+0000] {dagbag.py:545} INFO - Filling up the DagBag from /opt/airflow/dags/satellite_ingestion_dag.py
[2025-12-09T10:14:48.953+0000] {processor.py:840} INFO - DAG(s) 'satellite_ingestion' retrieved from /opt/airflow/dags/satellite_ingestion_dag.py
[2025-12-09T10:14:48.973+0000] {logging_mixin.py:188} INFO - [2025-12-09T10:14:48.973+0000] {dag.py:3096} INFO - Sync 1 DAGs
[2025-12-09T10:14:48.982+0000] {logging_mixin.py:188} INFO - [2025-12-09T10:14:48.982+0000] {dag.py:3954} INFO - Setting next_dagrun for satellite_ingestion to None, run_after=None
[2025-12-09T10:14:48.997+0000] {processor.py:183} INFO - Processing /opt/airflow/dags/satellite_ingestion_dag.py took 0.503 seconds
[2025-12-09T10:15:19.266+0000] {processor.py:161} INFO - Started process (PID=7371) to work on /opt/airflow/dags/satellite_ingestion_dag.py
[2025-12-09T10:15:19.268+0000] {processor.py:830} INFO - Processing file /opt/airflow/dags/satellite_ingestion_dag.py for tasks to queue
[2025-12-09T10:15:19.269+0000] {logging_mixin.py:188} INFO - [2025-12-09T10:15:19.269+0000] {dagbag.py:545} INFO - Filling up the DagBag from /opt/airflow/dags/satellite_ingestion_dag.py
[2025-12-09T10:15:19.705+0000] {processor.py:840} INFO - DAG(s) 'satellite_ingestion' retrieved from /opt/airflow/dags/satellite_ingestion_dag.py
[2025-12-09T10:15:19.725+0000] {logging_mixin.py:188} INFO - [2025-12-09T10:15:19.725+0000] {dag.py:3096} INFO - Sync 1 DAGs
[2025-12-09T10:15:19.734+0000] {logging_mixin.py:188} INFO - [2025-12-09T10:15:19.734+0000] {dag.py:3954} INFO - Setting next_dagrun for satellite_ingestion to None, run_after=None
[2025-12-09T10:15:19.752+0000] {processor.py:183} INFO - Processing /opt/airflow/dags/satellite_ingestion_dag.py took 0.491 seconds
[2025-12-09T10:15:49.947+0000] {processor.py:161} INFO - Started process (PID=7399) to work on /opt/airflow/dags/satellite_ingestion_dag.py
[2025-12-09T10:15:49.948+0000] {processor.py:830} INFO - Processing file /opt/airflow/dags/satellite_ingestion_dag.py for tasks to queue
[2025-12-09T10:15:49.950+0000] {logging_mixin.py:188} INFO - [2025-12-09T10:15:49.950+0000] {dagbag.py:545} INFO - Filling up the DagBag from /opt/airflow/dags/satellite_ingestion_dag.py
[2025-12-09T10:15:50.377+0000] {processor.py:840} INFO - DAG(s) 'satellite_ingestion' retrieved from /opt/airflow/dags/satellite_ingestion_dag.py
[2025-12-09T10:15:50.397+0000] {logging_mixin.py:188} INFO - [2025-12-09T10:15:50.397+0000] {dag.py:3096} INFO - Sync 1 DAGs
[2025-12-09T10:15:50.406+0000] {logging_mixin.py:188} INFO - [2025-12-09T10:15:50.405+0000] {dag.py:3954} INFO - Setting next_dagrun for satellite_ingestion to None, run_after=None
[2025-12-09T10:15:50.423+0000] {processor.py:183} INFO - Processing /opt/airflow/dags/satellite_ingestion_dag.py took 0.482 seconds
[2025-12-09T10:16:20.823+0000] {processor.py:161} INFO - Started process (PID=7427) to work on /opt/airflow/dags/satellite_ingestion_dag.py
[2025-12-09T10:16:20.824+0000] {processor.py:830} INFO - Processing file /opt/airflow/dags/satellite_ingestion_dag.py for tasks to queue
[2025-12-09T10:16:20.826+0000] {logging_mixin.py:188} INFO - [2025-12-09T10:16:20.825+0000] {dagbag.py:545} INFO - Filling up the DagBag from /opt/airflow/dags/satellite_ingestion_dag.py
[2025-12-09T10:16:21.120+0000] {processor.py:840} INFO - DAG(s) 'satellite_ingestion' retrieved from /opt/airflow/dags/satellite_ingestion_dag.py
[2025-12-09T10:16:21.142+0000] {logging_mixin.py:188} INFO - [2025-12-09T10:16:21.142+0000] {dag.py:3096} INFO - Sync 1 DAGs
[2025-12-09T10:16:21.152+0000] {logging_mixin.py:188} INFO - [2025-12-09T10:16:21.152+0000] {dag.py:3954} INFO - Setting next_dagrun for satellite_ingestion to None, run_after=None
[2025-12-09T10:16:21.168+0000] {processor.py:183} INFO - Processing /opt/airflow/dags/satellite_ingestion_dag.py took 0.351 seconds
[2025-12-09T10:16:51.473+0000] {processor.py:161} INFO - Started process (PID=7455) to work on /opt/airflow/dags/satellite_ingestion_dag.py
[2025-12-09T10:16:51.474+0000] {processor.py:830} INFO - Processing file /opt/airflow/dags/satellite_ingestion_dag.py for tasks to queue
[2025-12-09T10:16:51.476+0000] {logging_mixin.py:188} INFO - [2025-12-09T10:16:51.476+0000] {dagbag.py:545} INFO - Filling up the DagBag from /opt/airflow/dags/satellite_ingestion_dag.py
[2025-12-09T10:16:51.760+0000] {processor.py:840} INFO - DAG(s) 'satellite_ingestion' retrieved from /opt/airflow/dags/satellite_ingestion_dag.py
[2025-12-09T10:16:51.782+0000] {logging_mixin.py:188} INFO - [2025-12-09T10:16:51.782+0000] {dag.py:3096} INFO - Sync 1 DAGs
[2025-12-09T10:16:51.791+0000] {logging_mixin.py:188} INFO - [2025-12-09T10:16:51.791+0000] {dag.py:3954} INFO - Setting next_dagrun for satellite_ingestion to None, run_after=None
[2025-12-09T10:16:51.811+0000] {processor.py:183} INFO - Processing /opt/airflow/dags/satellite_ingestion_dag.py took 0.344 seconds
[2025-12-09T10:17:21.890+0000] {processor.py:161} INFO - Started process (PID=7483) to work on /opt/airflow/dags/satellite_ingestion_dag.py
[2025-12-09T10:17:21.891+0000] {processor.py:830} INFO - Processing file /opt/airflow/dags/satellite_ingestion_dag.py for tasks to queue
[2025-12-09T10:17:21.892+0000] {logging_mixin.py:188} INFO - [2025-12-09T10:17:21.892+0000] {dagbag.py:545} INFO - Filling up the DagBag from /opt/airflow/dags/satellite_ingestion_dag.py
[2025-12-09T10:17:22.190+0000] {processor.py:840} INFO - DAG(s) 'satellite_ingestion' retrieved from /opt/airflow/dags/satellite_ingestion_dag.py
[2025-12-09T10:17:22.212+0000] {logging_mixin.py:188} INFO - [2025-12-09T10:17:22.212+0000] {dag.py:3096} INFO - Sync 1 DAGs
[2025-12-09T10:17:22.222+0000] {logging_mixin.py:188} INFO - [2025-12-09T10:17:22.222+0000] {dag.py:3954} INFO - Setting next_dagrun for satellite_ingestion to None, run_after=None
[2025-12-09T10:17:22.238+0000] {processor.py:183} INFO - Processing /opt/airflow/dags/satellite_ingestion_dag.py took 0.354 seconds
[2025-12-09T10:17:52.436+0000] {processor.py:161} INFO - Started process (PID=7511) to work on /opt/airflow/dags/satellite_ingestion_dag.py
[2025-12-09T10:17:52.437+0000] {processor.py:830} INFO - Processing file /opt/airflow/dags/satellite_ingestion_dag.py for tasks to queue
[2025-12-09T10:17:52.438+0000] {logging_mixin.py:188} INFO - [2025-12-09T10:17:52.438+0000] {dagbag.py:545} INFO - Filling up the DagBag from /opt/airflow/dags/satellite_ingestion_dag.py
[2025-12-09T10:17:52.726+0000] {processor.py:840} INFO - DAG(s) 'satellite_ingestion' retrieved from /opt/airflow/dags/satellite_ingestion_dag.py
[2025-12-09T10:17:52.749+0000] {logging_mixin.py:188} INFO - [2025-12-09T10:17:52.749+0000] {dag.py:3096} INFO - Sync 1 DAGs
[2025-12-09T10:17:52.761+0000] {logging_mixin.py:188} INFO - [2025-12-09T10:17:52.761+0000] {dag.py:3954} INFO - Setting next_dagrun for satellite_ingestion to None, run_after=None
[2025-12-09T10:17:52.778+0000] {processor.py:183} INFO - Processing /opt/airflow/dags/satellite_ingestion_dag.py took 0.348 seconds
[2025-12-09T10:18:22.918+0000] {processor.py:161} INFO - Started process (PID=7539) to work on /opt/airflow/dags/satellite_ingestion_dag.py
[2025-12-09T10:18:22.920+0000] {processor.py:830} INFO - Processing file /opt/airflow/dags/satellite_ingestion_dag.py for tasks to queue
[2025-12-09T10:18:22.921+0000] {logging_mixin.py:188} INFO - [2025-12-09T10:18:22.921+0000] {dagbag.py:545} INFO - Filling up the DagBag from /opt/airflow/dags/satellite_ingestion_dag.py
[2025-12-09T10:18:23.215+0000] {processor.py:840} INFO - DAG(s) 'satellite_ingestion' retrieved from /opt/airflow/dags/satellite_ingestion_dag.py
[2025-12-09T10:18:23.236+0000] {logging_mixin.py:188} INFO - [2025-12-09T10:18:23.236+0000] {dag.py:3096} INFO - Sync 1 DAGs
[2025-12-09T10:18:23.246+0000] {logging_mixin.py:188} INFO - [2025-12-09T10:18:23.246+0000] {dag.py:3954} INFO - Setting next_dagrun for satellite_ingestion to None, run_after=None
[2025-12-09T10:18:23.263+0000] {processor.py:183} INFO - Processing /opt/airflow/dags/satellite_ingestion_dag.py took 0.350 seconds
[2025-12-09T10:18:53.395+0000] {processor.py:161} INFO - Started process (PID=7567) to work on /opt/airflow/dags/satellite_ingestion_dag.py
[2025-12-09T10:18:53.397+0000] {processor.py:830} INFO - Processing file /opt/airflow/dags/satellite_ingestion_dag.py for tasks to queue
[2025-12-09T10:18:53.399+0000] {logging_mixin.py:188} INFO - [2025-12-09T10:18:53.398+0000] {dagbag.py:545} INFO - Filling up the DagBag from /opt/airflow/dags/satellite_ingestion_dag.py
[2025-12-09T10:18:53.686+0000] {processor.py:840} INFO - DAG(s) 'satellite_ingestion' retrieved from /opt/airflow/dags/satellite_ingestion_dag.py
[2025-12-09T10:18:53.708+0000] {logging_mixin.py:188} INFO - [2025-12-09T10:18:53.708+0000] {dag.py:3096} INFO - Sync 1 DAGs
[2025-12-09T10:18:53.718+0000] {logging_mixin.py:188} INFO - [2025-12-09T10:18:53.718+0000] {dag.py:3954} INFO - Setting next_dagrun for satellite_ingestion to None, run_after=None
[2025-12-09T10:18:53.736+0000] {processor.py:183} INFO - Processing /opt/airflow/dags/satellite_ingestion_dag.py took 0.346 seconds
[2025-12-09T10:19:23.948+0000] {processor.py:161} INFO - Started process (PID=7595) to work on /opt/airflow/dags/satellite_ingestion_dag.py
[2025-12-09T10:19:23.950+0000] {processor.py:830} INFO - Processing file /opt/airflow/dags/satellite_ingestion_dag.py for tasks to queue
[2025-12-09T10:19:23.951+0000] {logging_mixin.py:188} INFO - [2025-12-09T10:19:23.951+0000] {dagbag.py:545} INFO - Filling up the DagBag from /opt/airflow/dags/satellite_ingestion_dag.py
[2025-12-09T10:19:24.245+0000] {processor.py:840} INFO - DAG(s) 'satellite_ingestion' retrieved from /opt/airflow/dags/satellite_ingestion_dag.py
[2025-12-09T10:19:24.267+0000] {logging_mixin.py:188} INFO - [2025-12-09T10:19:24.267+0000] {dag.py:3096} INFO - Sync 1 DAGs
[2025-12-09T10:19:24.277+0000] {logging_mixin.py:188} INFO - [2025-12-09T10:19:24.276+0000] {dag.py:3954} INFO - Setting next_dagrun for satellite_ingestion to None, run_after=None
[2025-12-09T10:19:24.457+0000] {processor.py:183} INFO - Processing /opt/airflow/dags/satellite_ingestion_dag.py took 0.514 seconds
[2025-12-09T10:19:54.658+0000] {processor.py:161} INFO - Started process (PID=7623) to work on /opt/airflow/dags/satellite_ingestion_dag.py
[2025-12-09T10:19:54.660+0000] {processor.py:830} INFO - Processing file /opt/airflow/dags/satellite_ingestion_dag.py for tasks to queue
[2025-12-09T10:19:54.661+0000] {logging_mixin.py:188} INFO - [2025-12-09T10:19:54.661+0000] {dagbag.py:545} INFO - Filling up the DagBag from /opt/airflow/dags/satellite_ingestion_dag.py
[2025-12-09T10:19:55.107+0000] {processor.py:840} INFO - DAG(s) 'satellite_ingestion' retrieved from /opt/airflow/dags/satellite_ingestion_dag.py
[2025-12-09T10:19:55.126+0000] {logging_mixin.py:188} INFO - [2025-12-09T10:19:55.126+0000] {dag.py:3096} INFO - Sync 1 DAGs
[2025-12-09T10:19:55.135+0000] {logging_mixin.py:188} INFO - [2025-12-09T10:19:55.134+0000] {dag.py:3954} INFO - Setting next_dagrun for satellite_ingestion to None, run_after=None
[2025-12-09T10:19:55.148+0000] {processor.py:183} INFO - Processing /opt/airflow/dags/satellite_ingestion_dag.py took 0.495 seconds
[2025-12-09T10:20:25.652+0000] {processor.py:161} INFO - Started process (PID=7651) to work on /opt/airflow/dags/satellite_ingestion_dag.py
[2025-12-09T10:20:25.654+0000] {processor.py:830} INFO - Processing file /opt/airflow/dags/satellite_ingestion_dag.py for tasks to queue
[2025-12-09T10:20:25.656+0000] {logging_mixin.py:188} INFO - [2025-12-09T10:20:25.655+0000] {dagbag.py:545} INFO - Filling up the DagBag from /opt/airflow/dags/satellite_ingestion_dag.py
[2025-12-09T10:20:26.101+0000] {processor.py:840} INFO - DAG(s) 'satellite_ingestion' retrieved from /opt/airflow/dags/satellite_ingestion_dag.py
[2025-12-09T10:20:26.121+0000] {logging_mixin.py:188} INFO - [2025-12-09T10:20:26.120+0000] {dag.py:3096} INFO - Sync 1 DAGs
[2025-12-09T10:20:26.130+0000] {logging_mixin.py:188} INFO - [2025-12-09T10:20:26.130+0000] {dag.py:3954} INFO - Setting next_dagrun for satellite_ingestion to None, run_after=None
[2025-12-09T10:20:26.149+0000] {processor.py:183} INFO - Processing /opt/airflow/dags/satellite_ingestion_dag.py took 0.502 seconds
[2025-12-09T10:20:56.635+0000] {processor.py:161} INFO - Started process (PID=7679) to work on /opt/airflow/dags/satellite_ingestion_dag.py
[2025-12-09T10:20:56.636+0000] {processor.py:830} INFO - Processing file /opt/airflow/dags/satellite_ingestion_dag.py for tasks to queue
[2025-12-09T10:20:56.638+0000] {logging_mixin.py:188} INFO - [2025-12-09T10:20:56.638+0000] {dagbag.py:545} INFO - Filling up the DagBag from /opt/airflow/dags/satellite_ingestion_dag.py
[2025-12-09T10:20:57.095+0000] {processor.py:840} INFO - DAG(s) 'satellite_ingestion' retrieved from /opt/airflow/dags/satellite_ingestion_dag.py
[2025-12-09T10:20:57.114+0000] {logging_mixin.py:188} INFO - [2025-12-09T10:20:57.114+0000] {dag.py:3096} INFO - Sync 1 DAGs
[2025-12-09T10:20:57.123+0000] {logging_mixin.py:188} INFO - [2025-12-09T10:20:57.123+0000] {dag.py:3954} INFO - Setting next_dagrun for satellite_ingestion to None, run_after=None
[2025-12-09T10:20:57.138+0000] {processor.py:183} INFO - Processing /opt/airflow/dags/satellite_ingestion_dag.py took 0.508 seconds
[2025-12-09T10:21:27.203+0000] {processor.py:161} INFO - Started process (PID=7707) to work on /opt/airflow/dags/satellite_ingestion_dag.py
[2025-12-09T10:21:27.205+0000] {processor.py:830} INFO - Processing file /opt/airflow/dags/satellite_ingestion_dag.py for tasks to queue
[2025-12-09T10:21:27.206+0000] {logging_mixin.py:188} INFO - [2025-12-09T10:21:27.206+0000] {dagbag.py:545} INFO - Filling up the DagBag from /opt/airflow/dags/satellite_ingestion_dag.py
[2025-12-09T10:21:27.652+0000] {processor.py:840} INFO - DAG(s) 'satellite_ingestion' retrieved from /opt/airflow/dags/satellite_ingestion_dag.py
[2025-12-09T10:21:27.674+0000] {logging_mixin.py:188} INFO - [2025-12-09T10:21:27.674+0000] {dag.py:3096} INFO - Sync 1 DAGs
[2025-12-09T10:21:27.686+0000] {logging_mixin.py:188} INFO - [2025-12-09T10:21:27.685+0000] {dag.py:3954} INFO - Setting next_dagrun for satellite_ingestion to None, run_after=None
[2025-12-09T10:21:27.702+0000] {processor.py:183} INFO - Processing /opt/airflow/dags/satellite_ingestion_dag.py took 0.504 seconds
[2025-12-09T10:21:57.803+0000] {processor.py:161} INFO - Started process (PID=7735) to work on /opt/airflow/dags/satellite_ingestion_dag.py
[2025-12-09T10:21:57.805+0000] {processor.py:830} INFO - Processing file /opt/airflow/dags/satellite_ingestion_dag.py for tasks to queue
[2025-12-09T10:21:57.806+0000] {logging_mixin.py:188} INFO - [2025-12-09T10:21:57.806+0000] {dagbag.py:545} INFO - Filling up the DagBag from /opt/airflow/dags/satellite_ingestion_dag.py
[2025-12-09T10:21:58.248+0000] {processor.py:840} INFO - DAG(s) 'satellite_ingestion' retrieved from /opt/airflow/dags/satellite_ingestion_dag.py
[2025-12-09T10:21:58.267+0000] {logging_mixin.py:188} INFO - [2025-12-09T10:21:58.267+0000] {dag.py:3096} INFO - Sync 1 DAGs
[2025-12-09T10:21:58.276+0000] {logging_mixin.py:188} INFO - [2025-12-09T10:21:58.275+0000] {dag.py:3954} INFO - Setting next_dagrun for satellite_ingestion to None, run_after=None
[2025-12-09T10:21:58.290+0000] {processor.py:183} INFO - Processing /opt/airflow/dags/satellite_ingestion_dag.py took 0.492 seconds
