[2025-12-09T10:13:12.871+0000] {processor.py:161} INFO - Started process (PID=7247) to work on /opt/airflow/dags/weather_ingestion_dag.py
[2025-12-09T10:13:12.871+0000] {processor.py:830} INFO - Processing file /opt/airflow/dags/weather_ingestion_dag.py for tasks to queue
[2025-12-09T10:13:12.873+0000] {logging_mixin.py:188} INFO - [2025-12-09T10:13:12.873+0000] {dagbag.py:545} INFO - Filling up the DagBag from /opt/airflow/dags/weather_ingestion_dag.py
[2025-12-09T10:13:13.262+0000] {processor.py:840} INFO - DAG(s) 'weather_ingestion_planting_and_crop_stages' retrieved from /opt/airflow/dags/weather_ingestion_dag.py
[2025-12-09T10:13:13.281+0000] {logging_mixin.py:188} INFO - [2025-12-09T10:13:13.280+0000] {dag.py:3096} INFO - Sync 1 DAGs
[2025-12-09T10:13:13.296+0000] {logging_mixin.py:188} INFO - [2025-12-09T10:13:13.296+0000] {dag.py:3954} INFO - Setting next_dagrun for weather_ingestion_planting_and_crop_stages to 2025-12-09 02:00:00+00:00, run_after=2025-12-10 02:00:00+00:00
[2025-12-09T10:13:13.310+0000] {processor.py:183} INFO - Processing /opt/airflow/dags/weather_ingestion_dag.py took 0.445 seconds
[2025-12-09T10:13:43.470+0000] {processor.py:161} INFO - Started process (PID=7275) to work on /opt/airflow/dags/weather_ingestion_dag.py
[2025-12-09T10:13:43.472+0000] {processor.py:830} INFO - Processing file /opt/airflow/dags/weather_ingestion_dag.py for tasks to queue
[2025-12-09T10:13:43.473+0000] {logging_mixin.py:188} INFO - [2025-12-09T10:13:43.473+0000] {dagbag.py:545} INFO - Filling up the DagBag from /opt/airflow/dags/weather_ingestion_dag.py
[2025-12-09T10:13:43.875+0000] {processor.py:840} INFO - DAG(s) 'weather_ingestion_planting_and_crop_stages' retrieved from /opt/airflow/dags/weather_ingestion_dag.py
[2025-12-09T10:13:43.896+0000] {logging_mixin.py:188} INFO - [2025-12-09T10:13:43.895+0000] {dag.py:3096} INFO - Sync 1 DAGs
[2025-12-09T10:13:43.912+0000] {logging_mixin.py:188} INFO - [2025-12-09T10:13:43.912+0000] {dag.py:3954} INFO - Setting next_dagrun for weather_ingestion_planting_and_crop_stages to 2025-12-09 02:00:00+00:00, run_after=2025-12-10 02:00:00+00:00
[2025-12-09T10:13:43.926+0000] {processor.py:183} INFO - Processing /opt/airflow/dags/weather_ingestion_dag.py took 0.461 seconds
[2025-12-09T10:14:14.063+0000] {processor.py:161} INFO - Started process (PID=7303) to work on /opt/airflow/dags/weather_ingestion_dag.py
[2025-12-09T10:14:14.065+0000] {processor.py:830} INFO - Processing file /opt/airflow/dags/weather_ingestion_dag.py for tasks to queue
[2025-12-09T10:14:14.066+0000] {logging_mixin.py:188} INFO - [2025-12-09T10:14:14.066+0000] {dagbag.py:545} INFO - Filling up the DagBag from /opt/airflow/dags/weather_ingestion_dag.py
[2025-12-09T10:14:14.460+0000] {processor.py:840} INFO - DAG(s) 'weather_ingestion_planting_and_crop_stages' retrieved from /opt/airflow/dags/weather_ingestion_dag.py
[2025-12-09T10:14:14.480+0000] {logging_mixin.py:188} INFO - [2025-12-09T10:14:14.480+0000] {dag.py:3096} INFO - Sync 1 DAGs
[2025-12-09T10:14:14.498+0000] {logging_mixin.py:188} INFO - [2025-12-09T10:14:14.498+0000] {dag.py:3954} INFO - Setting next_dagrun for weather_ingestion_planting_and_crop_stages to 2025-12-09 02:00:00+00:00, run_after=2025-12-10 02:00:00+00:00
[2025-12-09T10:14:14.513+0000] {processor.py:183} INFO - Processing /opt/airflow/dags/weather_ingestion_dag.py took 0.456 seconds
[2025-12-09T10:14:45.000+0000] {processor.py:161} INFO - Started process (PID=7331) to work on /opt/airflow/dags/weather_ingestion_dag.py
[2025-12-09T10:14:45.002+0000] {processor.py:830} INFO - Processing file /opt/airflow/dags/weather_ingestion_dag.py for tasks to queue
[2025-12-09T10:14:45.003+0000] {logging_mixin.py:188} INFO - [2025-12-09T10:14:45.003+0000] {dagbag.py:545} INFO - Filling up the DagBag from /opt/airflow/dags/weather_ingestion_dag.py
[2025-12-09T10:14:45.397+0000] {processor.py:840} INFO - DAG(s) 'weather_ingestion_planting_and_crop_stages' retrieved from /opt/airflow/dags/weather_ingestion_dag.py
[2025-12-09T10:14:45.418+0000] {logging_mixin.py:188} INFO - [2025-12-09T10:14:45.418+0000] {dag.py:3096} INFO - Sync 1 DAGs
[2025-12-09T10:14:45.434+0000] {logging_mixin.py:188} INFO - [2025-12-09T10:14:45.434+0000] {dag.py:3954} INFO - Setting next_dagrun for weather_ingestion_planting_and_crop_stages to 2025-12-09 02:00:00+00:00, run_after=2025-12-10 02:00:00+00:00
[2025-12-09T10:14:45.449+0000] {processor.py:183} INFO - Processing /opt/airflow/dags/weather_ingestion_dag.py took 0.455 seconds
[2025-12-09T10:15:15.782+0000] {processor.py:161} INFO - Started process (PID=7359) to work on /opt/airflow/dags/weather_ingestion_dag.py
[2025-12-09T10:15:15.783+0000] {processor.py:830} INFO - Processing file /opt/airflow/dags/weather_ingestion_dag.py for tasks to queue
[2025-12-09T10:15:15.785+0000] {logging_mixin.py:188} INFO - [2025-12-09T10:15:15.784+0000] {dagbag.py:545} INFO - Filling up the DagBag from /opt/airflow/dags/weather_ingestion_dag.py
[2025-12-09T10:15:16.172+0000] {processor.py:840} INFO - DAG(s) 'weather_ingestion_planting_and_crop_stages' retrieved from /opt/airflow/dags/weather_ingestion_dag.py
[2025-12-09T10:15:16.191+0000] {logging_mixin.py:188} INFO - [2025-12-09T10:15:16.191+0000] {dag.py:3096} INFO - Sync 1 DAGs
[2025-12-09T10:15:16.208+0000] {logging_mixin.py:188} INFO - [2025-12-09T10:15:16.207+0000] {dag.py:3954} INFO - Setting next_dagrun for weather_ingestion_planting_and_crop_stages to 2025-12-09 02:00:00+00:00, run_after=2025-12-10 02:00:00+00:00
[2025-12-09T10:15:16.221+0000] {processor.py:183} INFO - Processing /opt/airflow/dags/weather_ingestion_dag.py took 0.445 seconds
[2025-12-09T10:15:46.466+0000] {processor.py:161} INFO - Started process (PID=7387) to work on /opt/airflow/dags/weather_ingestion_dag.py
[2025-12-09T10:15:46.467+0000] {processor.py:830} INFO - Processing file /opt/airflow/dags/weather_ingestion_dag.py for tasks to queue
[2025-12-09T10:15:46.468+0000] {logging_mixin.py:188} INFO - [2025-12-09T10:15:46.468+0000] {dagbag.py:545} INFO - Filling up the DagBag from /opt/airflow/dags/weather_ingestion_dag.py
[2025-12-09T10:15:46.850+0000] {processor.py:840} INFO - DAG(s) 'weather_ingestion_planting_and_crop_stages' retrieved from /opt/airflow/dags/weather_ingestion_dag.py
[2025-12-09T10:15:46.869+0000] {logging_mixin.py:188} INFO - [2025-12-09T10:15:46.869+0000] {dag.py:3096} INFO - Sync 1 DAGs
[2025-12-09T10:15:46.885+0000] {logging_mixin.py:188} INFO - [2025-12-09T10:15:46.885+0000] {dag.py:3954} INFO - Setting next_dagrun for weather_ingestion_planting_and_crop_stages to 2025-12-09 02:00:00+00:00, run_after=2025-12-10 02:00:00+00:00
[2025-12-09T10:15:46.903+0000] {processor.py:183} INFO - Processing /opt/airflow/dags/weather_ingestion_dag.py took 0.443 seconds
[2025-12-09T10:16:17.300+0000] {processor.py:161} INFO - Started process (PID=7415) to work on /opt/airflow/dags/weather_ingestion_dag.py
[2025-12-09T10:16:17.302+0000] {processor.py:830} INFO - Processing file /opt/airflow/dags/weather_ingestion_dag.py for tasks to queue
[2025-12-09T10:16:17.303+0000] {logging_mixin.py:188} INFO - [2025-12-09T10:16:17.303+0000] {dagbag.py:545} INFO - Filling up the DagBag from /opt/airflow/dags/weather_ingestion_dag.py
[2025-12-09T10:16:17.720+0000] {processor.py:840} INFO - DAG(s) 'weather_ingestion_planting_and_crop_stages' retrieved from /opt/airflow/dags/weather_ingestion_dag.py
[2025-12-09T10:16:17.742+0000] {logging_mixin.py:188} INFO - [2025-12-09T10:16:17.742+0000] {dag.py:3096} INFO - Sync 1 DAGs
[2025-12-09T10:16:17.759+0000] {logging_mixin.py:188} INFO - [2025-12-09T10:16:17.759+0000] {dag.py:3954} INFO - Setting next_dagrun for weather_ingestion_planting_and_crop_stages to 2025-12-09 02:00:00+00:00, run_after=2025-12-10 02:00:00+00:00
[2025-12-09T10:16:17.776+0000] {processor.py:183} INFO - Processing /opt/airflow/dags/weather_ingestion_dag.py took 0.481 seconds
[2025-12-09T10:16:48.111+0000] {processor.py:161} INFO - Started process (PID=7443) to work on /opt/airflow/dags/weather_ingestion_dag.py
[2025-12-09T10:16:48.113+0000] {processor.py:830} INFO - Processing file /opt/airflow/dags/weather_ingestion_dag.py for tasks to queue
[2025-12-09T10:16:48.115+0000] {logging_mixin.py:188} INFO - [2025-12-09T10:16:48.114+0000] {dagbag.py:545} INFO - Filling up the DagBag from /opt/airflow/dags/weather_ingestion_dag.py
[2025-12-09T10:16:48.367+0000] {processor.py:840} INFO - DAG(s) 'weather_ingestion_planting_and_crop_stages' retrieved from /opt/airflow/dags/weather_ingestion_dag.py
[2025-12-09T10:16:48.391+0000] {logging_mixin.py:188} INFO - [2025-12-09T10:16:48.391+0000] {dag.py:3096} INFO - Sync 1 DAGs
[2025-12-09T10:16:48.411+0000] {logging_mixin.py:188} INFO - [2025-12-09T10:16:48.411+0000] {dag.py:3954} INFO - Setting next_dagrun for weather_ingestion_planting_and_crop_stages to 2025-12-09 02:00:00+00:00, run_after=2025-12-10 02:00:00+00:00
[2025-12-09T10:16:48.429+0000] {processor.py:183} INFO - Processing /opt/airflow/dags/weather_ingestion_dag.py took 0.324 seconds
[2025-12-09T10:17:18.520+0000] {processor.py:161} INFO - Started process (PID=7471) to work on /opt/airflow/dags/weather_ingestion_dag.py
[2025-12-09T10:17:18.521+0000] {processor.py:830} INFO - Processing file /opt/airflow/dags/weather_ingestion_dag.py for tasks to queue
[2025-12-09T10:17:18.523+0000] {logging_mixin.py:188} INFO - [2025-12-09T10:17:18.523+0000] {dagbag.py:545} INFO - Filling up the DagBag from /opt/airflow/dags/weather_ingestion_dag.py
[2025-12-09T10:17:18.776+0000] {processor.py:840} INFO - DAG(s) 'weather_ingestion_planting_and_crop_stages' retrieved from /opt/airflow/dags/weather_ingestion_dag.py
[2025-12-09T10:17:18.801+0000] {logging_mixin.py:188} INFO - [2025-12-09T10:17:18.801+0000] {dag.py:3096} INFO - Sync 1 DAGs
[2025-12-09T10:17:18.821+0000] {logging_mixin.py:188} INFO - [2025-12-09T10:17:18.820+0000] {dag.py:3954} INFO - Setting next_dagrun for weather_ingestion_planting_and_crop_stages to 2025-12-09 02:00:00+00:00, run_after=2025-12-10 02:00:00+00:00
[2025-12-09T10:17:18.840+0000] {processor.py:183} INFO - Processing /opt/airflow/dags/weather_ingestion_dag.py took 0.325 seconds
[2025-12-09T10:17:49.082+0000] {processor.py:161} INFO - Started process (PID=7499) to work on /opt/airflow/dags/weather_ingestion_dag.py
[2025-12-09T10:17:49.083+0000] {processor.py:830} INFO - Processing file /opt/airflow/dags/weather_ingestion_dag.py for tasks to queue
[2025-12-09T10:17:49.085+0000] {logging_mixin.py:188} INFO - [2025-12-09T10:17:49.085+0000] {dagbag.py:545} INFO - Filling up the DagBag from /opt/airflow/dags/weather_ingestion_dag.py
[2025-12-09T10:17:49.331+0000] {processor.py:840} INFO - DAG(s) 'weather_ingestion_planting_and_crop_stages' retrieved from /opt/airflow/dags/weather_ingestion_dag.py
[2025-12-09T10:17:49.355+0000] {logging_mixin.py:188} INFO - [2025-12-09T10:17:49.355+0000] {dag.py:3096} INFO - Sync 1 DAGs
[2025-12-09T10:17:49.372+0000] {logging_mixin.py:188} INFO - [2025-12-09T10:17:49.372+0000] {dag.py:3954} INFO - Setting next_dagrun for weather_ingestion_planting_and_crop_stages to 2025-12-09 02:00:00+00:00, run_after=2025-12-10 02:00:00+00:00
[2025-12-09T10:17:49.390+0000] {processor.py:183} INFO - Processing /opt/airflow/dags/weather_ingestion_dag.py took 0.313 seconds
[2025-12-09T10:18:19.527+0000] {processor.py:161} INFO - Started process (PID=7527) to work on /opt/airflow/dags/weather_ingestion_dag.py
[2025-12-09T10:18:19.529+0000] {processor.py:830} INFO - Processing file /opt/airflow/dags/weather_ingestion_dag.py for tasks to queue
[2025-12-09T10:18:19.530+0000] {logging_mixin.py:188} INFO - [2025-12-09T10:18:19.530+0000] {dagbag.py:545} INFO - Filling up the DagBag from /opt/airflow/dags/weather_ingestion_dag.py
[2025-12-09T10:18:19.804+0000] {processor.py:840} INFO - DAG(s) 'weather_ingestion_planting_and_crop_stages' retrieved from /opt/airflow/dags/weather_ingestion_dag.py
[2025-12-09T10:18:19.829+0000] {logging_mixin.py:188} INFO - [2025-12-09T10:18:19.829+0000] {dag.py:3096} INFO - Sync 1 DAGs
[2025-12-09T10:18:19.848+0000] {logging_mixin.py:188} INFO - [2025-12-09T10:18:19.848+0000] {dag.py:3954} INFO - Setting next_dagrun for weather_ingestion_planting_and_crop_stages to 2025-12-09 02:00:00+00:00, run_after=2025-12-10 02:00:00+00:00
[2025-12-09T10:18:19.864+0000] {processor.py:183} INFO - Processing /opt/airflow/dags/weather_ingestion_dag.py took 0.342 seconds
[2025-12-09T10:18:50.042+0000] {processor.py:161} INFO - Started process (PID=7555) to work on /opt/airflow/dags/weather_ingestion_dag.py
[2025-12-09T10:18:50.043+0000] {processor.py:830} INFO - Processing file /opt/airflow/dags/weather_ingestion_dag.py for tasks to queue
[2025-12-09T10:18:50.045+0000] {logging_mixin.py:188} INFO - [2025-12-09T10:18:50.045+0000] {dagbag.py:545} INFO - Filling up the DagBag from /opt/airflow/dags/weather_ingestion_dag.py
[2025-12-09T10:18:50.290+0000] {processor.py:840} INFO - DAG(s) 'weather_ingestion_planting_and_crop_stages' retrieved from /opt/airflow/dags/weather_ingestion_dag.py
[2025-12-09T10:18:50.313+0000] {logging_mixin.py:188} INFO - [2025-12-09T10:18:50.312+0000] {dag.py:3096} INFO - Sync 1 DAGs
[2025-12-09T10:18:50.330+0000] {logging_mixin.py:188} INFO - [2025-12-09T10:18:50.329+0000] {dag.py:3954} INFO - Setting next_dagrun for weather_ingestion_planting_and_crop_stages to 2025-12-09 02:00:00+00:00, run_after=2025-12-10 02:00:00+00:00
[2025-12-09T10:18:50.347+0000] {processor.py:183} INFO - Processing /opt/airflow/dags/weather_ingestion_dag.py took 0.310 seconds
[2025-12-09T10:19:20.594+0000] {processor.py:161} INFO - Started process (PID=7583) to work on /opt/airflow/dags/weather_ingestion_dag.py
[2025-12-09T10:19:20.595+0000] {processor.py:830} INFO - Processing file /opt/airflow/dags/weather_ingestion_dag.py for tasks to queue
[2025-12-09T10:19:20.597+0000] {logging_mixin.py:188} INFO - [2025-12-09T10:19:20.597+0000] {dagbag.py:545} INFO - Filling up the DagBag from /opt/airflow/dags/weather_ingestion_dag.py
[2025-12-09T10:19:20.844+0000] {processor.py:840} INFO - DAG(s) 'weather_ingestion_planting_and_crop_stages' retrieved from /opt/airflow/dags/weather_ingestion_dag.py
[2025-12-09T10:19:20.867+0000] {logging_mixin.py:188} INFO - [2025-12-09T10:19:20.867+0000] {dag.py:3096} INFO - Sync 1 DAGs
[2025-12-09T10:19:20.887+0000] {logging_mixin.py:188} INFO - [2025-12-09T10:19:20.886+0000] {dag.py:3954} INFO - Setting next_dagrun for weather_ingestion_planting_and_crop_stages to 2025-12-09 02:00:00+00:00, run_after=2025-12-10 02:00:00+00:00
[2025-12-09T10:19:20.905+0000] {processor.py:183} INFO - Processing /opt/airflow/dags/weather_ingestion_dag.py took 0.316 seconds
[2025-12-09T10:19:51.315+0000] {processor.py:161} INFO - Started process (PID=7611) to work on /opt/airflow/dags/weather_ingestion_dag.py
[2025-12-09T10:19:51.316+0000] {processor.py:830} INFO - Processing file /opt/airflow/dags/weather_ingestion_dag.py for tasks to queue
[2025-12-09T10:19:51.317+0000] {logging_mixin.py:188} INFO - [2025-12-09T10:19:51.317+0000] {dagbag.py:545} INFO - Filling up the DagBag from /opt/airflow/dags/weather_ingestion_dag.py
[2025-12-09T10:19:51.563+0000] {processor.py:840} INFO - DAG(s) 'weather_ingestion_planting_and_crop_stages' retrieved from /opt/airflow/dags/weather_ingestion_dag.py
[2025-12-09T10:19:51.585+0000] {logging_mixin.py:188} INFO - [2025-12-09T10:19:51.585+0000] {dag.py:3096} INFO - Sync 1 DAGs
[2025-12-09T10:19:51.603+0000] {logging_mixin.py:188} INFO - [2025-12-09T10:19:51.603+0000] {dag.py:3954} INFO - Setting next_dagrun for weather_ingestion_planting_and_crop_stages to 2025-12-09 02:00:00+00:00, run_after=2025-12-10 02:00:00+00:00
[2025-12-09T10:19:51.621+0000] {processor.py:183} INFO - Processing /opt/airflow/dags/weather_ingestion_dag.py took 0.311 seconds
[2025-12-09T10:20:22.288+0000] {processor.py:161} INFO - Started process (PID=7639) to work on /opt/airflow/dags/weather_ingestion_dag.py
[2025-12-09T10:20:22.289+0000] {processor.py:830} INFO - Processing file /opt/airflow/dags/weather_ingestion_dag.py for tasks to queue
[2025-12-09T10:20:22.291+0000] {logging_mixin.py:188} INFO - [2025-12-09T10:20:22.291+0000] {dagbag.py:545} INFO - Filling up the DagBag from /opt/airflow/dags/weather_ingestion_dag.py
[2025-12-09T10:20:22.545+0000] {processor.py:840} INFO - DAG(s) 'weather_ingestion_planting_and_crop_stages' retrieved from /opt/airflow/dags/weather_ingestion_dag.py
[2025-12-09T10:20:22.570+0000] {logging_mixin.py:188} INFO - [2025-12-09T10:20:22.570+0000] {dag.py:3096} INFO - Sync 1 DAGs
[2025-12-09T10:20:22.588+0000] {logging_mixin.py:188} INFO - [2025-12-09T10:20:22.588+0000] {dag.py:3954} INFO - Setting next_dagrun for weather_ingestion_planting_and_crop_stages to 2025-12-09 02:00:00+00:00, run_after=2025-12-10 02:00:00+00:00
[2025-12-09T10:20:22.606+0000] {processor.py:183} INFO - Processing /opt/airflow/dags/weather_ingestion_dag.py took 0.324 seconds
[2025-12-09T10:20:53.289+0000] {processor.py:161} INFO - Started process (PID=7667) to work on /opt/airflow/dags/weather_ingestion_dag.py
[2025-12-09T10:20:53.290+0000] {processor.py:830} INFO - Processing file /opt/airflow/dags/weather_ingestion_dag.py for tasks to queue
[2025-12-09T10:20:53.292+0000] {logging_mixin.py:188} INFO - [2025-12-09T10:20:53.292+0000] {dagbag.py:545} INFO - Filling up the DagBag from /opt/airflow/dags/weather_ingestion_dag.py
[2025-12-09T10:20:53.531+0000] {processor.py:840} INFO - DAG(s) 'weather_ingestion_planting_and_crop_stages' retrieved from /opt/airflow/dags/weather_ingestion_dag.py
[2025-12-09T10:20:53.554+0000] {logging_mixin.py:188} INFO - [2025-12-09T10:20:53.554+0000] {dag.py:3096} INFO - Sync 1 DAGs
[2025-12-09T10:20:53.572+0000] {logging_mixin.py:188} INFO - [2025-12-09T10:20:53.572+0000] {dag.py:3954} INFO - Setting next_dagrun for weather_ingestion_planting_and_crop_stages to 2025-12-09 02:00:00+00:00, run_after=2025-12-10 02:00:00+00:00
[2025-12-09T10:20:53.591+0000] {processor.py:183} INFO - Processing /opt/airflow/dags/weather_ingestion_dag.py took 0.308 seconds
[2025-12-09T10:21:24.229+0000] {processor.py:161} INFO - Started process (PID=7693) to work on /opt/airflow/dags/weather_ingestion_dag.py
[2025-12-09T10:21:24.231+0000] {processor.py:830} INFO - Processing file /opt/airflow/dags/weather_ingestion_dag.py for tasks to queue
[2025-12-09T10:21:24.232+0000] {logging_mixin.py:188} INFO - [2025-12-09T10:21:24.232+0000] {dagbag.py:545} INFO - Filling up the DagBag from /opt/airflow/dags/weather_ingestion_dag.py
[2025-12-09T10:21:24.472+0000] {processor.py:840} INFO - DAG(s) 'weather_ingestion_planting_and_crop_stages' retrieved from /opt/airflow/dags/weather_ingestion_dag.py
[2025-12-09T10:21:24.663+0000] {logging_mixin.py:188} INFO - [2025-12-09T10:21:24.663+0000] {dag.py:3096} INFO - Sync 1 DAGs
[2025-12-09T10:21:24.680+0000] {logging_mixin.py:188} INFO - [2025-12-09T10:21:24.680+0000] {dag.py:3954} INFO - Setting next_dagrun for weather_ingestion_planting_and_crop_stages to 2025-12-09 02:00:00+00:00, run_after=2025-12-10 02:00:00+00:00
[2025-12-09T10:21:24.697+0000] {processor.py:183} INFO - Processing /opt/airflow/dags/weather_ingestion_dag.py took 0.473 seconds
[2025-12-09T10:21:54.848+0000] {processor.py:161} INFO - Started process (PID=7713) to work on /opt/airflow/dags/weather_ingestion_dag.py
[2025-12-09T10:21:54.849+0000] {processor.py:830} INFO - Processing file /opt/airflow/dags/weather_ingestion_dag.py for tasks to queue
[2025-12-09T10:21:54.851+0000] {logging_mixin.py:188} INFO - [2025-12-09T10:21:54.851+0000] {dagbag.py:545} INFO - Filling up the DagBag from /opt/airflow/dags/weather_ingestion_dag.py
[2025-12-09T10:21:55.098+0000] {processor.py:840} INFO - DAG(s) 'weather_ingestion_planting_and_crop_stages' retrieved from /opt/airflow/dags/weather_ingestion_dag.py
[2025-12-09T10:21:55.278+0000] {logging_mixin.py:188} INFO - [2025-12-09T10:21:55.278+0000] {dag.py:3096} INFO - Sync 1 DAGs
[2025-12-09T10:21:55.295+0000] {logging_mixin.py:188} INFO - [2025-12-09T10:21:55.294+0000] {dag.py:3954} INFO - Setting next_dagrun for weather_ingestion_planting_and_crop_stages to 2025-12-09 02:00:00+00:00, run_after=2025-12-10 02:00:00+00:00
[2025-12-09T10:21:55.313+0000] {processor.py:183} INFO - Processing /opt/airflow/dags/weather_ingestion_dag.py took 0.471 seconds
