[2025-12-08T10:53:59.772+0000] {local_task_job_runner.py:120} INFO - ::group::Pre task execution logs
[2025-12-08T10:53:59.815+0000] {taskinstance.py:2076} INFO - Dependencies all met for dep_context=non-requeueable deps ti=<TaskInstance: satellite_ingestion.load_crop_stages manual__2025-12-08T10:53:55.768687+00:00 [queued]>
[2025-12-08T10:53:59.832+0000] {taskinstance.py:2076} INFO - Dependencies all met for dep_context=requeueable deps ti=<TaskInstance: satellite_ingestion.load_crop_stages manual__2025-12-08T10:53:55.768687+00:00 [queued]>
[2025-12-08T10:53:59.836+0000] {taskinstance.py:2306} INFO - Starting attempt 1 of 3
[2025-12-08T10:53:59.879+0000] {taskinstance.py:2330} INFO - Executing <Task(_PythonDecoratedOperator): load_crop_stages> on 2025-12-08 10:53:55.768687+00:00
[2025-12-08T10:53:59.896+0000] {standard_task_runner.py:63} INFO - Started process 1795 to run task
[2025-12-08T10:53:59.904+0000] {standard_task_runner.py:90} INFO - Running: ['***', 'tasks', 'run', 'satellite_ingestion', 'load_crop_stages', 'manual__2025-12-08T10:53:55.768687+00:00', '--job-id', '198', '--raw', '--subdir', 'DAGS_FOLDER/satellite_ingestion_dag.py', '--cfg-path', '/tmp/tmpo3wrmpbe']
[2025-12-08T10:53:59.918+0000] {standard_task_runner.py:91} INFO - Job 198: Subtask load_crop_stages
[2025-12-08T10:54:00.093+0000] {task_command.py:426} INFO - Running <TaskInstance: satellite_ingestion.load_crop_stages manual__2025-12-08T10:53:55.768687+00:00 [running]> on host c00e3a560e41
[2025-12-08T10:54:00.591+0000] {taskinstance.py:2648} INFO - Exporting env vars: AIRFLOW_CTX_DAG_OWNER='nuru' AIRFLOW_CTX_DAG_ID='satellite_ingestion' AIRFLOW_CTX_TASK_ID='load_crop_stages' AIRFLOW_CTX_EXECUTION_DATE='2025-12-08T10:53:55.768687+00:00' AIRFLOW_CTX_TRY_NUMBER='1' AIRFLOW_CTX_DAG_RUN_ID='manual__2025-12-08T10:53:55.768687+00:00'
[2025-12-08T10:54:00.595+0000] {taskinstance.py:430} INFO - ::endgroup::
[2025-12-08T10:54:00.834+0000] {base.py:84} INFO - Using connection ID 'aws_default' for task execution.
[2025-12-08T10:54:00.852+0000] {connection_wrapper.py:378} INFO - AWS Connection (conn_id='aws_default', conn_type='aws') credentials retrieved from login and password.
[2025-12-08T10:54:02.779+0000] {taskinstance.py:441} INFO - ::group::Post task execution logs
[2025-12-08T10:54:02.787+0000] {taskinstance.py:2905} ERROR - Task failed with exception
Traceback (most recent call last):
  File "/home/airflow/.local/lib/python3.10/site-packages/airflow/models/taskinstance.py", line 465, in _execute_task
    result = _execute_callable(context=context, **execute_callable_kwargs)
  File "/home/airflow/.local/lib/python3.10/site-packages/airflow/models/taskinstance.py", line 432, in _execute_callable
    return execute_callable(context=context, **execute_callable_kwargs)
  File "/home/airflow/.local/lib/python3.10/site-packages/airflow/models/baseoperator.py", line 401, in wrapper
    return func(self, *args, **kwargs)
  File "/home/airflow/.local/lib/python3.10/site-packages/airflow/decorators/base.py", line 265, in execute
    return_value = super().execute(context)
  File "/home/airflow/.local/lib/python3.10/site-packages/airflow/models/baseoperator.py", line 401, in wrapper
    return func(self, *args, **kwargs)
  File "/home/airflow/.local/lib/python3.10/site-packages/airflow/operators/python.py", line 235, in execute
    return_value = self.execute_callable()
  File "/home/airflow/.local/lib/python3.10/site-packages/airflow/operators/python.py", line 252, in execute_callable
    return self.python_callable(*self.op_args, **self.op_kwargs)
  File "/opt/airflow/dags/satellite_ingestion_dag.py", line 54, in load_crop_stages
    obj = hook.get_key(key=key, bucket_name=BUCKET)
  File "/home/airflow/.local/lib/python3.10/site-packages/airflow/providers/amazon/aws/hooks/s3.py", line 135, in wrapper
    return func(*bound_args.args, **bound_args.kwargs)
  File "/home/airflow/.local/lib/python3.10/site-packages/airflow/providers/amazon/aws/hooks/s3.py", line 89, in wrapper
    return func(*bound_args.args, **bound_args.kwargs)
  File "/home/airflow/.local/lib/python3.10/site-packages/airflow/providers/amazon/aws/hooks/s3.py", line 938, in get_key
    obj.load(**sanitize_extra_args())
  File "/home/airflow/.local/lib/python3.10/site-packages/boto3/resources/factory.py", line 565, in do_action
    response = action(self, *args, **kwargs)
  File "/home/airflow/.local/lib/python3.10/site-packages/boto3/resources/action.py", line 88, in __call__
    response = getattr(parent.meta.client, operation_name)(*args, **params)
  File "/home/airflow/.local/lib/python3.10/site-packages/botocore/client.py", line 565, in _api_call
    return self._make_api_call(operation_name, kwargs)
  File "/home/airflow/.local/lib/python3.10/site-packages/botocore/client.py", line 1021, in _make_api_call
    raise error_class(parsed_response, operation_name)
botocore.exceptions.ClientError: An error occurred (404) when calling the HeadObject operation: Not Found
[2025-12-08T10:54:03.463+0000] {taskinstance.py:1206} INFO - Marking task as UP_FOR_RETRY. dag_id=satellite_ingestion, task_id=load_crop_stages, run_id=manual__2025-12-08T10:53:55.768687+00:00, execution_date=20251208T105355, start_date=20251208T105359, end_date=20251208T105403
[2025-12-08T10:54:03.598+0000] {standard_task_runner.py:110} ERROR - Failed to execute job 198 for task load_crop_stages (An error occurred (404) when calling the HeadObject operation: Not Found; 1795)
[2025-12-08T10:54:03.777+0000] {local_task_job_runner.py:240} INFO - Task exited with return code 1
[2025-12-08T10:54:04.193+0000] {taskinstance.py:3503} INFO - 0 downstream tasks scheduled from follow-on schedule check
[2025-12-08T10:54:04.249+0000] {local_task_job_runner.py:222} INFO - ::endgroup::
