[2025-12-09T04:01:11.240+0000] {local_task_job_runner.py:120} INFO - ::group::Pre task execution logs
[2025-12-09T04:01:11.370+0000] {taskinstance.py:2076} INFO - Dependencies all met for dep_context=non-requeueable deps ti=<TaskInstance: model_training_dag_weekly.combine_features_and_labels manual__2025-12-09T04:00:55.221256+00:00 [queued]>
[2025-12-09T04:01:11.417+0000] {taskinstance.py:2076} INFO - Dependencies all met for dep_context=requeueable deps ti=<TaskInstance: model_training_dag_weekly.combine_features_and_labels manual__2025-12-09T04:00:55.221256+00:00 [queued]>
[2025-12-09T04:01:11.419+0000] {taskinstance.py:2306} INFO - Starting attempt 1 of 3
[2025-12-09T04:01:11.462+0000] {taskinstance.py:2330} INFO - Executing <Task(_PythonDecoratedOperator): combine_features_and_labels> on 2025-12-09 04:00:55.221256+00:00
[2025-12-09T04:01:11.482+0000] {standard_task_runner.py:63} INFO - Started process 5735 to run task
[2025-12-09T04:01:11.489+0000] {standard_task_runner.py:90} INFO - Running: ['***', 'tasks', 'run', 'model_training_dag_weekly', 'combine_features_and_labels', 'manual__2025-12-09T04:00:55.221256+00:00', '--job-id', '259', '--raw', '--subdir', 'DAGS_FOLDER/model_training_dag.py', '--cfg-path', '/tmp/tmpyt2w0f9l']
[2025-12-09T04:01:11.500+0000] {standard_task_runner.py:91} INFO - Job 259: Subtask combine_features_and_labels
[2025-12-09T04:01:11.660+0000] {task_command.py:426} INFO - Running <TaskInstance: model_training_dag_weekly.combine_features_and_labels manual__2025-12-09T04:00:55.221256+00:00 [running]> on host caef28cdc6b7
[2025-12-09T04:01:11.990+0000] {taskinstance.py:2648} INFO - Exporting env vars: AIRFLOW_CTX_DAG_OWNER='nuru' AIRFLOW_CTX_DAG_ID='model_training_dag_weekly' AIRFLOW_CTX_TASK_ID='combine_features_and_labels' AIRFLOW_CTX_EXECUTION_DATE='2025-12-09T04:00:55.221256+00:00' AIRFLOW_CTX_TRY_NUMBER='1' AIRFLOW_CTX_DAG_RUN_ID='manual__2025-12-09T04:00:55.221256+00:00'
[2025-12-09T04:01:11.993+0000] {taskinstance.py:430} INFO - ::endgroup::
[2025-12-09T04:01:12.897+0000] {taskinstance.py:441} INFO - ::group::Post task execution logs
[2025-12-09T04:01:12.899+0000] {taskinstance.py:2905} ERROR - Task failed with exception
Traceback (most recent call last):
  File "/home/airflow/.local/lib/python3.10/site-packages/airflow/models/taskinstance.py", line 465, in _execute_task
    result = _execute_callable(context=context, **execute_callable_kwargs)
  File "/home/airflow/.local/lib/python3.10/site-packages/airflow/models/taskinstance.py", line 432, in _execute_callable
    return execute_callable(context=context, **execute_callable_kwargs)
  File "/home/airflow/.local/lib/python3.10/site-packages/airflow/models/baseoperator.py", line 401, in wrapper
    return func(self, *args, **kwargs)
  File "/home/airflow/.local/lib/python3.10/site-packages/airflow/decorators/base.py", line 265, in execute
    return_value = super().execute(context)
  File "/home/airflow/.local/lib/python3.10/site-packages/airflow/models/baseoperator.py", line 401, in wrapper
    return func(self, *args, **kwargs)
  File "/home/airflow/.local/lib/python3.10/site-packages/airflow/operators/python.py", line 235, in execute
    return_value = self.execute_callable()
  File "/home/airflow/.local/lib/python3.10/site-packages/airflow/operators/python.py", line 252, in execute_callable
    return self.python_callable(*self.op_args, **self.op_kwargs)
  File "/opt/airflow/dags/model_training_dag.py", line 348, in combine_features_and_labels
    merged = labels_df.merge(features_df, left_on=left_keys, right_on=right_keys, how="left")
  File "/home/airflow/.local/lib/python3.10/site-packages/pandas/core/frame.py", line 10487, in merge
    return merge(
  File "/home/airflow/.local/lib/python3.10/site-packages/pandas/core/reshape/merge.py", line 169, in merge
    op = _MergeOperation(
  File "/home/airflow/.local/lib/python3.10/site-packages/pandas/core/reshape/merge.py", line 783, in __init__
    self.left_on, self.right_on = self._validate_left_right_on(left_on, right_on)
  File "/home/airflow/.local/lib/python3.10/site-packages/pandas/core/reshape/merge.py", line 1594, in _validate_left_right_on
    raise ValueError("len(right_on) must equal len(left_on)")
ValueError: len(right_on) must equal len(left_on)
[2025-12-09T04:01:12.977+0000] {taskinstance.py:1206} INFO - Marking task as UP_FOR_RETRY. dag_id=model_training_dag_weekly, task_id=combine_features_and_labels, run_id=manual__2025-12-09T04:00:55.221256+00:00, execution_date=20251209T040055, start_date=20251209T040111, end_date=20251209T040112
[2025-12-09T04:01:13.010+0000] {standard_task_runner.py:110} ERROR - Failed to execute job 259 for task combine_features_and_labels (len(right_on) must equal len(left_on); 5735)
[2025-12-09T04:01:13.050+0000] {local_task_job_runner.py:240} INFO - Task exited with return code 1
[2025-12-09T04:01:13.110+0000] {taskinstance.py:3503} INFO - 0 downstream tasks scheduled from follow-on schedule check
[2025-12-09T04:01:13.115+0000] {local_task_job_runner.py:222} INFO - ::endgroup::
